[2024-11-02T14:53:37.794+0000] {taskinstance.py:1157} INFO - Dependencies all met for dep_context=non-requeueable deps ti=<TaskInstance: dimension_batch_ingestion.ingest_branch_dim scheduled__2024-11-01T00:00:00+00:00 [queued]>
[2024-11-02T14:53:37.806+0000] {taskinstance.py:1157} INFO - Dependencies all met for dep_context=requeueable deps ti=<TaskInstance: dimension_batch_ingestion.ingest_branch_dim scheduled__2024-11-01T00:00:00+00:00 [queued]>
[2024-11-02T14:53:37.807+0000] {taskinstance.py:1359} INFO - Starting attempt 1 of 1
[2024-11-02T14:53:37.833+0000] {taskinstance.py:1380} INFO - Executing <Task(BashOperator): ingest_branch_dim> on 2024-11-01 00:00:00+00:00
[2024-11-02T14:53:37.841+0000] {standard_task_runner.py:57} INFO - Started process 4959 to run task
[2024-11-02T14:53:37.848+0000] {standard_task_runner.py:84} INFO - Running: ['***', 'tasks', 'run', 'dimension_batch_ingestion', 'ingest_branch_dim', 'scheduled__2024-11-01T00:00:00+00:00', '--job-id', '1804', '--raw', '--subdir', 'DAGS_FOLDER/loader_dag.py', '--cfg-path', '/tmp/tmplzght9uw']
[2024-11-02T14:53:37.858+0000] {standard_task_runner.py:85} INFO - Job 1804: Subtask ingest_branch_dim
[2024-11-02T14:53:37.947+0000] {task_command.py:415} INFO - Running <TaskInstance: dimension_batch_ingestion.ingest_branch_dim scheduled__2024-11-01T00:00:00+00:00 [running]> on host 5e812a6a7c02
[2024-11-02T14:53:38.077+0000] {taskinstance.py:1660} INFO - Exporting env vars: AIRFLOW_CTX_DAG_OWNER='minhtranquang' AIRFLOW_CTX_DAG_ID='dimension_batch_ingestion' AIRFLOW_CTX_TASK_ID='ingest_branch_dim' AIRFLOW_CTX_EXECUTION_DATE='2024-11-01T00:00:00+00:00' AIRFLOW_CTX_TRY_NUMBER='1' AIRFLOW_CTX_DAG_RUN_ID='scheduled__2024-11-01T00:00:00+00:00'
[2024-11-02T14:53:38.080+0000] {subprocess.py:63} INFO - Tmp dir root location: /tmp
[2024-11-02T14:53:38.083+0000] {subprocess.py:75} INFO - Running command: ['/bin/bash', '-c', 'curl -X POST -F file=@/opt/***/branch_dim_large_data.csv -H "Content-Type: multipart/form-data" "http://pinot-controller:9000/ingestFromFile?tableNameWithType=branch_dim_OFFLINE&batchConfigMapStr=%7B%22inputFormat%22%3A%22csv%22%2C%22recordReader.prop.delimiter%22%3A%22%7C%22%7D"']
[2024-11-02T14:53:38.101+0000] {subprocess.py:86} INFO - Output:
[2024-11-02T14:53:38.116+0000] {subprocess.py:93} INFO -   % Total    % Received % Xferd  Average Speed   Time    Time     Time  Current
[2024-11-02T14:53:38.117+0000] {subprocess.py:93} INFO -                                  Dload  Upload   Total   Spent    Left  Speed
[2024-11-02T14:53:39.061+0000] {subprocess.py:93} INFO -   0     0    0     0    0     0      0      0 --:--:-- --:--:-- --:--:--     0100  4263  100   107  100  4156    113   4402 --:--:-- --:--:-- --:--:--  4511100  4263  100   107  100  4156    113   4402 --:--:-- --:--:-- --:--:--  4511
[2024-11-02T14:53:39.064+0000] {subprocess.py:93} INFO - {"status":"Successfully ingested file into table: branch_dim_OFFLINE as segment: branch_dim_1730559218130"}
[2024-11-02T14:53:39.065+0000] {subprocess.py:97} INFO - Command exited with return code 0
[2024-11-02T14:53:39.123+0000] {taskinstance.py:1398} INFO - Marking task as SUCCESS. dag_id=dimension_batch_ingestion, task_id=ingest_branch_dim, execution_date=20241101T000000, start_date=20241102T145337, end_date=20241102T145339
[2024-11-02T14:53:39.188+0000] {local_task_job_runner.py:228} INFO - Task exited with return code 0
[2024-11-02T14:53:39.225+0000] {taskinstance.py:2776} INFO - 0 downstream tasks scheduled from follow-on schedule check
