[2024-11-02T06:44:15.270+0000] {taskinstance.py:1157} INFO - Dependencies all met for dep_context=non-requeueable deps ti=<TaskInstance: transaction_facts_generator.generate_txn_fact_data manual__2024-11-02T06:44:12.920173+00:00 [queued]>
[2024-11-02T06:44:15.279+0000] {taskinstance.py:1157} INFO - Dependencies all met for dep_context=requeueable deps ti=<TaskInstance: transaction_facts_generator.generate_txn_fact_data manual__2024-11-02T06:44:12.920173+00:00 [queued]>
[2024-11-02T06:44:15.280+0000] {taskinstance.py:1359} INFO - Starting attempt 1 of 1
[2024-11-02T06:44:15.295+0000] {taskinstance.py:1380} INFO - Executing <Task(KafkaProducerOperator): generate_txn_fact_data> on 2024-11-02 06:44:12.920173+00:00
[2024-11-02T06:44:15.299+0000] {standard_task_runner.py:57} INFO - Started process 381 to run task
[2024-11-02T06:44:15.302+0000] {standard_task_runner.py:84} INFO - Running: ['***', 'tasks', 'run', 'transaction_facts_generator', 'generate_txn_fact_data', 'manual__2024-11-02T06:44:12.920173+00:00', '--job-id', '1197', '--raw', '--subdir', 'DAGS_FOLDER/transaction_facts_generator.py', '--cfg-path', '/tmp/tmpdjxxhaa1']
[2024-11-02T06:44:15.305+0000] {standard_task_runner.py:85} INFO - Job 1197: Subtask generate_txn_fact_data
[2024-11-02T06:44:15.351+0000] {task_command.py:415} INFO - Running <TaskInstance: transaction_facts_generator.generate_txn_fact_data manual__2024-11-02T06:44:12.920173+00:00 [running]> on host 5e812a6a7c02
[2024-11-02T06:44:15.426+0000] {taskinstance.py:1660} INFO - Exporting env vars: AIRFLOW_CTX_DAG_OWNER='minhtranquang' AIRFLOW_CTX_DAG_ID='transaction_facts_generator' AIRFLOW_CTX_TASK_ID='generate_txn_fact_data' AIRFLOW_CTX_EXECUTION_DATE='2024-11-02T06:44:12.920173+00:00' AIRFLOW_CTX_TRY_NUMBER='1' AIRFLOW_CTX_DAG_RUN_ID='manual__2024-11-02T06:44:12.920173+00:00'
[2024-11-02T06:44:15.429+0000] {conn.py:380} INFO - <BrokerConnection node_id=bootstrap-0 host=kafka_broker:9092 <connecting> [IPv4 ('172.20.0.4', 9092)]>: connecting to kafka_broker:9092 [('172.20.0.4', 9092) IPv4]
[2024-11-02T06:44:15.429+0000] {conn.py:1205} INFO - Probing node bootstrap-0 broker version
[2024-11-02T06:44:15.431+0000] {conn.py:410} INFO - <BrokerConnection node_id=bootstrap-0 host=kafka_broker:9092 <connecting> [IPv4 ('172.20.0.4', 9092)]>: Connection complete.
[2024-11-02T06:44:15.533+0000] {conn.py:1267} INFO - Broker version identified as 2.5.0
[2024-11-02T06:44:15.533+0000] {conn.py:1268} INFO - Set configuration api_version=(2, 5, 0) to skip auto check_version requests on startup
[2024-11-02T06:44:15.688+0000] {conn.py:380} INFO - <BrokerConnection node_id=0 host=kafka_broker:9092 <connecting> [IPv4 ('172.20.0.4', 9092)]>: connecting to kafka_broker:9092 [('172.20.0.4', 9092) IPv4]
[2024-11-02T06:44:15.689+0000] {conn.py:410} INFO - <BrokerConnection node_id=0 host=kafka_broker:9092 <connecting> [IPv4 ('172.20.0.4', 9092)]>: Connection complete.
[2024-11-02T06:44:15.690+0000] {conn.py:919} INFO - <BrokerConnection node_id=bootstrap-0 host=kafka_broker:9092 <connected> [IPv4 ('172.20.0.4', 9092)]>: Closing connection. 
[2024-11-02T06:44:15.897+0000] {kafka_operator.py:60} INFO - Sent transaction: {'transaction_id': 'T000001', 'transaction_date': 1724741055536, 'account_id': 'A00060', 'customer_id': 'C00018', 'transaction_type': 'Withdrawal', 'currency': 'USD', 'branch_id': 'B00061', 'transaction_amount': 5512.13, 'exchange_rate': 0.8065}
[2024-11-02T06:44:15.899+0000] {kafka_operator.py:60} INFO - Sent transaction: {'transaction_id': 'T000002', 'transaction_date': 1729233855899, 'account_id': 'A00030', 'customer_id': 'C00042', 'transaction_type': 'Deposit', 'currency': 'GBP', 'branch_id': 'B00020', 'transaction_amount': 3000.62, 'exchange_rate': 1.1557}
[2024-11-02T06:44:15.901+0000] {kafka_operator.py:60} INFO - Sent transaction: {'transaction_id': 'T000003', 'transaction_date': 1720766655900, 'account_id': 'A00061', 'customer_id': 'C00084', 'transaction_type': 'Credit', 'currency': 'GBP', 'branch_id': 'B00029', 'transaction_amount': 2120.4, 'exchange_rate': 1.3261}
[2024-11-02T06:44:15.902+0000] {kafka_operator.py:60} INFO - Sent transaction: {'transaction_id': 'T000004', 'transaction_date': 1702881855902, 'account_id': 'A00094', 'customer_id': 'C00046', 'transaction_type': 'Transfer', 'currency': 'GBP', 'branch_id': 'B00089', 'transaction_amount': 4120.13, 'exchange_rate': 0.8192}
[2024-11-02T06:44:15.903+0000] {kafka_operator.py:60} INFO - Sent transaction: {'transaction_id': 'T000005', 'transaction_date': 1708670655903, 'account_id': 'A00060', 'customer_id': 'C00065', 'transaction_type': 'Withdrawal', 'currency': 'GBP', 'branch_id': 'B00048', 'transaction_amount': 3309.93, 'exchange_rate': 1.02}
[2024-11-02T06:44:15.904+0000] {kafka_operator.py:60} INFO - Sent transaction: {'transaction_id': 'T000006', 'transaction_date': 1713509055904, 'account_id': 'A00039', 'customer_id': 'C00023', 'transaction_type': 'Deposit', 'currency': 'USD', 'branch_id': 'B00088', 'transaction_amount': 7264.47, 'exchange_rate': 0.9575}
[2024-11-02T06:44:15.905+0000] {kafka_operator.py:60} INFO - Sent transaction: {'transaction_id': 'T000007', 'transaction_date': 1722062655905, 'account_id': 'A00077', 'customer_id': 'C00060', 'transaction_type': 'Credit', 'currency': 'EUR', 'branch_id': 'B00044', 'transaction_amount': 39.26, 'exchange_rate': 1.4534}
[2024-11-02T06:44:15.906+0000] {kafka_operator.py:60} INFO - Sent transaction: {'transaction_id': 'T000008', 'transaction_date': 1705128255906, 'account_id': 'A00076', 'customer_id': 'C00090', 'transaction_type': 'Transfer', 'currency': 'GBP', 'branch_id': 'B00078', 'transaction_amount': 2058.89, 'exchange_rate': 1.3385}
[2024-11-02T06:44:15.907+0000] {kafka_operator.py:60} INFO - Sent transaction: {'transaction_id': 'T000009', 'transaction_date': 1729752255907, 'account_id': 'A00037', 'customer_id': 'C00017', 'transaction_type': 'Credit', 'currency': 'USD', 'branch_id': 'B00028', 'transaction_amount': 2099.28, 'exchange_rate': 1.453}
[2024-11-02T06:44:15.909+0000] {kafka_operator.py:60} INFO - Sent transaction: {'transaction_id': 'T000010', 'transaction_date': 1729925055909, 'account_id': 'A00072', 'customer_id': 'C00019', 'transaction_type': 'Transfer', 'currency': 'GBP', 'branch_id': 'B00090', 'transaction_amount': 5231.87, 'exchange_rate': 1.3102}
[2024-11-02T06:44:15.910+0000] {kafka_operator.py:60} INFO - Sent transaction: {'transaction_id': 'T000011', 'transaction_date': 1724913855910, 'account_id': 'A00016', 'customer_id': 'C00055', 'transaction_type': 'Debit', 'currency': 'GBP', 'branch_id': 'B00008', 'transaction_amount': 2519.13, 'exchange_rate': 0.7305}
[2024-11-02T06:44:15.911+0000] {kafka_operator.py:60} INFO - Sent transaction: {'transaction_id': 'T000012', 'transaction_date': 1726123455911, 'account_id': 'A00096', 'customer_id': 'C00048', 'transaction_type': 'Withdrawal', 'currency': 'EUR', 'branch_id': 'B00074', 'transaction_amount': 835.37, 'exchange_rate': 0.6377}
[2024-11-02T06:44:15.912+0000] {kafka_operator.py:60} INFO - Sent transaction: {'transaction_id': 'T000013', 'transaction_date': 1726382655912, 'account_id': 'A00085', 'customer_id': 'C00040', 'transaction_type': 'Transfer', 'currency': 'USD', 'branch_id': 'B00061', 'transaction_amount': 380.16, 'exchange_rate': 1.2565}
[2024-11-02T06:44:15.913+0000] {kafka_operator.py:60} INFO - Sent transaction: {'transaction_id': 'T000014', 'transaction_date': 1715150655913, 'account_id': 'A00030', 'customer_id': 'C00046', 'transaction_type': 'Deposit', 'currency': 'GBP', 'branch_id': 'B00080', 'transaction_amount': 4914.41, 'exchange_rate': 0.9614}
[2024-11-02T06:44:15.915+0000] {kafka_operator.py:60} INFO - Sent transaction: {'transaction_id': 'T000015', 'transaction_date': 1718174655914, 'account_id': 'A00067', 'customer_id': 'C00037', 'transaction_type': 'Credit', 'currency': 'EUR', 'branch_id': 'B00080', 'transaction_amount': 799.29, 'exchange_rate': 1.1054}
[2024-11-02T06:44:15.916+0000] {kafka_operator.py:60} INFO - Sent transaction: {'transaction_id': 'T000016', 'transaction_date': 1701585855916, 'account_id': 'A00028', 'customer_id': 'C00048', 'transaction_type': 'Debit', 'currency': 'EUR', 'branch_id': 'B00005', 'transaction_amount': 9710.04, 'exchange_rate': 0.6268}
[2024-11-02T06:44:15.918+0000] {kafka_operator.py:60} INFO - Sent transaction: {'transaction_id': 'T000017', 'transaction_date': 1720766655918, 'account_id': 'A00056', 'customer_id': 'C00021', 'transaction_type': 'Deposit', 'currency': 'USD', 'branch_id': 'B00015', 'transaction_amount': 3108.17, 'exchange_rate': 0.7275}
[2024-11-02T06:44:15.919+0000] {kafka_operator.py:60} INFO - Sent transaction: {'transaction_id': 'T000018', 'transaction_date': 1716533055919, 'account_id': 'A00033', 'customer_id': 'C00060', 'transaction_type': 'Transfer', 'currency': 'EUR', 'branch_id': 'B00057', 'transaction_amount': 5229.53, 'exchange_rate': 1.36}
[2024-11-02T06:44:15.920+0000] {kafka_operator.py:60} INFO - Sent transaction: {'transaction_id': 'T000019', 'transaction_date': 1703313855920, 'account_id': 'A00031', 'customer_id': 'C00002', 'transaction_type': 'Debit', 'currency': 'EUR', 'branch_id': 'B00070', 'transaction_amount': 9956.21, 'exchange_rate': 1.2577}
[2024-11-02T06:44:15.922+0000] {kafka_operator.py:60} INFO - Sent transaction: {'transaction_id': 'T000020', 'transaction_date': 1699339455921, 'account_id': 'A00073', 'customer_id': 'C00024', 'transaction_type': 'Credit', 'currency': 'GBP', 'branch_id': 'B00055', 'transaction_amount': 1375.97, 'exchange_rate': 0.535}
[2024-11-02T06:44:15.923+0000] {kafka_operator.py:60} INFO - Sent transaction: {'transaction_id': 'T000021', 'transaction_date': 1727246655923, 'account_id': 'A00051', 'customer_id': 'C00013', 'transaction_type': 'Credit', 'currency': 'EUR', 'branch_id': 'B00043', 'transaction_amount': 396.97, 'exchange_rate': 1.3803}
[2024-11-02T06:44:15.924+0000] {kafka_operator.py:60} INFO - Sent transaction: {'transaction_id': 'T000022', 'transaction_date': 1722494655924, 'account_id': 'A00091', 'customer_id': 'C00062', 'transaction_type': 'Transfer', 'currency': 'GBP', 'branch_id': 'B00037', 'transaction_amount': 7938.23, 'exchange_rate': 0.9035}
[2024-11-02T06:44:15.925+0000] {kafka_operator.py:60} INFO - Sent transaction: {'transaction_id': 'T000023', 'transaction_date': 1723617855925, 'account_id': 'A00090', 'customer_id': 'C00069', 'transaction_type': 'Debit', 'currency': 'GBP', 'branch_id': 'B00016', 'transaction_amount': 5207.19, 'exchange_rate': 0.5761}
[2024-11-02T06:44:15.926+0000] {kafka_operator.py:60} INFO - Sent transaction: {'transaction_id': 'T000024', 'transaction_date': 1709621055926, 'account_id': 'A00008', 'customer_id': 'C00068', 'transaction_type': 'Withdrawal', 'currency': 'USD', 'branch_id': 'B00076', 'transaction_amount': 4643.26, 'exchange_rate': 0.7214}
[2024-11-02T06:44:15.927+0000] {kafka_operator.py:60} INFO - Sent transaction: {'transaction_id': 'T000025', 'transaction_date': 1724222655927, 'account_id': 'A00041', 'customer_id': 'C00093', 'transaction_type': 'Transfer', 'currency': 'EUR', 'branch_id': 'B00085', 'transaction_amount': 8897.29, 'exchange_rate': 0.9598}
[2024-11-02T06:44:15.928+0000] {kafka_operator.py:60} INFO - Sent transaction: {'transaction_id': 'T000026', 'transaction_date': 1726555455928, 'account_id': 'A00032', 'customer_id': 'C00051', 'transaction_type': 'Transfer', 'currency': 'EUR', 'branch_id': 'B00009', 'transaction_amount': 9283.95, 'exchange_rate': 0.6741}
[2024-11-02T06:44:15.930+0000] {kafka_operator.py:60} INFO - Sent transaction: {'transaction_id': 'T000027', 'transaction_date': 1725518655929, 'account_id': 'A00028', 'customer_id': 'C00096', 'transaction_type': 'Transfer', 'currency': 'EUR', 'branch_id': 'B00061', 'transaction_amount': 2026.65, 'exchange_rate': 1.2893}
[2024-11-02T06:44:15.931+0000] {kafka_operator.py:60} INFO - Sent transaction: {'transaction_id': 'T000028', 'transaction_date': 1716878655931, 'account_id': 'A00022', 'customer_id': 'C00061', 'transaction_type': 'Credit', 'currency': 'GBP', 'branch_id': 'B00077', 'transaction_amount': 5873.33, 'exchange_rate': 0.7169}
[2024-11-02T06:44:15.933+0000] {kafka_operator.py:60} INFO - Sent transaction: {'transaction_id': 'T000029', 'transaction_date': 1713854655932, 'account_id': 'A00096', 'customer_id': 'C00009', 'transaction_type': 'Transfer', 'currency': 'USD', 'branch_id': 'B00003', 'transaction_amount': 373.61, 'exchange_rate': 1.0721}
[2024-11-02T06:44:15.934+0000] {kafka_operator.py:60} INFO - Sent transaction: {'transaction_id': 'T000030', 'transaction_date': 1709448255934, 'account_id': 'A00061', 'customer_id': 'C00024', 'transaction_type': 'Deposit', 'currency': 'EUR', 'branch_id': 'B00085', 'transaction_amount': 704.62, 'exchange_rate': 1.232}
[2024-11-02T06:44:15.935+0000] {kafka_operator.py:60} INFO - Sent transaction: {'transaction_id': 'T000031', 'transaction_date': 1707374655935, 'account_id': 'A00004', 'customer_id': 'C00050', 'transaction_type': 'Credit', 'currency': 'EUR', 'branch_id': 'B00057', 'transaction_amount': 622.21, 'exchange_rate': 0.9601}
[2024-11-02T06:44:15.937+0000] {kafka_operator.py:60} INFO - Sent transaction: {'transaction_id': 'T000032', 'transaction_date': 1728456255937, 'account_id': 'A00051', 'customer_id': 'C00020', 'transaction_type': 'Credit', 'currency': 'GBP', 'branch_id': 'B00072', 'transaction_amount': 3591.91, 'exchange_rate': 0.8267}
[2024-11-02T06:44:15.938+0000] {kafka_operator.py:60} INFO - Sent transaction: {'transaction_id': 'T000033', 'transaction_date': 1711089855938, 'account_id': 'A00056', 'customer_id': 'C00053', 'transaction_type': 'Credit', 'currency': 'GBP', 'branch_id': 'B00013', 'transaction_amount': 2664.59, 'exchange_rate': 0.8127}
[2024-11-02T06:44:15.939+0000] {kafka_operator.py:60} INFO - Sent transaction: {'transaction_id': 'T000034', 'transaction_date': 1705301055939, 'account_id': 'A00093', 'customer_id': 'C00052', 'transaction_type': 'Withdrawal', 'currency': 'EUR', 'branch_id': 'B00052', 'transaction_amount': 2185.71, 'exchange_rate': 1.2854}
[2024-11-02T06:44:15.940+0000] {kafka_operator.py:60} INFO - Sent transaction: {'transaction_id': 'T000035', 'transaction_date': 1719989055940, 'account_id': 'A00019', 'customer_id': 'C00023', 'transaction_type': 'Debit', 'currency': 'USD', 'branch_id': 'B00041', 'transaction_amount': 6119.1, 'exchange_rate': 1.1876}
[2024-11-02T06:44:15.941+0000] {kafka_operator.py:60} INFO - Sent transaction: {'transaction_id': 'T000036', 'transaction_date': 1725777855941, 'account_id': 'A00030', 'customer_id': 'C00097', 'transaction_type': 'Deposit', 'currency': 'GBP', 'branch_id': 'B00012', 'transaction_amount': 843.28, 'exchange_rate': 0.8996}
[2024-11-02T06:44:15.943+0000] {kafka_operator.py:60} INFO - Sent transaction: {'transaction_id': 'T000037', 'transaction_date': 1714805055942, 'account_id': 'A00027', 'customer_id': 'C00013', 'transaction_type': 'Deposit', 'currency': 'GBP', 'branch_id': 'B00084', 'transaction_amount': 8451.8, 'exchange_rate': 0.7971}
[2024-11-02T06:44:15.944+0000] {kafka_operator.py:60} INFO - Sent transaction: {'transaction_id': 'T000038', 'transaction_date': 1724395455943, 'account_id': 'A00049', 'customer_id': 'C00024', 'transaction_type': 'Credit', 'currency': 'GBP', 'branch_id': 'B00009', 'transaction_amount': 7426.96, 'exchange_rate': 0.8364}
[2024-11-02T06:44:15.945+0000] {kafka_operator.py:60} INFO - Sent transaction: {'transaction_id': 'T000039', 'transaction_date': 1721889855945, 'account_id': 'A00056', 'customer_id': 'C00074', 'transaction_type': 'Withdrawal', 'currency': 'GBP', 'branch_id': 'B00018', 'transaction_amount': 6089.12, 'exchange_rate': 0.8578}
[2024-11-02T06:44:15.946+0000] {kafka_operator.py:60} INFO - Sent transaction: {'transaction_id': 'T000040', 'transaction_date': 1713077055946, 'account_id': 'A00072', 'customer_id': 'C00064', 'transaction_type': 'Withdrawal', 'currency': 'EUR', 'branch_id': 'B00036', 'transaction_amount': 3092.03, 'exchange_rate': 0.664}
[2024-11-02T06:44:15.948+0000] {kafka_operator.py:60} INFO - Sent transaction: {'transaction_id': 'T000041', 'transaction_date': 1725259455948, 'account_id': 'A00067', 'customer_id': 'C00077', 'transaction_type': 'Withdrawal', 'currency': 'EUR', 'branch_id': 'B00078', 'transaction_amount': 6153.32, 'exchange_rate': 1.2722}
[2024-11-02T06:44:15.950+0000] {kafka_operator.py:60} INFO - Sent transaction: {'transaction_id': 'T000042', 'transaction_date': 1717829055949, 'account_id': 'A00081', 'customer_id': 'C00091', 'transaction_type': 'Deposit', 'currency': 'EUR', 'branch_id': 'B00029', 'transaction_amount': 3592.37, 'exchange_rate': 0.8999}
[2024-11-02T06:44:15.951+0000] {kafka_operator.py:60} INFO - Sent transaction: {'transaction_id': 'T000043', 'transaction_date': 1719297855951, 'account_id': 'A00097', 'customer_id': 'C00090', 'transaction_type': 'Transfer', 'currency': 'USD', 'branch_id': 'B00056', 'transaction_amount': 31.24, 'exchange_rate': 1.0077}
[2024-11-02T06:44:15.952+0000] {kafka_operator.py:60} INFO - Sent transaction: {'transaction_id': 'T000044', 'transaction_date': 1713941055952, 'account_id': 'A00100', 'customer_id': 'C00043', 'transaction_type': 'Credit', 'currency': 'USD', 'branch_id': 'B00038', 'transaction_amount': 8946.0, 'exchange_rate': 0.9966}
[2024-11-02T06:44:15.953+0000] {kafka_operator.py:60} INFO - Sent transaction: {'transaction_id': 'T000045', 'transaction_date': 1708065855953, 'account_id': 'A00030', 'customer_id': 'C00015', 'transaction_type': 'Transfer', 'currency': 'EUR', 'branch_id': 'B00060', 'transaction_amount': 4637.83, 'exchange_rate': 0.7715}
[2024-11-02T06:44:15.955+0000] {kafka_operator.py:60} INFO - Sent transaction: {'transaction_id': 'T000046', 'transaction_date': 1707806655955, 'account_id': 'A00074', 'customer_id': 'C00009', 'transaction_type': 'Debit', 'currency': 'USD', 'branch_id': 'B00073', 'transaction_amount': 3343.83, 'exchange_rate': 1.2096}
[2024-11-02T06:44:15.956+0000] {kafka_operator.py:60} INFO - Sent transaction: {'transaction_id': 'T000047', 'transaction_date': 1720680255956, 'account_id': 'A00047', 'customer_id': 'C00034', 'transaction_type': 'Transfer', 'currency': 'EUR', 'branch_id': 'B00047', 'transaction_amount': 1113.47, 'exchange_rate': 0.8582}
[2024-11-02T06:44:15.957+0000] {kafka_operator.py:60} INFO - Sent transaction: {'transaction_id': 'T000048', 'transaction_date': 1719643455957, 'account_id': 'A00021', 'customer_id': 'C00061', 'transaction_type': 'Deposit', 'currency': 'EUR', 'branch_id': 'B00074', 'transaction_amount': 4950.95, 'exchange_rate': 1.2704}
[2024-11-02T06:44:15.958+0000] {kafka_operator.py:60} INFO - Sent transaction: {'transaction_id': 'T000049', 'transaction_date': 1716878655958, 'account_id': 'A00083', 'customer_id': 'C00026', 'transaction_type': 'Credit', 'currency': 'EUR', 'branch_id': 'B00095', 'transaction_amount': 8228.97, 'exchange_rate': 0.7601}
[2024-11-02T06:44:15.959+0000] {kafka_operator.py:60} INFO - Sent transaction: {'transaction_id': 'T000050', 'transaction_date': 1719297855959, 'account_id': 'A00059', 'customer_id': 'C00068', 'transaction_type': 'Deposit', 'currency': 'GBP', 'branch_id': 'B00013', 'transaction_amount': 5066.93, 'exchange_rate': 1.1324}
[2024-11-02T06:44:15.960+0000] {kafka_operator.py:60} INFO - Sent transaction: {'transaction_id': 'T000051', 'transaction_date': 1718261055960, 'account_id': 'A00066', 'customer_id': 'C00054', 'transaction_type': 'Credit', 'currency': 'EUR', 'branch_id': 'B00035', 'transaction_amount': 2811.65, 'exchange_rate': 0.8422}
[2024-11-02T06:44:15.961+0000] {kafka_operator.py:60} INFO - Sent transaction: {'transaction_id': 'T000052', 'transaction_date': 1708670655961, 'account_id': 'A00059', 'customer_id': 'C00061', 'transaction_type': 'Withdrawal', 'currency': 'USD', 'branch_id': 'B00085', 'transaction_amount': 3353.13, 'exchange_rate': 0.7132}
[2024-11-02T06:44:15.962+0000] {kafka_operator.py:60} INFO - Sent transaction: {'transaction_id': 'T000053', 'transaction_date': 1725173055962, 'account_id': 'A00084', 'customer_id': 'C00096', 'transaction_type': 'Deposit', 'currency': 'GBP', 'branch_id': 'B00042', 'transaction_amount': 5580.62, 'exchange_rate': 0.8266}
[2024-11-02T06:44:15.964+0000] {kafka_operator.py:60} INFO - Sent transaction: {'transaction_id': 'T000054', 'transaction_date': 1726382655963, 'account_id': 'A00033', 'customer_id': 'C00019', 'transaction_type': 'Debit', 'currency': 'GBP', 'branch_id': 'B00041', 'transaction_amount': 4495.41, 'exchange_rate': 1.4625}
[2024-11-02T06:44:15.965+0000] {kafka_operator.py:60} INFO - Sent transaction: {'transaction_id': 'T000055', 'transaction_date': 1712472255965, 'account_id': 'A00024', 'customer_id': 'C00041', 'transaction_type': 'Deposit', 'currency': 'EUR', 'branch_id': 'B00045', 'transaction_amount': 7142.98, 'exchange_rate': 0.669}
[2024-11-02T06:44:15.967+0000] {kafka_operator.py:60} INFO - Sent transaction: {'transaction_id': 'T000056', 'transaction_date': 1702104255966, 'account_id': 'A00095', 'customer_id': 'C00043', 'transaction_type': 'Credit', 'currency': 'EUR', 'branch_id': 'B00050', 'transaction_amount': 8883.72, 'exchange_rate': 1.4174}
[2024-11-02T06:44:15.968+0000] {kafka_operator.py:60} INFO - Sent transaction: {'transaction_id': 'T000057', 'transaction_date': 1727765055967, 'account_id': 'A00065', 'customer_id': 'C00019', 'transaction_type': 'Withdrawal', 'currency': 'USD', 'branch_id': 'B00092', 'transaction_amount': 7356.62, 'exchange_rate': 1.0539}
[2024-11-02T06:44:15.969+0000] {kafka_operator.py:60} INFO - Sent transaction: {'transaction_id': 'T000058', 'transaction_date': 1730011455969, 'account_id': 'A00095', 'customer_id': 'C00093', 'transaction_type': 'Credit', 'currency': 'USD', 'branch_id': 'B00028', 'transaction_amount': 6327.71, 'exchange_rate': 1.2964}
[2024-11-02T06:44:15.970+0000] {kafka_operator.py:60} INFO - Sent transaction: {'transaction_id': 'T000059', 'transaction_date': 1707893055970, 'account_id': 'A00022', 'customer_id': 'C00083', 'transaction_type': 'Debit', 'currency': 'GBP', 'branch_id': 'B00042', 'transaction_amount': 3232.4, 'exchange_rate': 1.1917}
[2024-11-02T06:44:15.971+0000] {kafka_operator.py:60} INFO - Sent transaction: {'transaction_id': 'T000060', 'transaction_date': 1721717055971, 'account_id': 'A00066', 'customer_id': 'C00076', 'transaction_type': 'Transfer', 'currency': 'EUR', 'branch_id': 'B00080', 'transaction_amount': 3963.91, 'exchange_rate': 1.0552}
[2024-11-02T06:44:15.972+0000] {kafka_operator.py:60} INFO - Sent transaction: {'transaction_id': 'T000061', 'transaction_date': 1701153855972, 'account_id': 'A00055', 'customer_id': 'C00044', 'transaction_type': 'Withdrawal', 'currency': 'USD', 'branch_id': 'B00027', 'transaction_amount': 6031.78, 'exchange_rate': 0.7005}
[2024-11-02T06:44:15.973+0000] {kafka_operator.py:60} INFO - Sent transaction: {'transaction_id': 'T000062', 'transaction_date': 1719470655973, 'account_id': 'A00001', 'customer_id': 'C00053', 'transaction_type': 'Debit', 'currency': 'EUR', 'branch_id': 'B00081', 'transaction_amount': 9356.83, 'exchange_rate': 0.7895}
[2024-11-02T06:44:15.975+0000] {kafka_operator.py:60} INFO - Sent transaction: {'transaction_id': 'T000063', 'transaction_date': 1719384255974, 'account_id': 'A00085', 'customer_id': 'C00093', 'transaction_type': 'Transfer', 'currency': 'GBP', 'branch_id': 'B00032', 'transaction_amount': 6990.1, 'exchange_rate': 0.5678}
[2024-11-02T06:44:15.976+0000] {kafka_operator.py:60} INFO - Sent transaction: {'transaction_id': 'T000064', 'transaction_date': 1728801855976, 'account_id': 'A00068', 'customer_id': 'C00036', 'transaction_type': 'Credit', 'currency': 'GBP', 'branch_id': 'B00051', 'transaction_amount': 1668.37, 'exchange_rate': 1.0482}
[2024-11-02T06:44:15.977+0000] {kafka_operator.py:60} INFO - Sent transaction: {'transaction_id': 'T000065', 'transaction_date': 1704350655977, 'account_id': 'A00025', 'customer_id': 'C00011', 'transaction_type': 'Credit', 'currency': 'EUR', 'branch_id': 'B00080', 'transaction_amount': 2490.06, 'exchange_rate': 1.2096}
[2024-11-02T06:44:15.978+0000] {kafka_operator.py:60} INFO - Sent transaction: {'transaction_id': 'T000066', 'transaction_date': 1716273855978, 'account_id': 'A00018', 'customer_id': 'C00006', 'transaction_type': 'Transfer', 'currency': 'EUR', 'branch_id': 'B00069', 'transaction_amount': 2351.26, 'exchange_rate': 0.8026}
[2024-11-02T06:44:15.979+0000] {kafka_operator.py:60} INFO - Sent transaction: {'transaction_id': 'T000067', 'transaction_date': 1714373055979, 'account_id': 'A00022', 'customer_id': 'C00099', 'transaction_type': 'Credit', 'currency': 'EUR', 'branch_id': 'B00061', 'transaction_amount': 7202.81, 'exchange_rate': 1.1765}
[2024-11-02T06:44:15.981+0000] {kafka_operator.py:60} INFO - Sent transaction: {'transaction_id': 'T000068', 'transaction_date': 1703659455981, 'account_id': 'A00042', 'customer_id': 'C00018', 'transaction_type': 'Withdrawal', 'currency': 'USD', 'branch_id': 'B00098', 'transaction_amount': 6400.82, 'exchange_rate': 0.7178}
[2024-11-02T06:44:15.982+0000] {kafka_operator.py:60} INFO - Sent transaction: {'transaction_id': 'T000069', 'transaction_date': 1715841855982, 'account_id': 'A00077', 'customer_id': 'C00070', 'transaction_type': 'Transfer', 'currency': 'EUR', 'branch_id': 'B00065', 'transaction_amount': 5215.0, 'exchange_rate': 0.9508}
[2024-11-02T06:44:15.984+0000] {kafka_operator.py:60} INFO - Sent transaction: {'transaction_id': 'T000070', 'transaction_date': 1704609855984, 'account_id': 'A00084', 'customer_id': 'C00024', 'transaction_type': 'Deposit', 'currency': 'USD', 'branch_id': 'B00058', 'transaction_amount': 7992.6, 'exchange_rate': 0.7907}
[2024-11-02T06:44:15.985+0000] {kafka_operator.py:60} INFO - Sent transaction: {'transaction_id': 'T000071', 'transaction_date': 1714113855985, 'account_id': 'A00025', 'customer_id': 'C00050', 'transaction_type': 'Credit', 'currency': 'USD', 'branch_id': 'B00017', 'transaction_amount': 2807.93, 'exchange_rate': 1.3542}
[2024-11-02T06:44:15.986+0000] {kafka_operator.py:60} INFO - Sent transaction: {'transaction_id': 'T000072', 'transaction_date': 1724654655986, 'account_id': 'A00010', 'customer_id': 'C00055', 'transaction_type': 'Withdrawal', 'currency': 'EUR', 'branch_id': 'B00016', 'transaction_amount': 9595.28, 'exchange_rate': 0.9688}
[2024-11-02T06:44:15.987+0000] {kafka_operator.py:60} INFO - Sent transaction: {'transaction_id': 'T000073', 'transaction_date': 1708065855987, 'account_id': 'A00003', 'customer_id': 'C00001', 'transaction_type': 'Transfer', 'currency': 'GBP', 'branch_id': 'B00057', 'transaction_amount': 4547.36, 'exchange_rate': 1.0418}
[2024-11-02T06:44:15.989+0000] {kafka_operator.py:60} INFO - Sent transaction: {'transaction_id': 'T000074', 'transaction_date': 1715150655988, 'account_id': 'A00015', 'customer_id': 'C00012', 'transaction_type': 'Debit', 'currency': 'EUR', 'branch_id': 'B00036', 'transaction_amount': 8606.08, 'exchange_rate': 1.3484}
[2024-11-02T06:44:15.990+0000] {kafka_operator.py:60} INFO - Sent transaction: {'transaction_id': 'T000075', 'transaction_date': 1728715455989, 'account_id': 'A00039', 'customer_id': 'C00038', 'transaction_type': 'Withdrawal', 'currency': 'EUR', 'branch_id': 'B00071', 'transaction_amount': 3508.13, 'exchange_rate': 0.9963}
[2024-11-02T06:44:15.991+0000] {kafka_operator.py:60} INFO - Sent transaction: {'transaction_id': 'T000076', 'transaction_date': 1708929855991, 'account_id': 'A00031', 'customer_id': 'C00039', 'transaction_type': 'Deposit', 'currency': 'GBP', 'branch_id': 'B00017', 'transaction_amount': 54.0, 'exchange_rate': 0.6481}
[2024-11-02T06:44:15.992+0000] {kafka_operator.py:60} INFO - Sent transaction: {'transaction_id': 'T000077', 'transaction_date': 1713163455992, 'account_id': 'A00090', 'customer_id': 'C00007', 'transaction_type': 'Withdrawal', 'currency': 'GBP', 'branch_id': 'B00094', 'transaction_amount': 3391.24, 'exchange_rate': 1.1315}
[2024-11-02T06:44:15.993+0000] {kafka_operator.py:60} INFO - Sent transaction: {'transaction_id': 'T000078', 'transaction_date': 1725000255993, 'account_id': 'A00038', 'customer_id': 'C00096', 'transaction_type': 'Transfer', 'currency': 'GBP', 'branch_id': 'B00029', 'transaction_amount': 5827.98, 'exchange_rate': 1.4539}
[2024-11-02T06:44:15.994+0000] {kafka_operator.py:60} INFO - Sent transaction: {'transaction_id': 'T000079', 'transaction_date': 1721285055994, 'account_id': 'A00067', 'customer_id': 'C00052', 'transaction_type': 'Deposit', 'currency': 'USD', 'branch_id': 'B00072', 'transaction_amount': 8126.77, 'exchange_rate': 0.7153}
[2024-11-02T06:44:15.995+0000] {kafka_operator.py:60} INFO - Sent transaction: {'transaction_id': 'T000080', 'transaction_date': 1702709055995, 'account_id': 'A00087', 'customer_id': 'C00044', 'transaction_type': 'Withdrawal', 'currency': 'USD', 'branch_id': 'B00093', 'transaction_amount': 634.35, 'exchange_rate': 1.0581}
[2024-11-02T06:44:15.996+0000] {kafka_operator.py:60} INFO - Sent transaction: {'transaction_id': 'T000081', 'transaction_date': 1713681855996, 'account_id': 'A00041', 'customer_id': 'C00085', 'transaction_type': 'Credit', 'currency': 'EUR', 'branch_id': 'B00083', 'transaction_amount': 8413.06, 'exchange_rate': 1.0242}
[2024-11-02T06:44:15.998+0000] {kafka_operator.py:60} INFO - Sent transaction: {'transaction_id': 'T000082', 'transaction_date': 1716187455997, 'account_id': 'A00085', 'customer_id': 'C00025', 'transaction_type': 'Credit', 'currency': 'GBP', 'branch_id': 'B00035', 'transaction_amount': 8673.38, 'exchange_rate': 0.5514}
[2024-11-02T06:44:15.999+0000] {kafka_operator.py:60} INFO - Sent transaction: {'transaction_id': 'T000083', 'transaction_date': 1705646655999, 'account_id': 'A00020', 'customer_id': 'C00070', 'transaction_type': 'Deposit', 'currency': 'EUR', 'branch_id': 'B00096', 'transaction_amount': 8813.32, 'exchange_rate': 1.1908}
[2024-11-02T06:44:16.001+0000] {kafka_operator.py:60} INFO - Sent transaction: {'transaction_id': 'T000084', 'transaction_date': 1700030656001, 'account_id': 'A00045', 'customer_id': 'C00057', 'transaction_type': 'Credit', 'currency': 'USD', 'branch_id': 'B00046', 'transaction_amount': 5716.85, 'exchange_rate': 0.8334}
[2024-11-02T06:44:16.002+0000] {kafka_operator.py:60} INFO - Sent transaction: {'transaction_id': 'T000085', 'transaction_date': 1702795456002, 'account_id': 'A00004', 'customer_id': 'C00039', 'transaction_type': 'Withdrawal', 'currency': 'USD', 'branch_id': 'B00016', 'transaction_amount': 5360.45, 'exchange_rate': 0.5171}
[2024-11-02T06:44:16.003+0000] {kafka_operator.py:60} INFO - Sent transaction: {'transaction_id': 'T000086', 'transaction_date': 1712817856003, 'account_id': 'A00100', 'customer_id': 'C00093', 'transaction_type': 'Debit', 'currency': 'EUR', 'branch_id': 'B00073', 'transaction_amount': 8118.84, 'exchange_rate': 0.5476}
[2024-11-02T06:44:16.004+0000] {kafka_operator.py:60} INFO - Sent transaction: {'transaction_id': 'T000087', 'transaction_date': 1700894656004, 'account_id': 'A00005', 'customer_id': 'C00044', 'transaction_type': 'Transfer', 'currency': 'EUR', 'branch_id': 'B00065', 'transaction_amount': 6827.97, 'exchange_rate': 0.6368}
[2024-11-02T06:44:16.005+0000] {kafka_operator.py:60} INFO - Sent transaction: {'transaction_id': 'T000088', 'transaction_date': 1721371456005, 'account_id': 'A00026', 'customer_id': 'C00059', 'transaction_type': 'Transfer', 'currency': 'USD', 'branch_id': 'B00098', 'transaction_amount': 6318.69, 'exchange_rate': 0.7011}
[2024-11-02T06:44:16.007+0000] {kafka_operator.py:60} INFO - Sent transaction: {'transaction_id': 'T000089', 'transaction_date': 1700289856006, 'account_id': 'A00070', 'customer_id': 'C00026', 'transaction_type': 'Transfer', 'currency': 'GBP', 'branch_id': 'B00025', 'transaction_amount': 2869.49, 'exchange_rate': 1.2306}
[2024-11-02T06:44:16.008+0000] {kafka_operator.py:60} INFO - Sent transaction: {'transaction_id': 'T000090', 'transaction_date': 1707461056007, 'account_id': 'A00074', 'customer_id': 'C00072', 'transaction_type': 'Credit', 'currency': 'USD', 'branch_id': 'B00094', 'transaction_amount': 5201.19, 'exchange_rate': 0.8211}
[2024-11-02T06:44:16.009+0000] {kafka_operator.py:60} INFO - Sent transaction: {'transaction_id': 'T000091', 'transaction_date': 1701240256009, 'account_id': 'A00029', 'customer_id': 'C00046', 'transaction_type': 'Withdrawal', 'currency': 'USD', 'branch_id': 'B00021', 'transaction_amount': 8734.19, 'exchange_rate': 1.2505}
[2024-11-02T06:44:16.010+0000] {kafka_operator.py:60} INFO - Sent transaction: {'transaction_id': 'T000092', 'transaction_date': 1722149056009, 'account_id': 'A00098', 'customer_id': 'C00070', 'transaction_type': 'Credit', 'currency': 'GBP', 'branch_id': 'B00096', 'transaction_amount': 8974.92, 'exchange_rate': 0.7884}
[2024-11-02T06:44:16.011+0000] {kafka_operator.py:60} INFO - Sent transaction: {'transaction_id': 'T000093', 'transaction_date': 1702795456011, 'account_id': 'A00043', 'customer_id': 'C00045', 'transaction_type': 'Transfer', 'currency': 'EUR', 'branch_id': 'B00044', 'transaction_amount': 602.04, 'exchange_rate': 1.4998}
[2024-11-02T06:44:16.012+0000] {kafka_operator.py:60} INFO - Sent transaction: {'transaction_id': 'T000094', 'transaction_date': 1700117056012, 'account_id': 'A00073', 'customer_id': 'C00078', 'transaction_type': 'Credit', 'currency': 'EUR', 'branch_id': 'B00036', 'transaction_amount': 1670.79, 'exchange_rate': 1.377}
[2024-11-02T06:44:16.013+0000] {kafka_operator.py:60} INFO - Sent transaction: {'transaction_id': 'T000095', 'transaction_date': 1717137856013, 'account_id': 'A00093', 'customer_id': 'C00084', 'transaction_type': 'Withdrawal', 'currency': 'EUR', 'branch_id': 'B00095', 'transaction_amount': 6140.96, 'exchange_rate': 0.8907}
[2024-11-02T06:44:16.015+0000] {kafka_operator.py:60} INFO - Sent transaction: {'transaction_id': 'T000096', 'transaction_date': 1719038656014, 'account_id': 'A00031', 'customer_id': 'C00060', 'transaction_type': 'Credit', 'currency': 'GBP', 'branch_id': 'B00086', 'transaction_amount': 1145.74, 'exchange_rate': 0.5738}
[2024-11-02T06:44:16.017+0000] {kafka_operator.py:60} INFO - Sent transaction: {'transaction_id': 'T000097', 'transaction_date': 1713768256016, 'account_id': 'A00077', 'customer_id': 'C00040', 'transaction_type': 'Transfer', 'currency': 'USD', 'branch_id': 'B00038', 'transaction_amount': 4643.63, 'exchange_rate': 1.3846}
[2024-11-02T06:44:16.018+0000] {kafka_operator.py:60} INFO - Sent transaction: {'transaction_id': 'T000098', 'transaction_date': 1709361856018, 'account_id': 'A00052', 'customer_id': 'C00022', 'transaction_type': 'Credit', 'currency': 'GBP', 'branch_id': 'B00014', 'transaction_amount': 4976.66, 'exchange_rate': 0.9864}
[2024-11-02T06:44:16.019+0000] {kafka_operator.py:60} INFO - Sent transaction: {'transaction_id': 'T000099', 'transaction_date': 1726901056019, 'account_id': 'A00028', 'customer_id': 'C00051', 'transaction_type': 'Transfer', 'currency': 'EUR', 'branch_id': 'B00022', 'transaction_amount': 3390.19, 'exchange_rate': 1.4301}
[2024-11-02T06:44:16.020+0000] {kafka_operator.py:60} INFO - Sent transaction: {'transaction_id': 'T000100', 'transaction_date': 1716705856020, 'account_id': 'A00084', 'customer_id': 'C00009', 'transaction_type': 'Credit', 'currency': 'GBP', 'branch_id': 'B00088', 'transaction_amount': 9981.05, 'exchange_rate': 0.7221}
[2024-11-02T06:44:16.022+0000] {kafka_operator.py:63} INFO - 100 transaction records has been sent to kafka topic transaction_facts
[2024-11-02T06:44:16.023+0000] {conn.py:919} INFO - <BrokerConnection node_id=0 host=kafka_broker:9092 <connected> [IPv4 ('172.20.0.4', 9092)]>: Closing connection. 
[2024-11-02T06:44:16.031+0000] {taskinstance.py:1398} INFO - Marking task as SUCCESS. dag_id=transaction_facts_generator, task_id=generate_txn_fact_data, execution_date=20241102T064412, start_date=20241102T064415, end_date=20241102T064416
[2024-11-02T06:44:16.077+0000] {local_task_job_runner.py:228} INFO - Task exited with return code 0
[2024-11-02T06:44:16.096+0000] {taskinstance.py:2776} INFO - 0 downstream tasks scheduled from follow-on schedule check
