[2024-11-02T16:02:58.017+0000] {taskinstance.py:1157} INFO - Dependencies all met for dep_context=non-requeueable deps ti=<TaskInstance: transaction_facts_generator.generate_txn_fact_data manual__2024-11-02T16:02:56.020192+00:00 [queued]>
[2024-11-02T16:02:58.027+0000] {taskinstance.py:1157} INFO - Dependencies all met for dep_context=requeueable deps ti=<TaskInstance: transaction_facts_generator.generate_txn_fact_data manual__2024-11-02T16:02:56.020192+00:00 [queued]>
[2024-11-02T16:02:58.027+0000] {taskinstance.py:1359} INFO - Starting attempt 1 of 1
[2024-11-02T16:02:58.045+0000] {taskinstance.py:1380} INFO - Executing <Task(KafkaProducerOperator): generate_txn_fact_data> on 2024-11-02 16:02:56.020192+00:00
[2024-11-02T16:02:58.053+0000] {standard_task_runner.py:57} INFO - Started process 233 to run task
[2024-11-02T16:02:58.056+0000] {standard_task_runner.py:84} INFO - Running: ['***', 'tasks', 'run', 'transaction_facts_generator', 'generate_txn_fact_data', 'manual__2024-11-02T16:02:56.020192+00:00', '--job-id', '1841', '--raw', '--subdir', 'DAGS_FOLDER/transaction_facts_generator.py', '--cfg-path', '/tmp/tmp4p3cgksz']
[2024-11-02T16:02:58.059+0000] {standard_task_runner.py:85} INFO - Job 1841: Subtask generate_txn_fact_data
[2024-11-02T16:02:58.105+0000] {task_command.py:415} INFO - Running <TaskInstance: transaction_facts_generator.generate_txn_fact_data manual__2024-11-02T16:02:56.020192+00:00 [running]> on host d7ae6674561a
[2024-11-02T16:02:58.187+0000] {taskinstance.py:1660} INFO - Exporting env vars: AIRFLOW_CTX_DAG_OWNER='minhtranquang' AIRFLOW_CTX_DAG_ID='transaction_facts_generator' AIRFLOW_CTX_TASK_ID='generate_txn_fact_data' AIRFLOW_CTX_EXECUTION_DATE='2024-11-02T16:02:56.020192+00:00' AIRFLOW_CTX_TRY_NUMBER='1' AIRFLOW_CTX_DAG_RUN_ID='manual__2024-11-02T16:02:56.020192+00:00'
[2024-11-02T16:02:58.191+0000] {conn.py:380} INFO - <BrokerConnection node_id=bootstrap-0 host=kafka_broker:9092 <connecting> [IPv4 ('172.20.0.5', 9092)]>: connecting to kafka_broker:9092 [('172.20.0.5', 9092) IPv4]
[2024-11-02T16:02:58.192+0000] {conn.py:1205} INFO - Probing node bootstrap-0 broker version
[2024-11-02T16:02:58.193+0000] {conn.py:410} INFO - <BrokerConnection node_id=bootstrap-0 host=kafka_broker:9092 <connecting> [IPv4 ('172.20.0.5', 9092)]>: Connection complete.
[2024-11-02T16:02:58.296+0000] {conn.py:1267} INFO - Broker version identified as 2.5.0
[2024-11-02T16:02:58.297+0000] {conn.py:1268} INFO - Set configuration api_version=(2, 5, 0) to skip auto check_version requests on startup
[2024-11-02T16:02:58.455+0000] {conn.py:380} INFO - <BrokerConnection node_id=0 host=kafka_broker:9092 <connecting> [IPv4 ('172.20.0.5', 9092)]>: connecting to kafka_broker:9092 [('172.20.0.5', 9092) IPv4]
[2024-11-02T16:02:58.457+0000] {conn.py:410} INFO - <BrokerConnection node_id=0 host=kafka_broker:9092 <connecting> [IPv4 ('172.20.0.5', 9092)]>: Connection complete.
[2024-11-02T16:02:58.458+0000] {conn.py:919} INFO - <BrokerConnection node_id=bootstrap-0 host=kafka_broker:9092 <connected> [IPv4 ('172.20.0.5', 9092)]>: Closing connection. 
[2024-11-02T16:02:58.663+0000] {kafka_operator.py:60} INFO - Sent transaction: {'transaction_id': 'T000001', 'transaction_date': 1705939378302, 'account_id': 'A00003', 'customer_id': 'C00032', 'transaction_type': 'Credit', 'currency': 'USD', 'branch_id': 'B00060', 'transaction_amount': 3835.07, 'exchange_rate': 1.3909}
[2024-11-02T16:02:58.665+0000] {kafka_operator.py:60} INFO - Sent transaction: {'transaction_id': 'T000002', 'transaction_date': 1718380978664, 'account_id': 'A00055', 'customer_id': 'C00015', 'transaction_type': 'Transfer', 'currency': 'GBP', 'branch_id': 'B00006', 'transaction_amount': 3337.0, 'exchange_rate': 1.1926}
[2024-11-02T16:02:58.666+0000] {kafka_operator.py:60} INFO - Sent transaction: {'transaction_id': 'T000003', 'transaction_date': 1713024178666, 'account_id': 'A00099', 'customer_id': 'C00051', 'transaction_type': 'Withdrawal', 'currency': 'USD', 'branch_id': 'B00004', 'transaction_amount': 7000.57, 'exchange_rate': 1.0997}
[2024-11-02T16:02:58.667+0000] {kafka_operator.py:60} INFO - Sent transaction: {'transaction_id': 'T000004', 'transaction_date': 1720540978667, 'account_id': 'A00006', 'customer_id': 'C00035', 'transaction_type': 'Deposit', 'currency': 'GBP', 'branch_id': 'B00031', 'transaction_amount': 6711.37, 'exchange_rate': 1.1973}
[2024-11-02T16:02:58.668+0000] {kafka_operator.py:60} INFO - Sent transaction: {'transaction_id': 'T000005', 'transaction_date': 1708704178668, 'account_id': 'A00094', 'customer_id': 'C00032', 'transaction_type': 'Transfer', 'currency': 'GBP', 'branch_id': 'B00083', 'transaction_amount': 1284.35, 'exchange_rate': 1.0424}
[2024-11-02T16:02:58.669+0000] {kafka_operator.py:60} INFO - Sent transaction: {'transaction_id': 'T000006', 'transaction_date': 1718640178669, 'account_id': 'A00041', 'customer_id': 'C00091', 'transaction_type': 'Debit', 'currency': 'GBP', 'branch_id': 'B00016', 'transaction_amount': 1073.96, 'exchange_rate': 1.4026}
[2024-11-02T16:02:58.670+0000] {kafka_operator.py:60} INFO - Sent transaction: {'transaction_id': 'T000007', 'transaction_date': 1726416178670, 'account_id': 'A00066', 'customer_id': 'C00061', 'transaction_type': 'Debit', 'currency': 'EUR', 'branch_id': 'B00056', 'transaction_amount': 5068.7, 'exchange_rate': 0.9431}
[2024-11-02T16:02:58.672+0000] {kafka_operator.py:60} INFO - Sent transaction: {'transaction_id': 'T000008', 'transaction_date': 1706112178672, 'account_id': 'A00047', 'customer_id': 'C00100', 'transaction_type': 'Credit', 'currency': 'USD', 'branch_id': 'B00005', 'transaction_amount': 5046.95, 'exchange_rate': 1.3248}
[2024-11-02T16:02:58.673+0000] {kafka_operator.py:60} INFO - Sent transaction: {'transaction_id': 'T000009', 'transaction_date': 1723996978673, 'account_id': 'A00092', 'customer_id': 'C00021', 'transaction_type': 'Debit', 'currency': 'EUR', 'branch_id': 'B00090', 'transaction_amount': 7943.37, 'exchange_rate': 1.0065}
[2024-11-02T16:02:58.674+0000] {kafka_operator.py:60} INFO - Sent transaction: {'transaction_id': 'T000010', 'transaction_date': 1724774578674, 'account_id': 'A00071', 'customer_id': 'C00088', 'transaction_type': 'Deposit', 'currency': 'GBP', 'branch_id': 'B00054', 'transaction_amount': 22.01, 'exchange_rate': 1.2714}
[2024-11-02T16:02:58.675+0000] {kafka_operator.py:60} INFO - Sent transaction: {'transaction_id': 'T000011', 'transaction_date': 1717516978675, 'account_id': 'A00012', 'customer_id': 'C00065', 'transaction_type': 'Debit', 'currency': 'EUR', 'branch_id': 'B00008', 'transaction_amount': 2766.08, 'exchange_rate': 1.0406}
[2024-11-02T16:02:58.677+0000] {kafka_operator.py:60} INFO - Sent transaction: {'transaction_id': 'T000012', 'transaction_date': 1713369778676, 'account_id': 'A00080', 'customer_id': 'C00034', 'transaction_type': 'Debit', 'currency': 'EUR', 'branch_id': 'B00078', 'transaction_amount': 9580.67, 'exchange_rate': 0.9202}
[2024-11-02T16:02:58.678+0000] {kafka_operator.py:60} INFO - Sent transaction: {'transaction_id': 'T000013', 'transaction_date': 1718812978677, 'account_id': 'A00100', 'customer_id': 'C00033', 'transaction_type': 'Credit', 'currency': 'EUR', 'branch_id': 'B00095', 'transaction_amount': 6838.09, 'exchange_rate': 0.8797}
[2024-11-02T16:02:58.679+0000] {kafka_operator.py:60} INFO - Sent transaction: {'transaction_id': 'T000014', 'transaction_date': 1730476978679, 'account_id': 'A00084', 'customer_id': 'C00092', 'transaction_type': 'Deposit', 'currency': 'USD', 'branch_id': 'B00084', 'transaction_amount': 9431.0, 'exchange_rate': 1.3008}
[2024-11-02T16:02:58.680+0000] {kafka_operator.py:60} INFO - Sent transaction: {'transaction_id': 'T000015', 'transaction_date': 1722960178680, 'account_id': 'A00038', 'customer_id': 'C00065', 'transaction_type': 'Debit', 'currency': 'USD', 'branch_id': 'B00029', 'transaction_amount': 8687.09, 'exchange_rate': 0.9521}
[2024-11-02T16:02:58.681+0000] {kafka_operator.py:60} INFO - Sent transaction: {'transaction_id': 'T000016', 'transaction_date': 1715961778681, 'account_id': 'A00054', 'customer_id': 'C00020', 'transaction_type': 'Credit', 'currency': 'EUR', 'branch_id': 'B00009', 'transaction_amount': 878.5, 'exchange_rate': 1.0705}
[2024-11-02T16:02:58.683+0000] {kafka_operator.py:60} INFO - Sent transaction: {'transaction_id': 'T000017', 'transaction_date': 1718467378683, 'account_id': 'A00068', 'customer_id': 'C00058', 'transaction_type': 'Credit', 'currency': 'USD', 'branch_id': 'B00039', 'transaction_amount': 9697.98, 'exchange_rate': 1.1718}
[2024-11-02T16:02:58.684+0000] {kafka_operator.py:60} INFO - Sent transaction: {'transaction_id': 'T000018', 'transaction_date': 1699372978684, 'account_id': 'A00087', 'customer_id': 'C00069', 'transaction_type': 'Deposit', 'currency': 'USD', 'branch_id': 'B00068', 'transaction_amount': 5345.04, 'exchange_rate': 0.7215}
[2024-11-02T16:02:58.685+0000] {kafka_operator.py:60} INFO - Sent transaction: {'transaction_id': 'T000019', 'transaction_date': 1714060978685, 'account_id': 'A00012', 'customer_id': 'C00099', 'transaction_type': 'Credit', 'currency': 'GBP', 'branch_id': 'B00072', 'transaction_amount': 5843.97, 'exchange_rate': 1.3577}
[2024-11-02T16:02:58.686+0000] {kafka_operator.py:60} INFO - Sent transaction: {'transaction_id': 'T000020', 'transaction_date': 1709049778686, 'account_id': 'A00092', 'customer_id': 'C00063', 'transaction_type': 'Debit', 'currency': 'GBP', 'branch_id': 'B00007', 'transaction_amount': 9740.34, 'exchange_rate': 1.2228}
[2024-11-02T16:02:58.688+0000] {kafka_operator.py:60} INFO - Sent transaction: {'transaction_id': 'T000021', 'transaction_date': 1729612978687, 'account_id': 'A00036', 'customer_id': 'C00045', 'transaction_type': 'Debit', 'currency': 'EUR', 'branch_id': 'B00056', 'transaction_amount': 6640.87, 'exchange_rate': 1.4138}
[2024-11-02T16:02:58.689+0000] {kafka_operator.py:60} INFO - Sent transaction: {'transaction_id': 'T000022', 'transaction_date': 1705507378688, 'account_id': 'A00064', 'customer_id': 'C00063', 'transaction_type': 'Debit', 'currency': 'EUR', 'branch_id': 'B00075', 'transaction_amount': 5940.5, 'exchange_rate': 1.2167}
[2024-11-02T16:02:58.690+0000] {kafka_operator.py:60} INFO - Sent transaction: {'transaction_id': 'T000023', 'transaction_date': 1720454578690, 'account_id': 'A00015', 'customer_id': 'C00089', 'transaction_type': 'Withdrawal', 'currency': 'GBP', 'branch_id': 'B00008', 'transaction_amount': 7644.06, 'exchange_rate': 0.7461}
[2024-11-02T16:02:58.691+0000] {kafka_operator.py:60} INFO - Sent transaction: {'transaction_id': 'T000024', 'transaction_date': 1705248178691, 'account_id': 'A00003', 'customer_id': 'C00082', 'transaction_type': 'Credit', 'currency': 'USD', 'branch_id': 'B00007', 'transaction_amount': 3984.68, 'exchange_rate': 1.3015}
[2024-11-02T16:02:58.692+0000] {kafka_operator.py:60} INFO - Sent transaction: {'transaction_id': 'T000025', 'transaction_date': 1706716978692, 'account_id': 'A00047', 'customer_id': 'C00096', 'transaction_type': 'Withdrawal', 'currency': 'USD', 'branch_id': 'B00007', 'transaction_amount': 533.67, 'exchange_rate': 1.4582}
[2024-11-02T16:02:58.693+0000] {kafka_operator.py:60} INFO - Sent transaction: {'transaction_id': 'T000026', 'transaction_date': 1713974578693, 'account_id': 'A00093', 'customer_id': 'C00044', 'transaction_type': 'Credit', 'currency': 'GBP', 'branch_id': 'B00049', 'transaction_amount': 9702.45, 'exchange_rate': 1.2312}
[2024-11-02T16:02:58.694+0000] {kafka_operator.py:60} INFO - Sent transaction: {'transaction_id': 'T000027', 'transaction_date': 1701446578694, 'account_id': 'A00058', 'customer_id': 'C00093', 'transaction_type': 'Deposit', 'currency': 'USD', 'branch_id': 'B00097', 'transaction_amount': 7293.19, 'exchange_rate': 1.0998}
[2024-11-02T16:02:58.695+0000] {kafka_operator.py:60} INFO - Sent transaction: {'transaction_id': 'T000028', 'transaction_date': 1727712178695, 'account_id': 'A00026', 'customer_id': 'C00091', 'transaction_type': 'Transfer', 'currency': 'USD', 'branch_id': 'B00094', 'transaction_amount': 5085.31, 'exchange_rate': 0.5076}
[2024-11-02T16:02:58.697+0000] {kafka_operator.py:60} INFO - Sent transaction: {'transaction_id': 'T000029', 'transaction_date': 1717257778697, 'account_id': 'A00092', 'customer_id': 'C00082', 'transaction_type': 'Deposit', 'currency': 'USD', 'branch_id': 'B00019', 'transaction_amount': 7858.95, 'exchange_rate': 0.73}
[2024-11-02T16:02:58.698+0000] {kafka_operator.py:60} INFO - Sent transaction: {'transaction_id': 'T000030', 'transaction_date': 1712764978698, 'account_id': 'A00090', 'customer_id': 'C00047', 'transaction_type': 'Withdrawal', 'currency': 'EUR', 'branch_id': 'B00002', 'transaction_amount': 8839.59, 'exchange_rate': 0.7596}
[2024-11-02T16:02:58.699+0000] {kafka_operator.py:60} INFO - Sent transaction: {'transaction_id': 'T000031', 'transaction_date': 1700582578699, 'account_id': 'A00064', 'customer_id': 'C00024', 'transaction_type': 'Debit', 'currency': 'GBP', 'branch_id': 'B00050', 'transaction_amount': 972.84, 'exchange_rate': 0.686}
[2024-11-02T16:02:58.700+0000] {kafka_operator.py:60} INFO - Sent transaction: {'transaction_id': 'T000032', 'transaction_date': 1714320178700, 'account_id': 'A00040', 'customer_id': 'C00009', 'transaction_type': 'Debit', 'currency': 'USD', 'branch_id': 'B00050', 'transaction_amount': 550.86, 'exchange_rate': 1.2432}
[2024-11-02T16:02:58.701+0000] {kafka_operator.py:60} INFO - Sent transaction: {'transaction_id': 'T000033', 'transaction_date': 1718899378701, 'account_id': 'A00049', 'customer_id': 'C00044', 'transaction_type': 'Debit', 'currency': 'GBP', 'branch_id': 'B00038', 'transaction_amount': 8452.39, 'exchange_rate': 1.2908}
[2024-11-02T16:02:58.702+0000] {kafka_operator.py:60} INFO - Sent transaction: {'transaction_id': 'T000034', 'transaction_date': 1702137778702, 'account_id': 'A00050', 'customer_id': 'C00057', 'transaction_type': 'Debit', 'currency': 'USD', 'branch_id': 'B00067', 'transaction_amount': 6380.2, 'exchange_rate': 0.8584}
[2024-11-02T16:02:58.703+0000] {kafka_operator.py:60} INFO - Sent transaction: {'transaction_id': 'T000035', 'transaction_date': 1714406578703, 'account_id': 'A00020', 'customer_id': 'C00019', 'transaction_type': 'Deposit', 'currency': 'EUR', 'branch_id': 'B00051', 'transaction_amount': 8119.91, 'exchange_rate': 0.747}
[2024-11-02T16:02:58.704+0000] {kafka_operator.py:60} INFO - Sent transaction: {'transaction_id': 'T000036', 'transaction_date': 1699632178704, 'account_id': 'A00092', 'customer_id': 'C00046', 'transaction_type': 'Transfer', 'currency': 'GBP', 'branch_id': 'B00038', 'transaction_amount': 9120.79, 'exchange_rate': 0.998}
[2024-11-02T16:02:58.706+0000] {kafka_operator.py:60} INFO - Sent transaction: {'transaction_id': 'T000037', 'transaction_date': 1725638578705, 'account_id': 'A00026', 'customer_id': 'C00073', 'transaction_type': 'Debit', 'currency': 'EUR', 'branch_id': 'B00021', 'transaction_amount': 7728.62, 'exchange_rate': 1.2947}
[2024-11-02T16:02:58.707+0000] {kafka_operator.py:60} INFO - Sent transaction: {'transaction_id': 'T000038', 'transaction_date': 1709568178706, 'account_id': 'A00062', 'customer_id': 'C00047', 'transaction_type': 'Debit', 'currency': 'EUR', 'branch_id': 'B00034', 'transaction_amount': 1242.66, 'exchange_rate': 1.3144}
[2024-11-02T16:02:58.708+0000] {kafka_operator.py:60} INFO - Sent transaction: {'transaction_id': 'T000039', 'transaction_date': 1704988978708, 'account_id': 'A00098', 'customer_id': 'C00086', 'transaction_type': 'Credit', 'currency': 'GBP', 'branch_id': 'B00034', 'transaction_amount': 3166.71, 'exchange_rate': 0.669}
[2024-11-02T16:02:58.709+0000] {kafka_operator.py:60} INFO - Sent transaction: {'transaction_id': 'T000040', 'transaction_date': 1707667378709, 'account_id': 'A00073', 'customer_id': 'C00071', 'transaction_type': 'Deposit', 'currency': 'EUR', 'branch_id': 'B00075', 'transaction_amount': 4322.66, 'exchange_rate': 0.8201}
[2024-11-02T16:02:58.710+0000] {kafka_operator.py:60} INFO - Sent transaction: {'transaction_id': 'T000041', 'transaction_date': 1723219378710, 'account_id': 'A00055', 'customer_id': 'C00008', 'transaction_type': 'Credit', 'currency': 'EUR', 'branch_id': 'B00090', 'transaction_amount': 7096.27, 'exchange_rate': 1.1786}
[2024-11-02T16:02:58.711+0000] {kafka_operator.py:60} INFO - Sent transaction: {'transaction_id': 'T000042', 'transaction_date': 1706889778711, 'account_id': 'A00012', 'customer_id': 'C00075', 'transaction_type': 'Transfer', 'currency': 'GBP', 'branch_id': 'B00088', 'transaction_amount': 6010.95, 'exchange_rate': 1.2636}
[2024-11-02T16:02:58.712+0000] {kafka_operator.py:60} INFO - Sent transaction: {'transaction_id': 'T000043', 'transaction_date': 1729440178712, 'account_id': 'A00067', 'customer_id': 'C00063', 'transaction_type': 'Credit', 'currency': 'GBP', 'branch_id': 'B00043', 'transaction_amount': 3926.15, 'exchange_rate': 1.4372}
[2024-11-02T16:02:58.713+0000] {kafka_operator.py:60} INFO - Sent transaction: {'transaction_id': 'T000044', 'transaction_date': 1730476978713, 'account_id': 'A00029', 'customer_id': 'C00023', 'transaction_type': 'Debit', 'currency': 'USD', 'branch_id': 'B00083', 'transaction_amount': 4061.34, 'exchange_rate': 0.9427}
[2024-11-02T16:02:58.714+0000] {kafka_operator.py:60} INFO - Sent transaction: {'transaction_id': 'T000045', 'transaction_date': 1716134578714, 'account_id': 'A00021', 'customer_id': 'C00012', 'transaction_type': 'Transfer', 'currency': 'EUR', 'branch_id': 'B00048', 'transaction_amount': 5492.55, 'exchange_rate': 0.6401}
[2024-11-02T16:02:58.716+0000] {kafka_operator.py:60} INFO - Sent transaction: {'transaction_id': 'T000046', 'transaction_date': 1705161778715, 'account_id': 'A00100', 'customer_id': 'C00065', 'transaction_type': 'Credit', 'currency': 'EUR', 'branch_id': 'B00097', 'transaction_amount': 1596.54, 'exchange_rate': 0.9463}
[2024-11-02T16:02:58.717+0000] {kafka_operator.py:60} INFO - Sent transaction: {'transaction_id': 'T000047', 'transaction_date': 1729094578717, 'account_id': 'A00021', 'customer_id': 'C00090', 'transaction_type': 'Deposit', 'currency': 'GBP', 'branch_id': 'B00084', 'transaction_amount': 6967.85, 'exchange_rate': 1.0779}
[2024-11-02T16:02:58.718+0000] {kafka_operator.py:60} INFO - Sent transaction: {'transaction_id': 'T000048', 'transaction_date': 1722268978718, 'account_id': 'A00023', 'customer_id': 'C00033', 'transaction_type': 'Withdrawal', 'currency': 'GBP', 'branch_id': 'B00094', 'transaction_amount': 1780.16, 'exchange_rate': 1.183}
[2024-11-02T16:02:58.719+0000] {kafka_operator.py:60} INFO - Sent transaction: {'transaction_id': 'T000049', 'transaction_date': 1709913778719, 'account_id': 'A00065', 'customer_id': 'C00007', 'transaction_type': 'Debit', 'currency': 'GBP', 'branch_id': 'B00085', 'transaction_amount': 6858.42, 'exchange_rate': 1.1894}
[2024-11-02T16:02:58.720+0000] {kafka_operator.py:60} INFO - Sent transaction: {'transaction_id': 'T000050', 'transaction_date': 1720368178720, 'account_id': 'A00045', 'customer_id': 'C00052', 'transaction_type': 'Withdrawal', 'currency': 'EUR', 'branch_id': 'B00096', 'transaction_amount': 2771.53, 'exchange_rate': 1.2485}
[2024-11-02T16:02:58.721+0000] {kafka_operator.py:60} INFO - Sent transaction: {'transaction_id': 'T000051', 'transaction_date': 1721577778721, 'account_id': 'A00039', 'customer_id': 'C00041', 'transaction_type': 'Debit', 'currency': 'GBP', 'branch_id': 'B00025', 'transaction_amount': 9161.01, 'exchange_rate': 1.0035}
[2024-11-02T16:02:58.723+0000] {kafka_operator.py:60} INFO - Sent transaction: {'transaction_id': 'T000052', 'transaction_date': 1701792178723, 'account_id': 'A00025', 'customer_id': 'C00058', 'transaction_type': 'Transfer', 'currency': 'EUR', 'branch_id': 'B00093', 'transaction_amount': 6411.19, 'exchange_rate': 1.0221}
[2024-11-02T16:02:58.724+0000] {kafka_operator.py:60} INFO - Sent transaction: {'transaction_id': 'T000053', 'transaction_date': 1713801778724, 'account_id': 'A00066', 'customer_id': 'C00003', 'transaction_type': 'Debit', 'currency': 'GBP', 'branch_id': 'B00058', 'transaction_amount': 4571.22, 'exchange_rate': 1.4893}
[2024-11-02T16:02:58.725+0000] {kafka_operator.py:60} INFO - Sent transaction: {'transaction_id': 'T000054', 'transaction_date': 1700755378725, 'account_id': 'A00045', 'customer_id': 'C00060', 'transaction_type': 'Transfer', 'currency': 'GBP', 'branch_id': 'B00088', 'transaction_amount': 2637.14, 'exchange_rate': 1.0488}
[2024-11-02T16:02:58.726+0000] {kafka_operator.py:60} INFO - Sent transaction: {'transaction_id': 'T000055', 'transaction_date': 1723651378726, 'account_id': 'A00054', 'customer_id': 'C00009', 'transaction_type': 'Transfer', 'currency': 'EUR', 'branch_id': 'B00014', 'transaction_amount': 5219.09, 'exchange_rate': 1.0115}
[2024-11-02T16:02:58.727+0000] {kafka_operator.py:60} INFO - Sent transaction: {'transaction_id': 'T000056', 'transaction_date': 1716998578727, 'account_id': 'A00077', 'customer_id': 'C00006', 'transaction_type': 'Transfer', 'currency': 'USD', 'branch_id': 'B00091', 'transaction_amount': 4670.72, 'exchange_rate': 1.3973}
[2024-11-02T16:02:58.728+0000] {kafka_operator.py:60} INFO - Sent transaction: {'transaction_id': 'T000057', 'transaction_date': 1707753778728, 'account_id': 'A00021', 'customer_id': 'C00045', 'transaction_type': 'Credit', 'currency': 'GBP', 'branch_id': 'B00009', 'transaction_amount': 2905.65, 'exchange_rate': 0.7638}
[2024-11-02T16:02:58.729+0000] {kafka_operator.py:60} INFO - Sent transaction: {'transaction_id': 'T000058', 'transaction_date': 1700668978729, 'account_id': 'A00049', 'customer_id': 'C00038', 'transaction_type': 'Withdrawal', 'currency': 'USD', 'branch_id': 'B00087', 'transaction_amount': 213.13, 'exchange_rate': 1.3227}
[2024-11-02T16:02:58.730+0000] {kafka_operator.py:60} INFO - Sent transaction: {'transaction_id': 'T000059', 'transaction_date': 1713196978730, 'account_id': 'A00094', 'customer_id': 'C00055', 'transaction_type': 'Withdrawal', 'currency': 'GBP', 'branch_id': 'B00003', 'transaction_amount': 9964.68, 'exchange_rate': 1.2344}
[2024-11-02T16:02:58.732+0000] {kafka_operator.py:60} INFO - Sent transaction: {'transaction_id': 'T000060', 'transaction_date': 1724688178731, 'account_id': 'A00089', 'customer_id': 'C00053', 'transaction_type': 'Debit', 'currency': 'USD', 'branch_id': 'B00023', 'transaction_amount': 2173.53, 'exchange_rate': 1.4824}
[2024-11-02T16:02:58.733+0000] {kafka_operator.py:60} INFO - Sent transaction: {'transaction_id': 'T000061', 'transaction_date': 1721577778733, 'account_id': 'A00098', 'customer_id': 'C00029', 'transaction_type': 'Deposit', 'currency': 'USD', 'branch_id': 'B00093', 'transaction_amount': 8974.13, 'exchange_rate': 0.6043}
[2024-11-02T16:02:58.734+0000] {kafka_operator.py:60} INFO - Sent transaction: {'transaction_id': 'T000062', 'transaction_date': 1729612978734, 'account_id': 'A00071', 'customer_id': 'C00073', 'transaction_type': 'Credit', 'currency': 'USD', 'branch_id': 'B00093', 'transaction_amount': 3600.65, 'exchange_rate': 0.7467}
[2024-11-02T16:02:58.735+0000] {kafka_operator.py:60} INFO - Sent transaction: {'transaction_id': 'T000063', 'transaction_date': 1702483378735, 'account_id': 'A00050', 'customer_id': 'C00024', 'transaction_type': 'Debit', 'currency': 'USD', 'branch_id': 'B00047', 'transaction_amount': 3378.15, 'exchange_rate': 0.9481}
[2024-11-02T16:02:58.736+0000] {kafka_operator.py:60} INFO - Sent transaction: {'transaction_id': 'T000064', 'transaction_date': 1704643378736, 'account_id': 'A00005', 'customer_id': 'C00049', 'transaction_type': 'Credit', 'currency': 'GBP', 'branch_id': 'B00026', 'transaction_amount': 1090.15, 'exchange_rate': 1.0437}
[2024-11-02T16:02:58.737+0000] {kafka_operator.py:60} INFO - Sent transaction: {'transaction_id': 'T000065', 'transaction_date': 1706889778737, 'account_id': 'A00087', 'customer_id': 'C00093', 'transaction_type': 'Debit', 'currency': 'USD', 'branch_id': 'B00071', 'transaction_amount': 7041.46, 'exchange_rate': 1.0955}
[2024-11-02T16:02:58.738+0000] {kafka_operator.py:60} INFO - Sent transaction: {'transaction_id': 'T000066', 'transaction_date': 1709740978738, 'account_id': 'A00031', 'customer_id': 'C00074', 'transaction_type': 'Deposit', 'currency': 'USD', 'branch_id': 'B00072', 'transaction_amount': 7141.05, 'exchange_rate': 0.9428}
[2024-11-02T16:02:58.739+0000] {kafka_operator.py:60} INFO - Sent transaction: {'transaction_id': 'T000067', 'transaction_date': 1701273778739, 'account_id': 'A00088', 'customer_id': 'C00089', 'transaction_type': 'Withdrawal', 'currency': 'EUR', 'branch_id': 'B00012', 'transaction_amount': 5529.13, 'exchange_rate': 0.8729}
[2024-11-02T16:02:58.740+0000] {kafka_operator.py:60} INFO - Sent transaction: {'transaction_id': 'T000068', 'transaction_date': 1714924978740, 'account_id': 'A00097', 'customer_id': 'C00041', 'transaction_type': 'Transfer', 'currency': 'EUR', 'branch_id': 'B00023', 'transaction_amount': 972.38, 'exchange_rate': 0.6577}
[2024-11-02T16:02:58.741+0000] {kafka_operator.py:60} INFO - Sent transaction: {'transaction_id': 'T000069', 'transaction_date': 1704556978741, 'account_id': 'A00094', 'customer_id': 'C00031', 'transaction_type': 'Transfer', 'currency': 'GBP', 'branch_id': 'B00064', 'transaction_amount': 4646.1, 'exchange_rate': 0.5601}
[2024-11-02T16:02:58.743+0000] {kafka_operator.py:60} INFO - Sent transaction: {'transaction_id': 'T000070', 'transaction_date': 1715356978742, 'account_id': 'A00015', 'customer_id': 'C00081', 'transaction_type': 'Debit', 'currency': 'USD', 'branch_id': 'B00084', 'transaction_amount': 2160.67, 'exchange_rate': 1.3672}
[2024-11-02T16:02:58.744+0000] {kafka_operator.py:60} INFO - Sent transaction: {'transaction_id': 'T000071', 'transaction_date': 1730563378744, 'account_id': 'A00023', 'customer_id': 'C00016', 'transaction_type': 'Credit', 'currency': 'USD', 'branch_id': 'B00014', 'transaction_amount': 8335.62, 'exchange_rate': 0.6326}
[2024-11-02T16:02:58.745+0000] {kafka_operator.py:60} INFO - Sent transaction: {'transaction_id': 'T000072', 'transaction_date': 1720886578745, 'account_id': 'A00044', 'customer_id': 'C00082', 'transaction_type': 'Credit', 'currency': 'GBP', 'branch_id': 'B00054', 'transaction_amount': 7378.34, 'exchange_rate': 1.2305}
[2024-11-02T16:02:58.746+0000] {kafka_operator.py:60} INFO - Sent transaction: {'transaction_id': 'T000073', 'transaction_date': 1730131378746, 'account_id': 'A00057', 'customer_id': 'C00048', 'transaction_type': 'Deposit', 'currency': 'USD', 'branch_id': 'B00027', 'transaction_amount': 1727.69, 'exchange_rate': 0.7939}
[2024-11-02T16:02:58.747+0000] {kafka_operator.py:60} INFO - Sent transaction: {'transaction_id': 'T000074', 'transaction_date': 1699459378747, 'account_id': 'A00012', 'customer_id': 'C00067', 'transaction_type': 'Deposit', 'currency': 'EUR', 'branch_id': 'B00006', 'transaction_amount': 4275.72, 'exchange_rate': 0.9812}
[2024-11-02T16:02:58.748+0000] {kafka_operator.py:60} INFO - Sent transaction: {'transaction_id': 'T000075', 'transaction_date': 1711555378748, 'account_id': 'A00024', 'customer_id': 'C00087', 'transaction_type': 'Deposit', 'currency': 'GBP', 'branch_id': 'B00085', 'transaction_amount': 1227.91, 'exchange_rate': 1.4084}
[2024-11-02T16:02:58.750+0000] {kafka_operator.py:60} INFO - Sent transaction: {'transaction_id': 'T000076', 'transaction_date': 1722268978750, 'account_id': 'A00037', 'customer_id': 'C00060', 'transaction_type': 'Debit', 'currency': 'EUR', 'branch_id': 'B00018', 'transaction_amount': 5935.4, 'exchange_rate': 1.0283}
[2024-11-02T16:02:58.751+0000] {kafka_operator.py:60} INFO - Sent transaction: {'transaction_id': 'T000077', 'transaction_date': 1722441778750, 'account_id': 'A00084', 'customer_id': 'C00098', 'transaction_type': 'Debit', 'currency': 'GBP', 'branch_id': 'B00054', 'transaction_amount': 304.98, 'exchange_rate': 0.5857}
[2024-11-02T16:02:58.752+0000] {kafka_operator.py:60} INFO - Sent transaction: {'transaction_id': 'T000078', 'transaction_date': 1701100978752, 'account_id': 'A00007', 'customer_id': 'C00053', 'transaction_type': 'Deposit', 'currency': 'EUR', 'branch_id': 'B00015', 'transaction_amount': 7457.62, 'exchange_rate': 0.5861}
[2024-11-02T16:02:58.753+0000] {kafka_operator.py:60} INFO - Sent transaction: {'transaction_id': 'T000079', 'transaction_date': 1708444978753, 'account_id': 'A00012', 'customer_id': 'C00083', 'transaction_type': 'Withdrawal', 'currency': 'USD', 'branch_id': 'B00051', 'transaction_amount': 6664.02, 'exchange_rate': 0.7335}
[2024-11-02T16:02:58.754+0000] {kafka_operator.py:60} INFO - Sent transaction: {'transaction_id': 'T000080', 'transaction_date': 1703606578754, 'account_id': 'A00061', 'customer_id': 'C00082', 'transaction_type': 'Deposit', 'currency': 'GBP', 'branch_id': 'B00081', 'transaction_amount': 2611.33, 'exchange_rate': 0.82}
[2024-11-02T16:02:58.755+0000] {kafka_operator.py:60} INFO - Sent transaction: {'transaction_id': 'T000081', 'transaction_date': 1708012978755, 'account_id': 'A00014', 'customer_id': 'C00055', 'transaction_type': 'Debit', 'currency': 'GBP', 'branch_id': 'B00095', 'transaction_amount': 2131.08, 'exchange_rate': 1.2339}
[2024-11-02T16:02:58.756+0000] {kafka_operator.py:60} INFO - Sent transaction: {'transaction_id': 'T000082', 'transaction_date': 1715011378756, 'account_id': 'A00071', 'customer_id': 'C00023', 'transaction_type': 'Transfer', 'currency': 'GBP', 'branch_id': 'B00035', 'transaction_amount': 5873.64, 'exchange_rate': 1.1721}
[2024-11-02T16:02:58.757+0000] {kafka_operator.py:60} INFO - Sent transaction: {'transaction_id': 'T000083', 'transaction_date': 1720800178757, 'account_id': 'A00043', 'customer_id': 'C00088', 'transaction_type': 'Credit', 'currency': 'USD', 'branch_id': 'B00035', 'transaction_amount': 6130.65, 'exchange_rate': 1.2691}
[2024-11-02T16:02:58.759+0000] {kafka_operator.py:60} INFO - Sent transaction: {'transaction_id': 'T000084', 'transaction_date': 1714147378758, 'account_id': 'A00048', 'customer_id': 'C00074', 'transaction_type': 'Credit', 'currency': 'GBP', 'branch_id': 'B00050', 'transaction_amount': 4629.34, 'exchange_rate': 0.5246}
[2024-11-02T16:02:58.760+0000] {kafka_operator.py:60} INFO - Sent transaction: {'transaction_id': 'T000085', 'transaction_date': 1727884978760, 'account_id': 'A00015', 'customer_id': 'C00068', 'transaction_type': 'Debit', 'currency': 'GBP', 'branch_id': 'B00030', 'transaction_amount': 6786.75, 'exchange_rate': 0.6286}
[2024-11-02T16:02:58.761+0000] {kafka_operator.py:60} INFO - Sent transaction: {'transaction_id': 'T000086', 'transaction_date': 1721404978761, 'account_id': 'A00049', 'customer_id': 'C00098', 'transaction_type': 'Debit', 'currency': 'EUR', 'branch_id': 'B00074', 'transaction_amount': 828.29, 'exchange_rate': 0.8106}
[2024-11-02T16:02:58.762+0000] {kafka_operator.py:60} INFO - Sent transaction: {'transaction_id': 'T000087', 'transaction_date': 1730217778762, 'account_id': 'A00055', 'customer_id': 'C00062', 'transaction_type': 'Transfer', 'currency': 'USD', 'branch_id': 'B00059', 'transaction_amount': 1174.68, 'exchange_rate': 0.7467}
[2024-11-02T16:02:58.763+0000] {kafka_operator.py:60} INFO - Sent transaction: {'transaction_id': 'T000088', 'transaction_date': 1723910578763, 'account_id': 'A00036', 'customer_id': 'C00084', 'transaction_type': 'Debit', 'currency': 'GBP', 'branch_id': 'B00015', 'transaction_amount': 2837.2, 'exchange_rate': 1.3892}
[2024-11-02T16:02:58.764+0000] {kafka_operator.py:60} INFO - Sent transaction: {'transaction_id': 'T000089', 'transaction_date': 1704902578764, 'account_id': 'A00010', 'customer_id': 'C00040', 'transaction_type': 'Debit', 'currency': 'EUR', 'branch_id': 'B00086', 'transaction_amount': 1095.92, 'exchange_rate': 0.6626}
[2024-11-02T16:02:58.765+0000] {kafka_operator.py:60} INFO - Sent transaction: {'transaction_id': 'T000090', 'transaction_date': 1721577778765, 'account_id': 'A00022', 'customer_id': 'C00006', 'transaction_type': 'Credit', 'currency': 'EUR', 'branch_id': 'B00045', 'transaction_amount': 3496.6, 'exchange_rate': 1.2619}
[2024-11-02T16:02:58.766+0000] {kafka_operator.py:60} INFO - Sent transaction: {'transaction_id': 'T000091', 'transaction_date': 1715443378766, 'account_id': 'A00018', 'customer_id': 'C00021', 'transaction_type': 'Debit', 'currency': 'GBP', 'branch_id': 'B00059', 'transaction_amount': 7909.82, 'exchange_rate': 1.1054}
[2024-11-02T16:02:58.767+0000] {kafka_operator.py:60} INFO - Sent transaction: {'transaction_id': 'T000092', 'transaction_date': 1715529778767, 'account_id': 'A00094', 'customer_id': 'C00020', 'transaction_type': 'Withdrawal', 'currency': 'GBP', 'branch_id': 'B00089', 'transaction_amount': 6462.46, 'exchange_rate': 1.1569}
[2024-11-02T16:02:58.769+0000] {kafka_operator.py:60} INFO - Sent transaction: {'transaction_id': 'T000093', 'transaction_date': 1718899378769, 'account_id': 'A00091', 'customer_id': 'C00050', 'transaction_type': 'Withdrawal', 'currency': 'GBP', 'branch_id': 'B00065', 'transaction_amount': 9242.68, 'exchange_rate': 0.9822}
[2024-11-02T16:02:58.770+0000] {kafka_operator.py:60} INFO - Sent transaction: {'transaction_id': 'T000094', 'transaction_date': 1726416178770, 'account_id': 'A00028', 'customer_id': 'C00099', 'transaction_type': 'Transfer', 'currency': 'USD', 'branch_id': 'B00009', 'transaction_amount': 4833.01, 'exchange_rate': 1.313}
[2024-11-02T16:02:58.771+0000] {kafka_operator.py:60} INFO - Sent transaction: {'transaction_id': 'T000095', 'transaction_date': 1704729778771, 'account_id': 'A00046', 'customer_id': 'C00062', 'transaction_type': 'Credit', 'currency': 'GBP', 'branch_id': 'B00051', 'transaction_amount': 5863.12, 'exchange_rate': 1.3576}
[2024-11-02T16:02:58.772+0000] {kafka_operator.py:60} INFO - Sent transaction: {'transaction_id': 'T000096', 'transaction_date': 1701532978772, 'account_id': 'A00036', 'customer_id': 'C00021', 'transaction_type': 'Withdrawal', 'currency': 'GBP', 'branch_id': 'B00053', 'transaction_amount': 9225.69, 'exchange_rate': 0.5372}
[2024-11-02T16:02:58.773+0000] {kafka_operator.py:60} INFO - Sent transaction: {'transaction_id': 'T000097', 'transaction_date': 1716048178773, 'account_id': 'A00004', 'customer_id': 'C00032', 'transaction_type': 'Deposit', 'currency': 'EUR', 'branch_id': 'B00005', 'transaction_amount': 1825.15, 'exchange_rate': 0.5892}
[2024-11-02T16:02:58.774+0000] {kafka_operator.py:60} INFO - Sent transaction: {'transaction_id': 'T000098', 'transaction_date': 1725292978774, 'account_id': 'A00100', 'customer_id': 'C00099', 'transaction_type': 'Debit', 'currency': 'USD', 'branch_id': 'B00076', 'transaction_amount': 469.99, 'exchange_rate': 1.3317}
[2024-11-02T16:02:58.776+0000] {kafka_operator.py:60} INFO - Sent transaction: {'transaction_id': 'T000099', 'transaction_date': 1707926578775, 'account_id': 'A00087', 'customer_id': 'C00069', 'transaction_type': 'Deposit', 'currency': 'EUR', 'branch_id': 'B00019', 'transaction_amount': 2223.38, 'exchange_rate': 0.8093}
[2024-11-02T16:02:58.776+0000] {kafka_operator.py:60} INFO - Sent transaction: {'transaction_id': 'T000100', 'transaction_date': 1721664178776, 'account_id': 'A00080', 'customer_id': 'C00028', 'transaction_type': 'Transfer', 'currency': 'GBP', 'branch_id': 'B00084', 'transaction_amount': 5694.5, 'exchange_rate': 1.0017}
[2024-11-02T16:02:58.778+0000] {kafka_operator.py:63} INFO - 100 transaction records has been sent to kafka topic transaction_facts
[2024-11-02T16:02:58.779+0000] {conn.py:919} INFO - <BrokerConnection node_id=0 host=kafka_broker:9092 <connected> [IPv4 ('172.20.0.5', 9092)]>: Closing connection. 
[2024-11-02T16:02:58.788+0000] {taskinstance.py:1398} INFO - Marking task as SUCCESS. dag_id=transaction_facts_generator, task_id=generate_txn_fact_data, execution_date=20241102T160256, start_date=20241102T160258, end_date=20241102T160258
[2024-11-02T16:02:58.832+0000] {local_task_job_runner.py:228} INFO - Task exited with return code 0
[2024-11-02T16:02:58.850+0000] {taskinstance.py:2776} INFO - 0 downstream tasks scheduled from follow-on schedule check
