[2024-11-02T14:59:48.836+0000] {taskinstance.py:1157} INFO - Dependencies all met for dep_context=non-requeueable deps ti=<TaskInstance: dimension_batch_ingestion.ingest_branch_dim manual__2024-11-02T14:59:47.450059+00:00 [queued]>
[2024-11-02T14:59:48.848+0000] {taskinstance.py:1157} INFO - Dependencies all met for dep_context=requeueable deps ti=<TaskInstance: dimension_batch_ingestion.ingest_branch_dim manual__2024-11-02T14:59:47.450059+00:00 [queued]>
[2024-11-02T14:59:48.848+0000] {taskinstance.py:1359} INFO - Starting attempt 1 of 1
[2024-11-02T14:59:48.865+0000] {taskinstance.py:1380} INFO - Executing <Task(BashOperator): ingest_branch_dim> on 2024-11-02 14:59:47.450059+00:00
[2024-11-02T14:59:48.869+0000] {standard_task_runner.py:57} INFO - Started process 5573 to run task
[2024-11-02T14:59:48.874+0000] {standard_task_runner.py:84} INFO - Running: ['***', 'tasks', 'run', 'dimension_batch_ingestion', 'ingest_branch_dim', 'manual__2024-11-02T14:59:47.450059+00:00', '--job-id', '1816', '--raw', '--subdir', 'DAGS_FOLDER/loader_dag.py', '--cfg-path', '/tmp/tmp5pd3hpyp']
[2024-11-02T14:59:48.879+0000] {standard_task_runner.py:85} INFO - Job 1816: Subtask ingest_branch_dim
[2024-11-02T14:59:48.938+0000] {task_command.py:415} INFO - Running <TaskInstance: dimension_batch_ingestion.ingest_branch_dim manual__2024-11-02T14:59:47.450059+00:00 [running]> on host 5e812a6a7c02
[2024-11-02T14:59:49.072+0000] {taskinstance.py:1660} INFO - Exporting env vars: AIRFLOW_CTX_DAG_OWNER='minhtranquang' AIRFLOW_CTX_DAG_ID='dimension_batch_ingestion' AIRFLOW_CTX_TASK_ID='ingest_branch_dim' AIRFLOW_CTX_EXECUTION_DATE='2024-11-02T14:59:47.450059+00:00' AIRFLOW_CTX_TRY_NUMBER='1' AIRFLOW_CTX_DAG_RUN_ID='manual__2024-11-02T14:59:47.450059+00:00'
[2024-11-02T14:59:49.075+0000] {subprocess.py:63} INFO - Tmp dir root location: /tmp
[2024-11-02T14:59:49.078+0000] {subprocess.py:75} INFO - Running command: ['/bin/bash', '-c', 'curl -X POST -F file=@/opt/***/branch_dim_large_data.csv -H "Content-Type: multipart/form-data" "http://pinot-controller:9000/ingestFromFile?tableNameWithType=branch_dim_OFFLINE&batchConfigMapStr=%7B%22inputFormat%22%3A%22csv%22%2C%22recordReader.prop.delimiter%22%3A%22%7C%22%7D"']
[2024-11-02T14:59:49.088+0000] {subprocess.py:86} INFO - Output:
[2024-11-02T14:59:49.099+0000] {subprocess.py:93} INFO -   % Total    % Received % Xferd  Average Speed   Time    Time     Time  Current
[2024-11-02T14:59:49.100+0000] {subprocess.py:93} INFO -                                  Dload  Upload   Total   Spent    Left  Speed
[2024-11-02T14:59:49.309+0000] {subprocess.py:93} INFO -   0     0    0     0    0     0      0      0 --:--:-- --:--:-- --:--:--     0100  4263  100   107  100  4156    511  19885 --:--:-- --:--:-- --:--:-- 20397
[2024-11-02T14:59:49.313+0000] {subprocess.py:93} INFO - {"status":"Successfully ingested file into table: branch_dim_OFFLINE as segment: branch_dim_1730559589111"}
[2024-11-02T14:59:49.315+0000] {subprocess.py:97} INFO - Command exited with return code 0
[2024-11-02T14:59:49.417+0000] {taskinstance.py:1398} INFO - Marking task as SUCCESS. dag_id=dimension_batch_ingestion, task_id=ingest_branch_dim, execution_date=20241102T145947, start_date=20241102T145948, end_date=20241102T145949
[2024-11-02T14:59:49.489+0000] {local_task_job_runner.py:228} INFO - Task exited with return code 0
[2024-11-02T14:59:49.576+0000] {taskinstance.py:2776} INFO - 0 downstream tasks scheduled from follow-on schedule check
