[2024-11-02T15:05:21.380+0000] {taskinstance.py:1157} INFO - Dependencies all met for dep_context=non-requeueable deps ti=<TaskInstance: dimension_batch_ingestion.ingest_branch_dim manual__2024-11-02T15:05:20.172125+00:00 [queued]>
[2024-11-02T15:05:21.390+0000] {taskinstance.py:1157} INFO - Dependencies all met for dep_context=requeueable deps ti=<TaskInstance: dimension_batch_ingestion.ingest_branch_dim manual__2024-11-02T15:05:20.172125+00:00 [queued]>
[2024-11-02T15:05:21.391+0000] {taskinstance.py:1359} INFO - Starting attempt 1 of 1
[2024-11-02T15:05:21.408+0000] {taskinstance.py:1380} INFO - Executing <Task(BashOperator): ingest_branch_dim> on 2024-11-02 15:05:20.172125+00:00
[2024-11-02T15:05:21.414+0000] {standard_task_runner.py:57} INFO - Started process 6122 to run task
[2024-11-02T15:05:21.419+0000] {standard_task_runner.py:84} INFO - Running: ['***', 'tasks', 'run', 'dimension_batch_ingestion', 'ingest_branch_dim', 'manual__2024-11-02T15:05:20.172125+00:00', '--job-id', '1823', '--raw', '--subdir', 'DAGS_FOLDER/loader_dag.py', '--cfg-path', '/tmp/tmprerke24x']
[2024-11-02T15:05:21.424+0000] {standard_task_runner.py:85} INFO - Job 1823: Subtask ingest_branch_dim
[2024-11-02T15:05:21.478+0000] {task_command.py:415} INFO - Running <TaskInstance: dimension_batch_ingestion.ingest_branch_dim manual__2024-11-02T15:05:20.172125+00:00 [running]> on host 5e812a6a7c02
[2024-11-02T15:05:21.580+0000] {taskinstance.py:1660} INFO - Exporting env vars: AIRFLOW_CTX_DAG_OWNER='minhtranquang' AIRFLOW_CTX_DAG_ID='dimension_batch_ingestion' AIRFLOW_CTX_TASK_ID='ingest_branch_dim' AIRFLOW_CTX_EXECUTION_DATE='2024-11-02T15:05:20.172125+00:00' AIRFLOW_CTX_TRY_NUMBER='1' AIRFLOW_CTX_DAG_RUN_ID='manual__2024-11-02T15:05:20.172125+00:00'
[2024-11-02T15:05:21.583+0000] {subprocess.py:63} INFO - Tmp dir root location: /tmp
[2024-11-02T15:05:21.584+0000] {subprocess.py:75} INFO - Running command: ['/bin/bash', '-c', 'curl -X POST -F file=@/opt/***/branch_dim_large_data.csv -H "Content-Type: multipart/form-data" "http://pinot-controller:9000/ingestFromFile?tableNameWithType=branch_dim_OFFLINE&batchConfigMapStr=%7B%22inputFormat%22%3A%22csv%22%2C%22recordReader.prop.delimiter%22%3A%22%2C%22%7D"']
[2024-11-02T15:05:21.593+0000] {subprocess.py:86} INFO - Output:
[2024-11-02T15:05:21.603+0000] {subprocess.py:93} INFO -   % Total    % Received % Xferd  Average Speed   Time    Time     Time  Current
[2024-11-02T15:05:21.603+0000] {subprocess.py:93} INFO -                                  Dload  Upload   Total   Spent    Left  Speed
[2024-11-02T15:05:21.835+0000] {subprocess.py:93} INFO -   0     0    0     0    0     0      0      0 --:--:-- --:--:-- --:--:--     0100  4156    0     0  100  4156      0  20676 --:--:-- --:--:-- --:--:-- 20574100  4263  100   107  100  4156    461  17913 --:--:-- --:--:-- --:--:-- 18296
[2024-11-02T15:05:21.837+0000] {subprocess.py:93} INFO - {"status":"Successfully ingested file into table: branch_dim_OFFLINE as segment: branch_dim_1730559921608"}
[2024-11-02T15:05:21.838+0000] {subprocess.py:97} INFO - Command exited with return code 0
[2024-11-02T15:05:21.906+0000] {taskinstance.py:1398} INFO - Marking task as SUCCESS. dag_id=dimension_batch_ingestion, task_id=ingest_branch_dim, execution_date=20241102T150520, start_date=20241102T150521, end_date=20241102T150521
[2024-11-02T15:05:21.995+0000] {local_task_job_runner.py:228} INFO - Task exited with return code 0
[2024-11-02T15:05:22.053+0000] {taskinstance.py:2776} INFO - 0 downstream tasks scheduled from follow-on schedule check
