[2024-11-02T16:30:46.791+0000] {taskinstance.py:1157} INFO - Dependencies all met for dep_context=non-requeueable deps ti=<TaskInstance: transaction_facts_generator.generate_txn_fact_data manual__2024-11-02T16:30:45.078087+00:00 [queued]>
[2024-11-02T16:30:46.799+0000] {taskinstance.py:1157} INFO - Dependencies all met for dep_context=requeueable deps ti=<TaskInstance: transaction_facts_generator.generate_txn_fact_data manual__2024-11-02T16:30:45.078087+00:00 [queued]>
[2024-11-02T16:30:46.800+0000] {taskinstance.py:1359} INFO - Starting attempt 1 of 1
[2024-11-02T16:30:46.815+0000] {taskinstance.py:1380} INFO - Executing <Task(KafkaProducerOperator): generate_txn_fact_data> on 2024-11-02 16:30:45.078087+00:00
[2024-11-02T16:30:46.819+0000] {standard_task_runner.py:57} INFO - Started process 2841 to run task
[2024-11-02T16:30:46.822+0000] {standard_task_runner.py:84} INFO - Running: ['***', 'tasks', 'run', 'transaction_facts_generator', 'generate_txn_fact_data', 'manual__2024-11-02T16:30:45.078087+00:00', '--job-id', '1856', '--raw', '--subdir', 'DAGS_FOLDER/transaction_facts_generator.py', '--cfg-path', '/tmp/tmpbovkd11l']
[2024-11-02T16:30:46.825+0000] {standard_task_runner.py:85} INFO - Job 1856: Subtask generate_txn_fact_data
[2024-11-02T16:30:46.867+0000] {task_command.py:415} INFO - Running <TaskInstance: transaction_facts_generator.generate_txn_fact_data manual__2024-11-02T16:30:45.078087+00:00 [running]> on host d7ae6674561a
[2024-11-02T16:30:46.946+0000] {taskinstance.py:1660} INFO - Exporting env vars: AIRFLOW_CTX_DAG_OWNER='minhtranquang' AIRFLOW_CTX_DAG_ID='transaction_facts_generator' AIRFLOW_CTX_TASK_ID='generate_txn_fact_data' AIRFLOW_CTX_EXECUTION_DATE='2024-11-02T16:30:45.078087+00:00' AIRFLOW_CTX_TRY_NUMBER='1' AIRFLOW_CTX_DAG_RUN_ID='manual__2024-11-02T16:30:45.078087+00:00'
[2024-11-02T16:30:46.950+0000] {conn.py:380} INFO - <BrokerConnection node_id=bootstrap-0 host=kafka_broker:9092 <connecting> [IPv4 ('172.20.0.5', 9092)]>: connecting to kafka_broker:9092 [('172.20.0.5', 9092) IPv4]
[2024-11-02T16:30:46.951+0000] {conn.py:1205} INFO - Probing node bootstrap-0 broker version
[2024-11-02T16:30:46.952+0000] {conn.py:410} INFO - <BrokerConnection node_id=bootstrap-0 host=kafka_broker:9092 <connecting> [IPv4 ('172.20.0.5', 9092)]>: Connection complete.
[2024-11-02T16:30:47.056+0000] {conn.py:1267} INFO - Broker version identified as 2.5.0
[2024-11-02T16:30:47.057+0000] {conn.py:1268} INFO - Set configuration api_version=(2, 5, 0) to skip auto check_version requests on startup
[2024-11-02T16:30:47.061+0000] {kafka_operator.py:60} INFO - Sent transaction: {'transaction_id': 'T000001', 'transaction_date': 1723307447060, 'account_id': 'A00070', 'customer_id': 'C00090', 'transaction_type': 'Debit', 'currency': 'USD', 'branch_id': 'B00033', 'transaction_amount': 4362.47, 'exchange_rate': 0.9961}
[2024-11-02T16:30:47.062+0000] {kafka_operator.py:60} INFO - Sent transaction: {'transaction_id': 'T000002', 'transaction_date': 1714581047062, 'account_id': 'A00069', 'customer_id': 'C00018', 'transaction_type': 'Credit', 'currency': 'EUR', 'branch_id': 'B00082', 'transaction_amount': 8340.83, 'exchange_rate': 0.6266}
[2024-11-02T16:30:47.062+0000] {conn.py:380} INFO - <BrokerConnection node_id=0 host=kafka_broker:9092 <connecting> [IPv4 ('172.20.0.5', 9092)]>: connecting to kafka_broker:9092 [('172.20.0.5', 9092) IPv4]
[2024-11-02T16:30:47.063+0000] {kafka_operator.py:60} INFO - Sent transaction: {'transaction_id': 'T000003', 'transaction_date': 1719505847063, 'account_id': 'A00071', 'customer_id': 'C00039', 'transaction_type': 'Deposit', 'currency': 'USD', 'branch_id': 'B00006', 'transaction_amount': 992.11, 'exchange_rate': 1.4759}
[2024-11-02T16:30:47.064+0000] {conn.py:410} INFO - <BrokerConnection node_id=0 host=kafka_broker:9092 <connecting> [IPv4 ('172.20.0.5', 9092)]>: Connection complete.
[2024-11-02T16:30:47.064+0000] {kafka_operator.py:60} INFO - Sent transaction: {'transaction_id': 'T000004', 'transaction_date': 1703867447064, 'account_id': 'A00099', 'customer_id': 'C00072', 'transaction_type': 'Debit', 'currency': 'GBP', 'branch_id': 'B00045', 'transaction_amount': 9603.02, 'exchange_rate': 1.3259}
[2024-11-02T16:30:47.065+0000] {conn.py:919} INFO - <BrokerConnection node_id=bootstrap-0 host=kafka_broker:9092 <connected> [IPv4 ('172.20.0.5', 9092)]>: Closing connection. 
[2024-11-02T16:30:47.066+0000] {kafka_operator.py:60} INFO - Sent transaction: {'transaction_id': 'T000005', 'transaction_date': 1718814647066, 'account_id': 'A00049', 'customer_id': 'C00095', 'transaction_type': 'Transfer', 'currency': 'USD', 'branch_id': 'B00014', 'transaction_amount': 3167.89, 'exchange_rate': 1.1934}
[2024-11-02T16:30:47.068+0000] {kafka_operator.py:60} INFO - Sent transaction: {'transaction_id': 'T000006', 'transaction_date': 1704731447068, 'account_id': 'A00034', 'customer_id': 'C00043', 'transaction_type': 'Deposit', 'currency': 'GBP', 'branch_id': 'B00099', 'transaction_amount': 9704.28, 'exchange_rate': 0.6475}
[2024-11-02T16:30:47.069+0000] {kafka_operator.py:60} INFO - Sent transaction: {'transaction_id': 'T000007', 'transaction_date': 1730133047069, 'account_id': 'A00083', 'customer_id': 'C00016', 'transaction_type': 'Deposit', 'currency': 'GBP', 'branch_id': 'B00009', 'transaction_amount': 8839.65, 'exchange_rate': 1.2827}
[2024-11-02T16:30:47.070+0000] {kafka_operator.py:60} INFO - Sent transaction: {'transaction_id': 'T000008', 'transaction_date': 1702744247070, 'account_id': 'A00092', 'customer_id': 'C00074', 'transaction_type': 'Withdrawal', 'currency': 'GBP', 'branch_id': 'B00094', 'transaction_amount': 7253.03, 'exchange_rate': 0.9495}
[2024-11-02T16:30:47.072+0000] {kafka_operator.py:60} INFO - Sent transaction: {'transaction_id': 'T000009', 'transaction_date': 1707669047071, 'account_id': 'A00095', 'customer_id': 'C00076', 'transaction_type': 'Withdrawal', 'currency': 'USD', 'branch_id': 'B00038', 'transaction_amount': 3553.08, 'exchange_rate': 1.4872}
[2024-11-02T16:30:47.073+0000] {kafka_operator.py:60} INFO - Sent transaction: {'transaction_id': 'T000010', 'transaction_date': 1702398647073, 'account_id': 'A00029', 'customer_id': 'C00029', 'transaction_type': 'Withdrawal', 'currency': 'GBP', 'branch_id': 'B00093', 'transaction_amount': 9487.2, 'exchange_rate': 0.9602}
[2024-11-02T16:30:47.075+0000] {kafka_operator.py:60} INFO - Sent transaction: {'transaction_id': 'T000011', 'transaction_date': 1727281847074, 'account_id': 'A00020', 'customer_id': 'C00077', 'transaction_type': 'Withdrawal', 'currency': 'USD', 'branch_id': 'B00076', 'transaction_amount': 2786.89, 'exchange_rate': 1.4666}
[2024-11-02T16:30:47.076+0000] {kafka_operator.py:60} INFO - Sent transaction: {'transaction_id': 'T000012', 'transaction_date': 1715272247076, 'account_id': 'A00028', 'customer_id': 'C00065', 'transaction_type': 'Withdrawal', 'currency': 'USD', 'branch_id': 'B00053', 'transaction_amount': 8922.95, 'exchange_rate': 1.1097}
[2024-11-02T16:30:47.077+0000] {kafka_operator.py:60} INFO - Sent transaction: {'transaction_id': 'T000013', 'transaction_date': 1711125047077, 'account_id': 'A00078', 'customer_id': 'C00093', 'transaction_type': 'Debit', 'currency': 'EUR', 'branch_id': 'B00030', 'transaction_amount': 855.56, 'exchange_rate': 1.2385}
[2024-11-02T16:30:47.078+0000] {kafka_operator.py:60} INFO - Sent transaction: {'transaction_id': 'T000014', 'transaction_date': 1718296247078, 'account_id': 'A00036', 'customer_id': 'C00001', 'transaction_type': 'Transfer', 'currency': 'USD', 'branch_id': 'B00054', 'transaction_amount': 3567.39, 'exchange_rate': 1.4913}
[2024-11-02T16:30:47.080+0000] {kafka_operator.py:60} INFO - Sent transaction: {'transaction_id': 'T000015', 'transaction_date': 1715877047079, 'account_id': 'A00039', 'customer_id': 'C00026', 'transaction_type': 'Deposit', 'currency': 'GBP', 'branch_id': 'B00094', 'transaction_amount': 6734.07, 'exchange_rate': 1.2172}
[2024-11-02T16:30:47.081+0000] {kafka_operator.py:60} INFO - Sent transaction: {'transaction_id': 'T000016', 'transaction_date': 1718987447081, 'account_id': 'A00032', 'customer_id': 'C00099', 'transaction_type': 'Credit', 'currency': 'EUR', 'branch_id': 'B00024', 'transaction_amount': 5022.83, 'exchange_rate': 0.9391}
[2024-11-02T16:30:47.082+0000] {kafka_operator.py:60} INFO - Sent transaction: {'transaction_id': 'T000017', 'transaction_date': 1701966647082, 'account_id': 'A00100', 'customer_id': 'C00015', 'transaction_type': 'Credit', 'currency': 'USD', 'branch_id': 'B00032', 'transaction_amount': 5263.8, 'exchange_rate': 0.8391}
[2024-11-02T16:30:47.084+0000] {kafka_operator.py:60} INFO - Sent transaction: {'transaction_id': 'T000018', 'transaction_date': 1702657847084, 'account_id': 'A00009', 'customer_id': 'C00073', 'transaction_type': 'Withdrawal', 'currency': 'GBP', 'branch_id': 'B00087', 'transaction_amount': 7319.09, 'exchange_rate': 0.5096}
[2024-11-02T16:30:47.086+0000] {kafka_operator.py:60} INFO - Sent transaction: {'transaction_id': 'T000019', 'transaction_date': 1715013047085, 'account_id': 'A00008', 'customer_id': 'C00054', 'transaction_type': 'Deposit', 'currency': 'GBP', 'branch_id': 'B00086', 'transaction_amount': 9599.95, 'exchange_rate': 0.574}
[2024-11-02T16:30:47.087+0000] {kafka_operator.py:60} INFO - Sent transaction: {'transaction_id': 'T000020', 'transaction_date': 1717259447087, 'account_id': 'A00020', 'customer_id': 'C00074', 'transaction_type': 'Credit', 'currency': 'EUR', 'branch_id': 'B00038', 'transaction_amount': 7675.67, 'exchange_rate': 1.2411}
[2024-11-02T16:30:47.089+0000] {kafka_operator.py:60} INFO - Sent transaction: {'transaction_id': 'T000021', 'transaction_date': 1711125047088, 'account_id': 'A00074', 'customer_id': 'C00039', 'transaction_type': 'Transfer', 'currency': 'GBP', 'branch_id': 'B00011', 'transaction_amount': 1081.0, 'exchange_rate': 0.5196}
[2024-11-02T16:30:47.090+0000] {kafka_operator.py:60} INFO - Sent transaction: {'transaction_id': 'T000022', 'transaction_date': 1719246647090, 'account_id': 'A00003', 'customer_id': 'C00013', 'transaction_type': 'Deposit', 'currency': 'GBP', 'branch_id': 'B00033', 'transaction_amount': 9799.17, 'exchange_rate': 0.5956}
[2024-11-02T16:30:47.092+0000] {kafka_operator.py:60} INFO - Sent transaction: {'transaction_id': 'T000023', 'transaction_date': 1710001847091, 'account_id': 'A00059', 'customer_id': 'C00023', 'transaction_type': 'Transfer', 'currency': 'GBP', 'branch_id': 'B00076', 'transaction_amount': 8464.96, 'exchange_rate': 1.2117}
[2024-11-02T16:30:47.093+0000] {kafka_operator.py:60} INFO - Sent transaction: {'transaction_id': 'T000024', 'transaction_date': 1722357047093, 'account_id': 'A00098', 'customer_id': 'C00027', 'transaction_type': 'Deposit', 'currency': 'GBP', 'branch_id': 'B00086', 'transaction_amount': 2540.69, 'exchange_rate': 1.4434}
[2024-11-02T16:30:47.095+0000] {kafka_operator.py:60} INFO - Sent transaction: {'transaction_id': 'T000025', 'transaction_date': 1709829047095, 'account_id': 'A00074', 'customer_id': 'C00046', 'transaction_type': 'Debit', 'currency': 'USD', 'branch_id': 'B00019', 'transaction_amount': 2916.06, 'exchange_rate': 1.21}
[2024-11-02T16:30:47.096+0000] {kafka_operator.py:60} INFO - Sent transaction: {'transaction_id': 'T000026', 'transaction_date': 1714321847096, 'account_id': 'A00087', 'customer_id': 'C00079', 'transaction_type': 'Debit', 'currency': 'USD', 'branch_id': 'B00056', 'transaction_amount': 6153.03, 'exchange_rate': 1.1269}
[2024-11-02T16:30:47.098+0000] {kafka_operator.py:60} INFO - Sent transaction: {'transaction_id': 'T000027', 'transaction_date': 1715185847098, 'account_id': 'A00078', 'customer_id': 'C00045', 'transaction_type': 'Withdrawal', 'currency': 'GBP', 'branch_id': 'B00010', 'transaction_amount': 7716.97, 'exchange_rate': 0.7594}
[2024-11-02T16:30:47.100+0000] {kafka_operator.py:60} INFO - Sent transaction: {'transaction_id': 'T000028', 'transaction_date': 1702830647099, 'account_id': 'A00026', 'customer_id': 'C00015', 'transaction_type': 'Deposit', 'currency': 'GBP', 'branch_id': 'B00063', 'transaction_amount': 6157.59, 'exchange_rate': 0.6171}
[2024-11-02T16:30:47.101+0000] {kafka_operator.py:60} INFO - Sent transaction: {'transaction_id': 'T000029', 'transaction_date': 1702917047101, 'account_id': 'A00075', 'customer_id': 'C00048', 'transaction_type': 'Debit', 'currency': 'GBP', 'branch_id': 'B00050', 'transaction_amount': 4923.68, 'exchange_rate': 1.0028}
[2024-11-02T16:30:47.103+0000] {kafka_operator.py:60} INFO - Sent transaction: {'transaction_id': 'T000030', 'transaction_date': 1705336247102, 'account_id': 'A00047', 'customer_id': 'C00098', 'transaction_type': 'Transfer', 'currency': 'EUR', 'branch_id': 'B00013', 'transaction_amount': 7915.84, 'exchange_rate': 1.1636}
[2024-11-02T16:30:47.105+0000] {kafka_operator.py:60} INFO - Sent transaction: {'transaction_id': 'T000031', 'transaction_date': 1718814647104, 'account_id': 'A00079', 'customer_id': 'C00045', 'transaction_type': 'Transfer', 'currency': 'GBP', 'branch_id': 'B00019', 'transaction_amount': 7230.38, 'exchange_rate': 0.5807}
[2024-11-02T16:30:47.106+0000] {kafka_operator.py:60} INFO - Sent transaction: {'transaction_id': 'T000032', 'transaction_date': 1727109047106, 'account_id': 'A00096', 'customer_id': 'C00055', 'transaction_type': 'Debit', 'currency': 'EUR', 'branch_id': 'B00014', 'transaction_amount': 7792.85, 'exchange_rate': 0.7453}
[2024-11-02T16:30:47.107+0000] {kafka_operator.py:60} INFO - Sent transaction: {'transaction_id': 'T000033', 'transaction_date': 1705422647107, 'account_id': 'A00056', 'customer_id': 'C00046', 'transaction_type': 'Withdrawal', 'currency': 'USD', 'branch_id': 'B00048', 'transaction_amount': 1466.86, 'exchange_rate': 1.3962}
[2024-11-02T16:30:47.109+0000] {kafka_operator.py:60} INFO - Sent transaction: {'transaction_id': 'T000034', 'transaction_date': 1716827447109, 'account_id': 'A00079', 'customer_id': 'C00069', 'transaction_type': 'Transfer', 'currency': 'GBP', 'branch_id': 'B00078', 'transaction_amount': 4787.97, 'exchange_rate': 1.134}
[2024-11-02T16:30:47.110+0000] {kafka_operator.py:60} INFO - Sent transaction: {'transaction_id': 'T000035', 'transaction_date': 1718382647110, 'account_id': 'A00056', 'customer_id': 'C00073', 'transaction_type': 'Debit', 'currency': 'USD', 'branch_id': 'B00036', 'transaction_amount': 6186.2, 'exchange_rate': 1.1498}
[2024-11-02T16:30:47.112+0000] {kafka_operator.py:60} INFO - Sent transaction: {'transaction_id': 'T000036', 'transaction_date': 1716309047112, 'account_id': 'A00007', 'customer_id': 'C00054', 'transaction_type': 'Transfer', 'currency': 'USD', 'branch_id': 'B00069', 'transaction_amount': 3043.87, 'exchange_rate': 1.2803}
[2024-11-02T16:30:47.113+0000] {kafka_operator.py:60} INFO - Sent transaction: {'transaction_id': 'T000037', 'transaction_date': 1711989047113, 'account_id': 'A00052', 'customer_id': 'C00029', 'transaction_type': 'Credit', 'currency': 'USD', 'branch_id': 'B00041', 'transaction_amount': 1843.49, 'exchange_rate': 1.1693}
[2024-11-02T16:30:47.115+0000] {kafka_operator.py:60} INFO - Sent transaction: {'transaction_id': 'T000038', 'transaction_date': 1702917047115, 'account_id': 'A00009', 'customer_id': 'C00099', 'transaction_type': 'Credit', 'currency': 'EUR', 'branch_id': 'B00025', 'transaction_amount': 4973.54, 'exchange_rate': 0.5118}
[2024-11-02T16:30:47.116+0000] {kafka_operator.py:60} INFO - Sent transaction: {'transaction_id': 'T000039', 'transaction_date': 1709829047116, 'account_id': 'A00089', 'customer_id': 'C00025', 'transaction_type': 'Transfer', 'currency': 'EUR', 'branch_id': 'B00041', 'transaction_amount': 9074.36, 'exchange_rate': 0.9505}
[2024-11-02T16:30:47.118+0000] {kafka_operator.py:60} INFO - Sent transaction: {'transaction_id': 'T000040', 'transaction_date': 1707237047118, 'account_id': 'A00067', 'customer_id': 'C00010', 'transaction_type': 'Credit', 'currency': 'USD', 'branch_id': 'B00061', 'transaction_amount': 1419.34, 'exchange_rate': 1.2679}
[2024-11-02T16:30:47.119+0000] {kafka_operator.py:60} INFO - Sent transaction: {'transaction_id': 'T000041', 'transaction_date': 1705768247119, 'account_id': 'A00041', 'customer_id': 'C00049', 'transaction_type': 'Deposit', 'currency': 'EUR', 'branch_id': 'B00021', 'transaction_amount': 9937.15, 'exchange_rate': 0.5977}
[2024-11-02T16:30:47.121+0000] {kafka_operator.py:60} INFO - Sent transaction: {'transaction_id': 'T000042', 'transaction_date': 1718987447121, 'account_id': 'A00065', 'customer_id': 'C00075', 'transaction_type': 'Debit', 'currency': 'GBP', 'branch_id': 'B00022', 'transaction_amount': 7119.29, 'exchange_rate': 0.8172}
[2024-11-02T16:30:47.124+0000] {kafka_operator.py:60} INFO - Sent transaction: {'transaction_id': 'T000043', 'transaction_date': 1725813047123, 'account_id': 'A00058', 'customer_id': 'C00030', 'transaction_type': 'Credit', 'currency': 'USD', 'branch_id': 'B00015', 'transaction_amount': 8420.64, 'exchange_rate': 1.4554}
[2024-11-02T16:30:47.125+0000] {kafka_operator.py:60} INFO - Sent transaction: {'transaction_id': 'T000044', 'transaction_date': 1727454647125, 'account_id': 'A00043', 'customer_id': 'C00070', 'transaction_type': 'Transfer', 'currency': 'USD', 'branch_id': 'B00001', 'transaction_amount': 6210.98, 'exchange_rate': 1.4386}
[2024-11-02T16:30:47.126+0000] {kafka_operator.py:60} INFO - Sent transaction: {'transaction_id': 'T000045', 'transaction_date': 1728318647126, 'account_id': 'A00009', 'customer_id': 'C00027', 'transaction_type': 'Withdrawal', 'currency': 'EUR', 'branch_id': 'B00012', 'transaction_amount': 8054.78, 'exchange_rate': 0.5604}
[2024-11-02T16:30:47.128+0000] {kafka_operator.py:60} INFO - Sent transaction: {'transaction_id': 'T000046', 'transaction_date': 1721752247128, 'account_id': 'A00054', 'customer_id': 'C00057', 'transaction_type': 'Debit', 'currency': 'EUR', 'branch_id': 'B00091', 'transaction_amount': 7819.97, 'exchange_rate': 0.9135}
[2024-11-02T16:30:47.129+0000] {kafka_operator.py:60} INFO - Sent transaction: {'transaction_id': 'T000047', 'transaction_date': 1713630647129, 'account_id': 'A00025', 'customer_id': 'C00065', 'transaction_type': 'Transfer', 'currency': 'EUR', 'branch_id': 'B00099', 'transaction_amount': 1787.46, 'exchange_rate': 0.524}
[2024-11-02T16:30:47.131+0000] {kafka_operator.py:60} INFO - Sent transaction: {'transaction_id': 'T000048', 'transaction_date': 1725381047131, 'account_id': 'A00001', 'customer_id': 'C00017', 'transaction_type': 'Transfer', 'currency': 'GBP', 'branch_id': 'B00073', 'transaction_amount': 9436.68, 'exchange_rate': 1.4605}
[2024-11-02T16:30:47.133+0000] {kafka_operator.py:60} INFO - Sent transaction: {'transaction_id': 'T000049', 'transaction_date': 1723134647132, 'account_id': 'A00016', 'customer_id': 'C00063', 'transaction_type': 'Withdrawal', 'currency': 'GBP', 'branch_id': 'B00098', 'transaction_amount': 6404.45, 'exchange_rate': 0.8537}
[2024-11-02T16:30:47.133+0000] {kafka_operator.py:60} INFO - Sent transaction: {'transaction_id': 'T000050', 'transaction_date': 1714408247133, 'account_id': 'A00062', 'customer_id': 'C00036', 'transaction_type': 'Debit', 'currency': 'EUR', 'branch_id': 'B00036', 'transaction_amount': 2403.21, 'exchange_rate': 0.6182}
[2024-11-02T16:30:47.135+0000] {kafka_operator.py:60} INFO - Sent transaction: {'transaction_id': 'T000051', 'transaction_date': 1702485047135, 'account_id': 'A00067', 'customer_id': 'C00013', 'transaction_type': 'Debit', 'currency': 'EUR', 'branch_id': 'B00055', 'transaction_amount': 2262.85, 'exchange_rate': 1.0086}
[2024-11-02T16:30:47.137+0000] {kafka_operator.py:60} INFO - Sent transaction: {'transaction_id': 'T000052', 'transaction_date': 1701793847136, 'account_id': 'A00055', 'customer_id': 'C00035', 'transaction_type': 'Transfer', 'currency': 'EUR', 'branch_id': 'B00100', 'transaction_amount': 6481.09, 'exchange_rate': 1.0365}
[2024-11-02T16:30:47.138+0000] {kafka_operator.py:60} INFO - Sent transaction: {'transaction_id': 'T000053', 'transaction_date': 1722357047138, 'account_id': 'A00039', 'customer_id': 'C00050', 'transaction_type': 'Debit', 'currency': 'EUR', 'branch_id': 'B00077', 'transaction_amount': 1402.23, 'exchange_rate': 1.3}
[2024-11-02T16:30:47.140+0000] {kafka_operator.py:60} INFO - Sent transaction: {'transaction_id': 'T000054', 'transaction_date': 1717345847139, 'account_id': 'A00077', 'customer_id': 'C00009', 'transaction_type': 'Deposit', 'currency': 'GBP', 'branch_id': 'B00090', 'transaction_amount': 5172.24, 'exchange_rate': 1.0392}
[2024-11-02T16:30:47.141+0000] {kafka_operator.py:60} INFO - Sent transaction: {'transaction_id': 'T000055', 'transaction_date': 1721752247141, 'account_id': 'A00093', 'customer_id': 'C00052', 'transaction_type': 'Transfer', 'currency': 'USD', 'branch_id': 'B00042', 'transaction_amount': 6380.14, 'exchange_rate': 1.2852}
[2024-11-02T16:30:47.143+0000] {kafka_operator.py:60} INFO - Sent transaction: {'transaction_id': 'T000056', 'transaction_date': 1701966647142, 'account_id': 'A00077', 'customer_id': 'C00056', 'transaction_type': 'Withdrawal', 'currency': 'USD', 'branch_id': 'B00075', 'transaction_amount': 4793.0, 'exchange_rate': 1.0729}
[2024-11-02T16:30:47.144+0000] {kafka_operator.py:60} INFO - Sent transaction: {'transaction_id': 'T000057', 'transaction_date': 1701361847144, 'account_id': 'A00021', 'customer_id': 'C00029', 'transaction_type': 'Debit', 'currency': 'GBP', 'branch_id': 'B00020', 'transaction_amount': 294.97, 'exchange_rate': 1.3948}
[2024-11-02T16:30:47.146+0000] {kafka_operator.py:60} INFO - Sent transaction: {'transaction_id': 'T000058', 'transaction_date': 1706286647146, 'account_id': 'A00034', 'customer_id': 'C00079', 'transaction_type': 'Credit', 'currency': 'GBP', 'branch_id': 'B00071', 'transaction_amount': 8856.98, 'exchange_rate': 1.3417}
[2024-11-02T16:30:47.148+0000] {kafka_operator.py:60} INFO - Sent transaction: {'transaction_id': 'T000059', 'transaction_date': 1708619447147, 'account_id': 'A00087', 'customer_id': 'C00008', 'transaction_type': 'Transfer', 'currency': 'USD', 'branch_id': 'B00054', 'transaction_amount': 3397.74, 'exchange_rate': 1.1032}
[2024-11-02T16:30:47.149+0000] {kafka_operator.py:60} INFO - Sent transaction: {'transaction_id': 'T000060', 'transaction_date': 1701102647149, 'account_id': 'A00081', 'customer_id': 'C00060', 'transaction_type': 'Debit', 'currency': 'USD', 'branch_id': 'B00097', 'transaction_amount': 6795.73, 'exchange_rate': 0.908}
[2024-11-02T16:30:47.151+0000] {kafka_operator.py:60} INFO - Sent transaction: {'transaction_id': 'T000061', 'transaction_date': 1707928247150, 'account_id': 'A00046', 'customer_id': 'C00040', 'transaction_type': 'Transfer', 'currency': 'GBP', 'branch_id': 'B00068', 'transaction_amount': 9684.73, 'exchange_rate': 1.0176}
[2024-11-02T16:30:47.152+0000] {kafka_operator.py:60} INFO - Sent transaction: {'transaction_id': 'T000062', 'transaction_date': 1708878647152, 'account_id': 'A00017', 'customer_id': 'C00017', 'transaction_type': 'Transfer', 'currency': 'USD', 'branch_id': 'B00021', 'transaction_amount': 8296.09, 'exchange_rate': 1.4003}
[2024-11-02T16:30:47.153+0000] {kafka_operator.py:60} INFO - Sent transaction: {'transaction_id': 'T000063', 'transaction_date': 1721493047153, 'account_id': 'A00006', 'customer_id': 'C00032', 'transaction_type': 'Debit', 'currency': 'USD', 'branch_id': 'B00072', 'transaction_amount': 75.69, 'exchange_rate': 1.2848}
[2024-11-02T16:30:47.155+0000] {kafka_operator.py:60} INFO - Sent transaction: {'transaction_id': 'T000064', 'transaction_date': 1709483447155, 'account_id': 'A00071', 'customer_id': 'C00055', 'transaction_type': 'Withdrawal', 'currency': 'GBP', 'branch_id': 'B00094', 'transaction_amount': 6960.23, 'exchange_rate': 0.7732}
[2024-11-02T16:30:47.157+0000] {kafka_operator.py:60} INFO - Sent transaction: {'transaction_id': 'T000065', 'transaction_date': 1729960247156, 'account_id': 'A00066', 'customer_id': 'C00011', 'transaction_type': 'Withdrawal', 'currency': 'EUR', 'branch_id': 'B00007', 'transaction_amount': 6236.86, 'exchange_rate': 0.8772}
[2024-11-02T16:30:47.158+0000] {kafka_operator.py:60} INFO - Sent transaction: {'transaction_id': 'T000066', 'transaction_date': 1701361847158, 'account_id': 'A00062', 'customer_id': 'C00027', 'transaction_type': 'Debit', 'currency': 'USD', 'branch_id': 'B00095', 'transaction_amount': 4358.75, 'exchange_rate': 0.5092}
[2024-11-02T16:30:47.160+0000] {kafka_operator.py:60} INFO - Sent transaction: {'transaction_id': 'T000067', 'transaction_date': 1718209847159, 'account_id': 'A00099', 'customer_id': 'C00074', 'transaction_type': 'Withdrawal', 'currency': 'EUR', 'branch_id': 'B00067', 'transaction_amount': 2518.31, 'exchange_rate': 0.6624}
[2024-11-02T16:30:47.162+0000] {kafka_operator.py:60} INFO - Sent transaction: {'transaction_id': 'T000068', 'transaction_date': 1707323447161, 'account_id': 'A00072', 'customer_id': 'C00064', 'transaction_type': 'Credit', 'currency': 'USD', 'branch_id': 'B00077', 'transaction_amount': 1439.43, 'exchange_rate': 0.6412}
[2024-11-02T16:30:47.163+0000] {kafka_operator.py:60} INFO - Sent transaction: {'transaction_id': 'T000069', 'transaction_date': 1704558647163, 'account_id': 'A00092', 'customer_id': 'C00014', 'transaction_type': 'Debit', 'currency': 'EUR', 'branch_id': 'B00042', 'transaction_amount': 6547.94, 'exchange_rate': 0.5595}
[2024-11-02T16:30:47.165+0000] {kafka_operator.py:60} INFO - Sent transaction: {'transaction_id': 'T000070', 'transaction_date': 1716654647164, 'account_id': 'A00076', 'customer_id': 'C00022', 'transaction_type': 'Debit', 'currency': 'USD', 'branch_id': 'B00054', 'transaction_amount': 4084.4, 'exchange_rate': 1.2703}
[2024-11-02T16:30:47.166+0000] {kafka_operator.py:60} INFO - Sent transaction: {'transaction_id': 'T000071', 'transaction_date': 1701966647166, 'account_id': 'A00018', 'customer_id': 'C00083', 'transaction_type': 'Withdrawal', 'currency': 'EUR', 'branch_id': 'B00036', 'transaction_amount': 3395.1, 'exchange_rate': 0.5381}
[2024-11-02T16:30:47.168+0000] {kafka_operator.py:60} INFO - Sent transaction: {'transaction_id': 'T000072', 'transaction_date': 1724430647167, 'account_id': 'A00072', 'customer_id': 'C00007', 'transaction_type': 'Transfer', 'currency': 'GBP', 'branch_id': 'B00085', 'transaction_amount': 4571.63, 'exchange_rate': 1.4609}
[2024-11-02T16:30:47.169+0000] {kafka_operator.py:60} INFO - Sent transaction: {'transaction_id': 'T000073', 'transaction_date': 1727627447169, 'account_id': 'A00006', 'customer_id': 'C00076', 'transaction_type': 'Deposit', 'currency': 'GBP', 'branch_id': 'B00093', 'transaction_amount': 4073.99, 'exchange_rate': 0.7242}
[2024-11-02T16:30:47.171+0000] {kafka_operator.py:60} INFO - Sent transaction: {'transaction_id': 'T000074', 'transaction_date': 1701016247171, 'account_id': 'A00007', 'customer_id': 'C00030', 'transaction_type': 'Deposit', 'currency': 'EUR', 'branch_id': 'B00090', 'transaction_amount': 8739.02, 'exchange_rate': 1.1475}
[2024-11-02T16:30:47.173+0000] {kafka_operator.py:60} INFO - Sent transaction: {'transaction_id': 'T000075', 'transaction_date': 1720542647172, 'account_id': 'A00044', 'customer_id': 'C00084', 'transaction_type': 'Withdrawal', 'currency': 'EUR', 'branch_id': 'B00020', 'transaction_amount': 9225.01, 'exchange_rate': 1.4645}
[2024-11-02T16:30:47.175+0000] {kafka_operator.py:60} INFO - Sent transaction: {'transaction_id': 'T000076', 'transaction_date': 1727800247174, 'account_id': 'A00054', 'customer_id': 'C00079', 'transaction_type': 'Credit', 'currency': 'GBP', 'branch_id': 'B00087', 'transaction_amount': 8777.23, 'exchange_rate': 0.5745}
[2024-11-02T16:30:47.176+0000] {kafka_operator.py:60} INFO - Sent transaction: {'transaction_id': 'T000077', 'transaction_date': 1701621047176, 'account_id': 'A00072', 'customer_id': 'C00008', 'transaction_type': 'Withdrawal', 'currency': 'GBP', 'branch_id': 'B00002', 'transaction_amount': 6017.27, 'exchange_rate': 0.794}
[2024-11-02T16:30:47.177+0000] {kafka_operator.py:60} INFO - Sent transaction: {'transaction_id': 'T000078', 'transaction_date': 1719073847177, 'account_id': 'A00074', 'customer_id': 'C00010', 'transaction_type': 'Withdrawal', 'currency': 'USD', 'branch_id': 'B00093', 'transaction_amount': 7650.84, 'exchange_rate': 1.4075}
[2024-11-02T16:30:47.179+0000] {kafka_operator.py:60} INFO - Sent transaction: {'transaction_id': 'T000079', 'transaction_date': 1716913847179, 'account_id': 'A00084', 'customer_id': 'C00076', 'transaction_type': 'Deposit', 'currency': 'USD', 'branch_id': 'B00030', 'transaction_amount': 2597.45, 'exchange_rate': 1.0588}
[2024-11-02T16:30:47.180+0000] {kafka_operator.py:60} INFO - Sent transaction: {'transaction_id': 'T000080', 'transaction_date': 1715185847180, 'account_id': 'A00045', 'customer_id': 'C00049', 'transaction_type': 'Deposit', 'currency': 'EUR', 'branch_id': 'B00015', 'transaction_amount': 5719.08, 'exchange_rate': 0.5965}
[2024-11-02T16:30:47.182+0000] {kafka_operator.py:60} INFO - Sent transaction: {'transaction_id': 'T000081', 'transaction_date': 1708792247182, 'account_id': 'A00062', 'customer_id': 'C00030', 'transaction_type': 'Credit', 'currency': 'GBP', 'branch_id': 'B00091', 'transaction_amount': 3292.03, 'exchange_rate': 0.7917}
[2024-11-02T16:30:47.184+0000] {kafka_operator.py:60} INFO - Sent transaction: {'transaction_id': 'T000082', 'transaction_date': 1716049847184, 'account_id': 'A00064', 'customer_id': 'C00029', 'transaction_type': 'Withdrawal', 'currency': 'GBP', 'branch_id': 'B00084', 'transaction_amount': 4542.33, 'exchange_rate': 0.9783}
[2024-11-02T16:30:47.186+0000] {kafka_operator.py:60} INFO - Sent transaction: {'transaction_id': 'T000083', 'transaction_date': 1726677047185, 'account_id': 'A00014', 'customer_id': 'C00065', 'transaction_type': 'Withdrawal', 'currency': 'GBP', 'branch_id': 'B00020', 'transaction_amount': 5628.98, 'exchange_rate': 1.4444}
[2024-11-02T16:30:47.187+0000] {kafka_operator.py:60} INFO - Sent transaction: {'transaction_id': 'T000084', 'transaction_date': 1716309047187, 'account_id': 'A00041', 'customer_id': 'C00086', 'transaction_type': 'Deposit', 'currency': 'EUR', 'branch_id': 'B00009', 'transaction_amount': 2544.48, 'exchange_rate': 1.2064}
[2024-11-02T16:30:47.189+0000] {kafka_operator.py:60} INFO - Sent transaction: {'transaction_id': 'T000085', 'transaction_date': 1705336247189, 'account_id': 'A00012', 'customer_id': 'C00020', 'transaction_type': 'Credit', 'currency': 'USD', 'branch_id': 'B00009', 'transaction_amount': 8281.18, 'exchange_rate': 1.0088}
[2024-11-02T16:30:47.191+0000] {kafka_operator.py:60} INFO - Sent transaction: {'transaction_id': 'T000086', 'transaction_date': 1729182647190, 'account_id': 'A00042', 'customer_id': 'C00073', 'transaction_type': 'Credit', 'currency': 'EUR', 'branch_id': 'B00039', 'transaction_amount': 3001.96, 'exchange_rate': 1.3305}
[2024-11-02T16:30:47.192+0000] {kafka_operator.py:60} INFO - Sent transaction: {'transaction_id': 'T000087', 'transaction_date': 1722789047192, 'account_id': 'A00060', 'customer_id': 'C00064', 'transaction_type': 'Transfer', 'currency': 'USD', 'branch_id': 'B00037', 'transaction_amount': 4938.24, 'exchange_rate': 1.4483}
[2024-11-02T16:30:47.194+0000] {kafka_operator.py:60} INFO - Sent transaction: {'transaction_id': 'T000088', 'transaction_date': 1721752247193, 'account_id': 'A00012', 'customer_id': 'C00057', 'transaction_type': 'Debit', 'currency': 'EUR', 'branch_id': 'B00039', 'transaction_amount': 7913.35, 'exchange_rate': 1.2351}
[2024-11-02T16:30:47.195+0000] {kafka_operator.py:60} INFO - Sent transaction: {'transaction_id': 'T000089', 'transaction_date': 1704904247195, 'account_id': 'A00010', 'customer_id': 'C00014', 'transaction_type': 'Deposit', 'currency': 'GBP', 'branch_id': 'B00046', 'transaction_amount': 5509.96, 'exchange_rate': 0.5014}
[2024-11-02T16:30:47.196+0000] {kafka_operator.py:60} INFO - Sent transaction: {'transaction_id': 'T000090', 'transaction_date': 1712507447196, 'account_id': 'A00082', 'customer_id': 'C00098', 'transaction_type': 'Credit', 'currency': 'GBP', 'branch_id': 'B00074', 'transaction_amount': 5509.79, 'exchange_rate': 0.6661}
[2024-11-02T16:30:47.198+0000] {kafka_operator.py:60} INFO - Sent transaction: {'transaction_id': 'T000091', 'transaction_date': 1705768247198, 'account_id': 'A00098', 'customer_id': 'C00068', 'transaction_type': 'Debit', 'currency': 'USD', 'branch_id': 'B00070', 'transaction_amount': 1718.35, 'exchange_rate': 0.5863}
[2024-11-02T16:30:47.200+0000] {kafka_operator.py:60} INFO - Sent transaction: {'transaction_id': 'T000092', 'transaction_date': 1703349047199, 'account_id': 'A00061', 'customer_id': 'C00094', 'transaction_type': 'Withdrawal', 'currency': 'GBP', 'branch_id': 'B00031', 'transaction_amount': 7360.94, 'exchange_rate': 1.4918}
[2024-11-02T16:30:47.201+0000] {kafka_operator.py:60} INFO - Sent transaction: {'transaction_id': 'T000093', 'transaction_date': 1699029047201, 'account_id': 'A00099', 'customer_id': 'C00075', 'transaction_type': 'Credit', 'currency': 'USD', 'branch_id': 'B00073', 'transaction_amount': 6325.99, 'exchange_rate': 0.9782}
[2024-11-02T16:30:47.203+0000] {kafka_operator.py:60} INFO - Sent transaction: {'transaction_id': 'T000094', 'transaction_date': 1720024247202, 'account_id': 'A00034', 'customer_id': 'C00074', 'transaction_type': 'Debit', 'currency': 'USD', 'branch_id': 'B00075', 'transaction_amount': 2570.23, 'exchange_rate': 0.7902}
[2024-11-02T16:30:47.205+0000] {kafka_operator.py:60} INFO - Sent transaction: {'transaction_id': 'T000095', 'transaction_date': 1705077047205, 'account_id': 'A00066', 'customer_id': 'C00025', 'transaction_type': 'Transfer', 'currency': 'USD', 'branch_id': 'B00027', 'transaction_amount': 7745.94, 'exchange_rate': 0.6599}
[2024-11-02T16:30:47.206+0000] {kafka_operator.py:60} INFO - Sent transaction: {'transaction_id': 'T000096', 'transaction_date': 1713112247206, 'account_id': 'A00044', 'customer_id': 'C00058', 'transaction_type': 'Deposit', 'currency': 'EUR', 'branch_id': 'B00016', 'transaction_amount': 9521.14, 'exchange_rate': 1.4245}
[2024-11-02T16:30:47.208+0000] {kafka_operator.py:60} INFO - Sent transaction: {'transaction_id': 'T000097', 'transaction_date': 1726763447208, 'account_id': 'A00058', 'customer_id': 'C00083', 'transaction_type': 'Withdrawal', 'currency': 'USD', 'branch_id': 'B00078', 'transaction_amount': 7844.36, 'exchange_rate': 0.6093}
[2024-11-02T16:30:47.209+0000] {kafka_operator.py:60} INFO - Sent transaction: {'transaction_id': 'T000098', 'transaction_date': 1707582647209, 'account_id': 'A00078', 'customer_id': 'C00090', 'transaction_type': 'Transfer', 'currency': 'GBP', 'branch_id': 'B00039', 'transaction_amount': 8786.95, 'exchange_rate': 0.8057}
[2024-11-02T16:30:47.211+0000] {kafka_operator.py:60} INFO - Sent transaction: {'transaction_id': 'T000099', 'transaction_date': 1722097847211, 'account_id': 'A00088', 'customer_id': 'C00047', 'transaction_type': 'Deposit', 'currency': 'GBP', 'branch_id': 'B00064', 'transaction_amount': 1346.27, 'exchange_rate': 0.6657}
[2024-11-02T16:30:47.212+0000] {kafka_operator.py:60} INFO - Sent transaction: {'transaction_id': 'T000100', 'transaction_date': 1711297847212, 'account_id': 'A00013', 'customer_id': 'C00084', 'transaction_type': 'Transfer', 'currency': 'GBP', 'branch_id': 'B00044', 'transaction_amount': 2983.3, 'exchange_rate': 0.7922}
[2024-11-02T16:30:47.215+0000] {kafka_operator.py:63} INFO - 100 transaction records has been sent to kafka topic transaction_facts
[2024-11-02T16:30:47.215+0000] {conn.py:919} INFO - <BrokerConnection node_id=0 host=kafka_broker:9092 <connected> [IPv4 ('172.20.0.5', 9092)]>: Closing connection. 
[2024-11-02T16:30:47.225+0000] {taskinstance.py:1398} INFO - Marking task as SUCCESS. dag_id=transaction_facts_generator, task_id=generate_txn_fact_data, execution_date=20241102T163045, start_date=20241102T163046, end_date=20241102T163047
[2024-11-02T16:30:47.276+0000] {local_task_job_runner.py:228} INFO - Task exited with return code 0
[2024-11-02T16:30:47.294+0000] {taskinstance.py:2776} INFO - 0 downstream tasks scheduled from follow-on schedule check
