[2024-11-02T15:05:21.378+0000] {taskinstance.py:1157} INFO - Dependencies all met for dep_context=non-requeueable deps ti=<TaskInstance: dimension_batch_ingestion.ingest_account_dim manual__2024-11-02T15:05:20.172125+00:00 [queued]>
[2024-11-02T15:05:21.389+0000] {taskinstance.py:1157} INFO - Dependencies all met for dep_context=requeueable deps ti=<TaskInstance: dimension_batch_ingestion.ingest_account_dim manual__2024-11-02T15:05:20.172125+00:00 [queued]>
[2024-11-02T15:05:21.390+0000] {taskinstance.py:1359} INFO - Starting attempt 1 of 1
[2024-11-02T15:05:21.407+0000] {taskinstance.py:1380} INFO - Executing <Task(BashOperator): ingest_account_dim> on 2024-11-02 15:05:20.172125+00:00
[2024-11-02T15:05:21.411+0000] {standard_task_runner.py:57} INFO - Started process 6121 to run task
[2024-11-02T15:05:21.416+0000] {standard_task_runner.py:84} INFO - Running: ['***', 'tasks', 'run', 'dimension_batch_ingestion', 'ingest_account_dim', 'manual__2024-11-02T15:05:20.172125+00:00', '--job-id', '1822', '--raw', '--subdir', 'DAGS_FOLDER/loader_dag.py', '--cfg-path', '/tmp/tmpobq4gn4y']
[2024-11-02T15:05:21.419+0000] {standard_task_runner.py:85} INFO - Job 1822: Subtask ingest_account_dim
[2024-11-02T15:05:21.476+0000] {task_command.py:415} INFO - Running <TaskInstance: dimension_batch_ingestion.ingest_account_dim manual__2024-11-02T15:05:20.172125+00:00 [running]> on host 5e812a6a7c02
[2024-11-02T15:05:21.578+0000] {taskinstance.py:1660} INFO - Exporting env vars: AIRFLOW_CTX_DAG_OWNER='minhtranquang' AIRFLOW_CTX_DAG_ID='dimension_batch_ingestion' AIRFLOW_CTX_TASK_ID='ingest_account_dim' AIRFLOW_CTX_EXECUTION_DATE='2024-11-02T15:05:20.172125+00:00' AIRFLOW_CTX_TRY_NUMBER='1' AIRFLOW_CTX_DAG_RUN_ID='manual__2024-11-02T15:05:20.172125+00:00'
[2024-11-02T15:05:21.580+0000] {subprocess.py:63} INFO - Tmp dir root location: /tmp
[2024-11-02T15:05:21.582+0000] {subprocess.py:75} INFO - Running command: ['/bin/bash', '-c', 'curl -X POST -F file=@/opt/***/account_dim_large_data.csv -H "Content-Type: multipart/form-data" "http://pinot-controller:9000/ingestFromFile?tableNameWithType=account_dim_OFFLINE&batchConfigMapStr=%7B%22inputFormat%22%3A%22csv%22%2C%22recordReader.prop.delimiter%22%3A%22%2C%22%7D"']
[2024-11-02T15:05:21.591+0000] {subprocess.py:86} INFO - Output:
[2024-11-02T15:05:21.600+0000] {subprocess.py:93} INFO -   % Total    % Received % Xferd  Average Speed   Time    Time     Time  Current
[2024-11-02T15:05:21.601+0000] {subprocess.py:93} INFO -                                  Dload  Upload   Total   Spent    Left  Speed
[2024-11-02T15:05:21.806+0000] {subprocess.py:93} INFO -   0     0    0     0    0     0      0      0 --:--:-- --:--:-- --:--:--     0100  2904    0     0  100  2904      0  14447 --:--:-- --:--:-- --:--:-- 14376100  3013  100   109  100  2904    534  14235 --:--:-- --:--:-- --:--:-- 14697
[2024-11-02T15:05:21.807+0000] {subprocess.py:93} INFO - {"status":"Successfully ingested file into table: account_dim_OFFLINE as segment: account_dim_1730559921607"}
[2024-11-02T15:05:21.809+0000] {subprocess.py:97} INFO - Command exited with return code 0
[2024-11-02T15:05:21.873+0000] {taskinstance.py:1398} INFO - Marking task as SUCCESS. dag_id=dimension_batch_ingestion, task_id=ingest_account_dim, execution_date=20241102T150520, start_date=20241102T150521, end_date=20241102T150521
[2024-11-02T15:05:21.955+0000] {local_task_job_runner.py:228} INFO - Task exited with return code 0
[2024-11-02T15:05:22.002+0000] {taskinstance.py:2776} INFO - 0 downstream tasks scheduled from follow-on schedule check
