[2024-11-02T02:48:10.313+0000] {processor.py:157} INFO - Started process (PID=222) to work on /opt/airflow/dags/branch_dim_generator.py
[2024-11-02T02:48:10.320+0000] {processor.py:829} INFO - Processing file /opt/airflow/dags/branch_dim_generator.py for tasks to queue
[2024-11-02T02:48:10.323+0000] {logging_mixin.py:151} INFO - [2024-11-02T02:48:10.322+0000] {dagbag.py:539} INFO - Filling up the DagBag from /opt/airflow/dags/branch_dim_generator.py
[2024-11-02T02:48:11.516+0000] {logging_mixin.py:151} INFO - [2024-11-02T02:48:11.511+0000] {dagbag.py:347} ERROR - Failed to import: /opt/airflow/dags/branch_dim_generator.py
Traceback (most recent call last):
  File "/home/airflow/.local/lib/python3.8/site-packages/airflow/models/dagbag.py", line 343, in parse
    loader.exec_module(new_module)
  File "<frozen importlib._bootstrap_external>", line 843, in exec_module
  File "<frozen importlib._bootstrap>", line 219, in _call_with_frames_removed
  File "/opt/airflow/dags/branch_dim_generator.py", line 7, in <module>
    from faker import Faker
ModuleNotFoundError: No module named 'faker'
[2024-11-02T02:48:11.518+0000] {processor.py:841} WARNING - No viable dags retrieved from /opt/airflow/dags/branch_dim_generator.py
[2024-11-02T02:48:11.540+0000] {processor.py:179} INFO - Processing /opt/airflow/dags/branch_dim_generator.py took 1.236 seconds
[2024-11-02T02:48:41.661+0000] {processor.py:157} INFO - Started process (PID=253) to work on /opt/airflow/dags/branch_dim_generator.py
[2024-11-02T02:48:41.663+0000] {processor.py:829} INFO - Processing file /opt/airflow/dags/branch_dim_generator.py for tasks to queue
[2024-11-02T02:48:41.664+0000] {logging_mixin.py:151} INFO - [2024-11-02T02:48:41.663+0000] {dagbag.py:539} INFO - Filling up the DagBag from /opt/airflow/dags/branch_dim_generator.py
[2024-11-02T02:48:42.233+0000] {logging_mixin.py:151} INFO - [2024-11-02T02:48:42.229+0000] {dagbag.py:347} ERROR - Failed to import: /opt/airflow/dags/branch_dim_generator.py
Traceback (most recent call last):
  File "/home/airflow/.local/lib/python3.8/site-packages/airflow/models/dagbag.py", line 343, in parse
    loader.exec_module(new_module)
  File "<frozen importlib._bootstrap_external>", line 843, in exec_module
  File "<frozen importlib._bootstrap>", line 219, in _call_with_frames_removed
  File "/opt/airflow/dags/branch_dim_generator.py", line 7, in <module>
    from faker import Faker
ModuleNotFoundError: No module named 'faker'
[2024-11-02T02:48:42.234+0000] {processor.py:841} WARNING - No viable dags retrieved from /opt/airflow/dags/branch_dim_generator.py
[2024-11-02T02:48:42.252+0000] {processor.py:179} INFO - Processing /opt/airflow/dags/branch_dim_generator.py took 0.598 seconds
[2024-11-02T02:49:12.786+0000] {processor.py:157} INFO - Started process (PID=283) to work on /opt/airflow/dags/branch_dim_generator.py
[2024-11-02T02:49:12.787+0000] {processor.py:829} INFO - Processing file /opt/airflow/dags/branch_dim_generator.py for tasks to queue
[2024-11-02T02:49:12.789+0000] {logging_mixin.py:151} INFO - [2024-11-02T02:49:12.788+0000] {dagbag.py:539} INFO - Filling up the DagBag from /opt/airflow/dags/branch_dim_generator.py
[2024-11-02T02:49:13.382+0000] {logging_mixin.py:151} INFO - [2024-11-02T02:49:13.378+0000] {dagbag.py:347} ERROR - Failed to import: /opt/airflow/dags/branch_dim_generator.py
Traceback (most recent call last):
  File "/home/airflow/.local/lib/python3.8/site-packages/airflow/models/dagbag.py", line 343, in parse
    loader.exec_module(new_module)
  File "<frozen importlib._bootstrap_external>", line 843, in exec_module
  File "<frozen importlib._bootstrap>", line 219, in _call_with_frames_removed
  File "/opt/airflow/dags/branch_dim_generator.py", line 7, in <module>
    from faker import Faker
ModuleNotFoundError: No module named 'faker'
[2024-11-02T02:49:13.384+0000] {processor.py:841} WARNING - No viable dags retrieved from /opt/airflow/dags/branch_dim_generator.py
[2024-11-02T02:49:13.403+0000] {processor.py:179} INFO - Processing /opt/airflow/dags/branch_dim_generator.py took 0.622 seconds
[2024-11-02T02:49:43.822+0000] {processor.py:157} INFO - Started process (PID=313) to work on /opt/airflow/dags/branch_dim_generator.py
[2024-11-02T02:49:43.823+0000] {processor.py:829} INFO - Processing file /opt/airflow/dags/branch_dim_generator.py for tasks to queue
[2024-11-02T02:49:43.824+0000] {logging_mixin.py:151} INFO - [2024-11-02T02:49:43.824+0000] {dagbag.py:539} INFO - Filling up the DagBag from /opt/airflow/dags/branch_dim_generator.py
[2024-11-02T02:49:44.342+0000] {logging_mixin.py:151} INFO - [2024-11-02T02:49:44.338+0000] {dagbag.py:347} ERROR - Failed to import: /opt/airflow/dags/branch_dim_generator.py
Traceback (most recent call last):
  File "/home/airflow/.local/lib/python3.8/site-packages/airflow/models/dagbag.py", line 343, in parse
    loader.exec_module(new_module)
  File "<frozen importlib._bootstrap_external>", line 843, in exec_module
  File "<frozen importlib._bootstrap>", line 219, in _call_with_frames_removed
  File "/opt/airflow/dags/branch_dim_generator.py", line 7, in <module>
    from faker import Faker
ModuleNotFoundError: No module named 'faker'
[2024-11-02T02:49:44.344+0000] {processor.py:841} WARNING - No viable dags retrieved from /opt/airflow/dags/branch_dim_generator.py
[2024-11-02T02:49:44.361+0000] {processor.py:179} INFO - Processing /opt/airflow/dags/branch_dim_generator.py took 0.543 seconds
[2024-11-02T02:50:15.430+0000] {processor.py:157} INFO - Started process (PID=343) to work on /opt/airflow/dags/branch_dim_generator.py
[2024-11-02T02:50:15.432+0000] {processor.py:829} INFO - Processing file /opt/airflow/dags/branch_dim_generator.py for tasks to queue
[2024-11-02T02:50:15.433+0000] {logging_mixin.py:151} INFO - [2024-11-02T02:50:15.433+0000] {dagbag.py:539} INFO - Filling up the DagBag from /opt/airflow/dags/branch_dim_generator.py
[2024-11-02T02:50:16.100+0000] {logging_mixin.py:151} INFO - [2024-11-02T02:50:16.094+0000] {dagbag.py:347} ERROR - Failed to import: /opt/airflow/dags/branch_dim_generator.py
Traceback (most recent call last):
  File "/home/airflow/.local/lib/python3.8/site-packages/airflow/models/dagbag.py", line 343, in parse
    loader.exec_module(new_module)
  File "<frozen importlib._bootstrap_external>", line 843, in exec_module
  File "<frozen importlib._bootstrap>", line 219, in _call_with_frames_removed
  File "/opt/airflow/dags/branch_dim_generator.py", line 7, in <module>
    from faker import Faker
ModuleNotFoundError: No module named 'faker'
[2024-11-02T02:50:16.102+0000] {processor.py:841} WARNING - No viable dags retrieved from /opt/airflow/dags/branch_dim_generator.py
[2024-11-02T02:50:16.123+0000] {processor.py:179} INFO - Processing /opt/airflow/dags/branch_dim_generator.py took 0.697 seconds
[2024-11-02T02:50:46.492+0000] {processor.py:157} INFO - Started process (PID=373) to work on /opt/airflow/dags/branch_dim_generator.py
[2024-11-02T02:50:46.493+0000] {processor.py:829} INFO - Processing file /opt/airflow/dags/branch_dim_generator.py for tasks to queue
[2024-11-02T02:50:46.495+0000] {logging_mixin.py:151} INFO - [2024-11-02T02:50:46.494+0000] {dagbag.py:539} INFO - Filling up the DagBag from /opt/airflow/dags/branch_dim_generator.py
[2024-11-02T02:50:47.025+0000] {logging_mixin.py:151} INFO - [2024-11-02T02:50:47.019+0000] {dagbag.py:347} ERROR - Failed to import: /opt/airflow/dags/branch_dim_generator.py
Traceback (most recent call last):
  File "/home/airflow/.local/lib/python3.8/site-packages/airflow/models/dagbag.py", line 343, in parse
    loader.exec_module(new_module)
  File "<frozen importlib._bootstrap_external>", line 843, in exec_module
  File "<frozen importlib._bootstrap>", line 219, in _call_with_frames_removed
  File "/opt/airflow/dags/branch_dim_generator.py", line 7, in <module>
    from faker import Faker
ModuleNotFoundError: No module named 'faker'
[2024-11-02T02:50:47.026+0000] {processor.py:841} WARNING - No viable dags retrieved from /opt/airflow/dags/branch_dim_generator.py
[2024-11-02T02:50:47.047+0000] {processor.py:179} INFO - Processing /opt/airflow/dags/branch_dim_generator.py took 0.559 seconds
[2024-11-02T02:51:17.430+0000] {processor.py:157} INFO - Started process (PID=405) to work on /opt/airflow/dags/branch_dim_generator.py
[2024-11-02T02:51:17.431+0000] {processor.py:829} INFO - Processing file /opt/airflow/dags/branch_dim_generator.py for tasks to queue
[2024-11-02T02:51:17.432+0000] {logging_mixin.py:151} INFO - [2024-11-02T02:51:17.431+0000] {dagbag.py:539} INFO - Filling up the DagBag from /opt/airflow/dags/branch_dim_generator.py
[2024-11-02T02:51:18.078+0000] {logging_mixin.py:151} INFO - [2024-11-02T02:51:18.074+0000] {dagbag.py:347} ERROR - Failed to import: /opt/airflow/dags/branch_dim_generator.py
Traceback (most recent call last):
  File "/home/airflow/.local/lib/python3.8/site-packages/airflow/models/dagbag.py", line 343, in parse
    loader.exec_module(new_module)
  File "<frozen importlib._bootstrap_external>", line 843, in exec_module
  File "<frozen importlib._bootstrap>", line 219, in _call_with_frames_removed
  File "/opt/airflow/dags/branch_dim_generator.py", line 7, in <module>
    from faker import Faker
ModuleNotFoundError: No module named 'faker'
[2024-11-02T02:51:18.080+0000] {processor.py:841} WARNING - No viable dags retrieved from /opt/airflow/dags/branch_dim_generator.py
[2024-11-02T02:51:18.106+0000] {processor.py:179} INFO - Processing /opt/airflow/dags/branch_dim_generator.py took 0.680 seconds
[2024-11-02T02:51:48.375+0000] {processor.py:157} INFO - Started process (PID=433) to work on /opt/airflow/dags/branch_dim_generator.py
[2024-11-02T02:51:48.376+0000] {processor.py:829} INFO - Processing file /opt/airflow/dags/branch_dim_generator.py for tasks to queue
[2024-11-02T02:51:48.377+0000] {logging_mixin.py:151} INFO - [2024-11-02T02:51:48.377+0000] {dagbag.py:539} INFO - Filling up the DagBag from /opt/airflow/dags/branch_dim_generator.py
[2024-11-02T02:51:48.823+0000] {logging_mixin.py:151} INFO - [2024-11-02T02:51:48.819+0000] {dagbag.py:347} ERROR - Failed to import: /opt/airflow/dags/branch_dim_generator.py
Traceback (most recent call last):
  File "/home/airflow/.local/lib/python3.8/site-packages/airflow/models/dagbag.py", line 343, in parse
    loader.exec_module(new_module)
  File "<frozen importlib._bootstrap_external>", line 843, in exec_module
  File "<frozen importlib._bootstrap>", line 219, in _call_with_frames_removed
  File "/opt/airflow/dags/branch_dim_generator.py", line 7, in <module>
    from faker import Faker
ModuleNotFoundError: No module named 'faker'
[2024-11-02T02:51:48.825+0000] {processor.py:841} WARNING - No viable dags retrieved from /opt/airflow/dags/branch_dim_generator.py
[2024-11-02T02:51:48.840+0000] {processor.py:179} INFO - Processing /opt/airflow/dags/branch_dim_generator.py took 0.468 seconds
[2024-11-02T02:52:19.369+0000] {processor.py:157} INFO - Started process (PID=463) to work on /opt/airflow/dags/branch_dim_generator.py
[2024-11-02T02:52:19.370+0000] {processor.py:829} INFO - Processing file /opt/airflow/dags/branch_dim_generator.py for tasks to queue
[2024-11-02T02:52:19.371+0000] {logging_mixin.py:151} INFO - [2024-11-02T02:52:19.371+0000] {dagbag.py:539} INFO - Filling up the DagBag from /opt/airflow/dags/branch_dim_generator.py
[2024-11-02T02:52:19.894+0000] {logging_mixin.py:151} INFO - [2024-11-02T02:52:19.889+0000] {dagbag.py:347} ERROR - Failed to import: /opt/airflow/dags/branch_dim_generator.py
Traceback (most recent call last):
  File "/home/airflow/.local/lib/python3.8/site-packages/airflow/models/dagbag.py", line 343, in parse
    loader.exec_module(new_module)
  File "<frozen importlib._bootstrap_external>", line 843, in exec_module
  File "<frozen importlib._bootstrap>", line 219, in _call_with_frames_removed
  File "/opt/airflow/dags/branch_dim_generator.py", line 7, in <module>
    from faker import Faker
ModuleNotFoundError: No module named 'faker'
[2024-11-02T02:52:19.896+0000] {processor.py:841} WARNING - No viable dags retrieved from /opt/airflow/dags/branch_dim_generator.py
[2024-11-02T02:52:19.913+0000] {processor.py:179} INFO - Processing /opt/airflow/dags/branch_dim_generator.py took 0.548 seconds
[2024-11-02T02:52:50.618+0000] {processor.py:157} INFO - Started process (PID=493) to work on /opt/airflow/dags/branch_dim_generator.py
[2024-11-02T02:52:50.619+0000] {processor.py:829} INFO - Processing file /opt/airflow/dags/branch_dim_generator.py for tasks to queue
[2024-11-02T02:52:50.619+0000] {logging_mixin.py:151} INFO - [2024-11-02T02:52:50.619+0000] {dagbag.py:539} INFO - Filling up the DagBag from /opt/airflow/dags/branch_dim_generator.py
[2024-11-02T02:52:50.959+0000] {logging_mixin.py:151} INFO - [2024-11-02T02:52:50.954+0000] {dagbag.py:347} ERROR - Failed to import: /opt/airflow/dags/branch_dim_generator.py
Traceback (most recent call last):
  File "/home/airflow/.local/lib/python3.8/site-packages/airflow/models/dagbag.py", line 343, in parse
    loader.exec_module(new_module)
  File "<frozen importlib._bootstrap_external>", line 843, in exec_module
  File "<frozen importlib._bootstrap>", line 219, in _call_with_frames_removed
  File "/opt/airflow/dags/branch_dim_generator.py", line 7, in <module>
    from faker import Faker
ModuleNotFoundError: No module named 'faker'
[2024-11-02T02:52:50.960+0000] {processor.py:841} WARNING - No viable dags retrieved from /opt/airflow/dags/branch_dim_generator.py
[2024-11-02T02:52:50.977+0000] {processor.py:179} INFO - Processing /opt/airflow/dags/branch_dim_generator.py took 0.363 seconds
[2024-11-02T02:53:21.737+0000] {processor.py:157} INFO - Started process (PID=523) to work on /opt/airflow/dags/branch_dim_generator.py
[2024-11-02T02:53:21.738+0000] {processor.py:829} INFO - Processing file /opt/airflow/dags/branch_dim_generator.py for tasks to queue
[2024-11-02T02:53:21.741+0000] {logging_mixin.py:151} INFO - [2024-11-02T02:53:21.741+0000] {dagbag.py:539} INFO - Filling up the DagBag from /opt/airflow/dags/branch_dim_generator.py
[2024-11-02T02:53:22.102+0000] {logging_mixin.py:151} INFO - [2024-11-02T02:53:22.096+0000] {dagbag.py:347} ERROR - Failed to import: /opt/airflow/dags/branch_dim_generator.py
Traceback (most recent call last):
  File "/home/airflow/.local/lib/python3.8/site-packages/airflow/models/dagbag.py", line 343, in parse
    loader.exec_module(new_module)
  File "<frozen importlib._bootstrap_external>", line 843, in exec_module
  File "<frozen importlib._bootstrap>", line 219, in _call_with_frames_removed
  File "/opt/airflow/dags/branch_dim_generator.py", line 7, in <module>
    from faker import Faker
ModuleNotFoundError: No module named 'faker'
[2024-11-02T02:53:22.104+0000] {processor.py:841} WARNING - No viable dags retrieved from /opt/airflow/dags/branch_dim_generator.py
[2024-11-02T02:53:22.122+0000] {processor.py:179} INFO - Processing /opt/airflow/dags/branch_dim_generator.py took 0.388 seconds
[2024-11-02T02:53:52.552+0000] {processor.py:157} INFO - Started process (PID=553) to work on /opt/airflow/dags/branch_dim_generator.py
[2024-11-02T02:53:52.553+0000] {processor.py:829} INFO - Processing file /opt/airflow/dags/branch_dim_generator.py for tasks to queue
[2024-11-02T02:53:52.555+0000] {logging_mixin.py:151} INFO - [2024-11-02T02:53:52.554+0000] {dagbag.py:539} INFO - Filling up the DagBag from /opt/airflow/dags/branch_dim_generator.py
[2024-11-02T02:53:53.020+0000] {logging_mixin.py:151} INFO - [2024-11-02T02:53:53.015+0000] {dagbag.py:347} ERROR - Failed to import: /opt/airflow/dags/branch_dim_generator.py
Traceback (most recent call last):
  File "/home/airflow/.local/lib/python3.8/site-packages/airflow/models/dagbag.py", line 343, in parse
    loader.exec_module(new_module)
  File "<frozen importlib._bootstrap_external>", line 843, in exec_module
  File "<frozen importlib._bootstrap>", line 219, in _call_with_frames_removed
  File "/opt/airflow/dags/branch_dim_generator.py", line 7, in <module>
    from faker import Faker
ModuleNotFoundError: No module named 'faker'
[2024-11-02T02:53:53.021+0000] {processor.py:841} WARNING - No viable dags retrieved from /opt/airflow/dags/branch_dim_generator.py
[2024-11-02T02:53:53.039+0000] {processor.py:179} INFO - Processing /opt/airflow/dags/branch_dim_generator.py took 0.492 seconds
