[2024-11-02T14:47:25.799+0000] {processor.py:157} INFO - Started process (PID=4351) to work on /opt/airflow/dags/loader_dag.py
[2024-11-02T14:47:25.802+0000] {processor.py:829} INFO - Processing file /opt/airflow/dags/loader_dag.py for tasks to queue
[2024-11-02T14:47:25.806+0000] {logging_mixin.py:151} INFO - [2024-11-02T14:47:25.805+0000] {dagbag.py:539} INFO - Filling up the DagBag from /opt/airflow/dags/loader_dag.py
[2024-11-02T14:47:25.859+0000] {logging_mixin.py:151} INFO - [2024-11-02T14:47:25.854+0000] {dagbag.py:347} ERROR - Failed to import: /opt/airflow/dags/loader_dag.py
Traceback (most recent call last):
  File "/home/airflow/.local/lib/python3.8/site-packages/airflow/models/dagbag.py", line 343, in parse
    loader.exec_module(new_module)
  File "<frozen importlib._bootstrap_external>", line 839, in exec_module
  File "<frozen importlib._bootstrap_external>", line 976, in get_code
  File "<frozen importlib._bootstrap_external>", line 906, in source_to_code
  File "<frozen importlib._bootstrap>", line 219, in _call_with_frames_removed
  File "/opt/airflow/dags/loader_dag.py", line 5
    start_date = datetime(2024, 11, 01)
                                     ^
SyntaxError: leading zeros in decimal integer literals are not permitted; use an 0o prefix for octal integers
[2024-11-02T14:47:25.861+0000] {processor.py:841} WARNING - No viable dags retrieved from /opt/airflow/dags/loader_dag.py
[2024-11-02T14:47:25.934+0000] {processor.py:179} INFO - Processing /opt/airflow/dags/loader_dag.py took 0.139 seconds
[2024-11-02T14:47:56.258+0000] {processor.py:157} INFO - Started process (PID=4398) to work on /opt/airflow/dags/loader_dag.py
[2024-11-02T14:47:56.259+0000] {processor.py:829} INFO - Processing file /opt/airflow/dags/loader_dag.py for tasks to queue
[2024-11-02T14:47:56.260+0000] {logging_mixin.py:151} INFO - [2024-11-02T14:47:56.260+0000] {dagbag.py:539} INFO - Filling up the DagBag from /opt/airflow/dags/loader_dag.py
[2024-11-02T14:47:56.274+0000] {logging_mixin.py:151} INFO - [2024-11-02T14:47:56.273+0000] {dagbag.py:347} ERROR - Failed to import: /opt/airflow/dags/loader_dag.py
Traceback (most recent call last):
  File "/home/airflow/.local/lib/python3.8/site-packages/airflow/models/dagbag.py", line 343, in parse
    loader.exec_module(new_module)
  File "<frozen importlib._bootstrap_external>", line 839, in exec_module
  File "<frozen importlib._bootstrap_external>", line 976, in get_code
  File "<frozen importlib._bootstrap_external>", line 906, in source_to_code
  File "<frozen importlib._bootstrap>", line 219, in _call_with_frames_removed
  File "/opt/airflow/dags/loader_dag.py", line 5
    start_date = datetime(2024, 11, 01)
                                     ^
SyntaxError: leading zeros in decimal integer literals are not permitted; use an 0o prefix for octal integers
[2024-11-02T14:47:56.275+0000] {processor.py:841} WARNING - No viable dags retrieved from /opt/airflow/dags/loader_dag.py
[2024-11-02T14:47:56.294+0000] {processor.py:179} INFO - Processing /opt/airflow/dags/loader_dag.py took 0.040 seconds
[2024-11-02T14:47:57.315+0000] {processor.py:157} INFO - Started process (PID=4403) to work on /opt/airflow/dags/loader_dag.py
[2024-11-02T14:47:57.316+0000] {processor.py:829} INFO - Processing file /opt/airflow/dags/loader_dag.py for tasks to queue
[2024-11-02T14:47:57.317+0000] {logging_mixin.py:151} INFO - [2024-11-02T14:47:57.317+0000] {dagbag.py:539} INFO - Filling up the DagBag from /opt/airflow/dags/loader_dag.py
[2024-11-02T14:47:57.330+0000] {logging_mixin.py:151} INFO - [2024-11-02T14:47:57.329+0000] {dagbag.py:347} ERROR - Failed to import: /opt/airflow/dags/loader_dag.py
Traceback (most recent call last):
  File "/home/airflow/.local/lib/python3.8/site-packages/airflow/models/dagbag.py", line 343, in parse
    loader.exec_module(new_module)
  File "<frozen importlib._bootstrap_external>", line 839, in exec_module
  File "<frozen importlib._bootstrap_external>", line 976, in get_code
  File "<frozen importlib._bootstrap_external>", line 906, in source_to_code
  File "<frozen importlib._bootstrap>", line 219, in _call_with_frames_removed
  File "/opt/airflow/dags/loader_dag.py", line 5
    start_date = datetime(2024, 11, 01)
                                     ^
SyntaxError: leading zeros in decimal integer literals are not permitted; use an 0o prefix for octal integers
[2024-11-02T14:47:57.330+0000] {processor.py:841} WARNING - No viable dags retrieved from /opt/airflow/dags/loader_dag.py
[2024-11-02T14:47:57.349+0000] {processor.py:179} INFO - Processing /opt/airflow/dags/loader_dag.py took 0.036 seconds
[2024-11-02T14:48:28.047+0000] {processor.py:157} INFO - Started process (PID=4457) to work on /opt/airflow/dags/loader_dag.py
[2024-11-02T14:48:28.048+0000] {processor.py:829} INFO - Processing file /opt/airflow/dags/loader_dag.py for tasks to queue
[2024-11-02T14:48:28.048+0000] {logging_mixin.py:151} INFO - [2024-11-02T14:48:28.048+0000] {dagbag.py:539} INFO - Filling up the DagBag from /opt/airflow/dags/loader_dag.py
[2024-11-02T14:48:28.062+0000] {logging_mixin.py:151} INFO - [2024-11-02T14:48:28.061+0000] {dagbag.py:347} ERROR - Failed to import: /opt/airflow/dags/loader_dag.py
Traceback (most recent call last):
  File "/home/airflow/.local/lib/python3.8/site-packages/airflow/models/dagbag.py", line 343, in parse
    loader.exec_module(new_module)
  File "<frozen importlib._bootstrap_external>", line 839, in exec_module
  File "<frozen importlib._bootstrap_external>", line 976, in get_code
  File "<frozen importlib._bootstrap_external>", line 906, in source_to_code
  File "<frozen importlib._bootstrap>", line 219, in _call_with_frames_removed
  File "/opt/airflow/dags/loader_dag.py", line 5
    start_date = datetime(2024, 11, 01)
                                     ^
SyntaxError: leading zeros in decimal integer literals are not permitted; use an 0o prefix for octal integers
[2024-11-02T14:48:28.062+0000] {processor.py:841} WARNING - No viable dags retrieved from /opt/airflow/dags/loader_dag.py
[2024-11-02T14:48:28.082+0000] {processor.py:179} INFO - Processing /opt/airflow/dags/loader_dag.py took 0.039 seconds
[2024-11-02T14:48:58.650+0000] {processor.py:157} INFO - Started process (PID=4504) to work on /opt/airflow/dags/loader_dag.py
[2024-11-02T14:48:58.651+0000] {processor.py:829} INFO - Processing file /opt/airflow/dags/loader_dag.py for tasks to queue
[2024-11-02T14:48:58.652+0000] {logging_mixin.py:151} INFO - [2024-11-02T14:48:58.652+0000] {dagbag.py:539} INFO - Filling up the DagBag from /opt/airflow/dags/loader_dag.py
[2024-11-02T14:48:58.666+0000] {logging_mixin.py:151} INFO - [2024-11-02T14:48:58.665+0000] {dagbag.py:347} ERROR - Failed to import: /opt/airflow/dags/loader_dag.py
Traceback (most recent call last):
  File "/home/airflow/.local/lib/python3.8/site-packages/airflow/models/dagbag.py", line 343, in parse
    loader.exec_module(new_module)
  File "<frozen importlib._bootstrap_external>", line 839, in exec_module
  File "<frozen importlib._bootstrap_external>", line 976, in get_code
  File "<frozen importlib._bootstrap_external>", line 906, in source_to_code
  File "<frozen importlib._bootstrap>", line 219, in _call_with_frames_removed
  File "/opt/airflow/dags/loader_dag.py", line 5
    start_date = datetime(2024, 11, 01)
                                     ^
SyntaxError: leading zeros in decimal integer literals are not permitted; use an 0o prefix for octal integers
[2024-11-02T14:48:58.666+0000] {processor.py:841} WARNING - No viable dags retrieved from /opt/airflow/dags/loader_dag.py
[2024-11-02T14:48:58.686+0000] {processor.py:179} INFO - Processing /opt/airflow/dags/loader_dag.py took 0.039 seconds
[2024-11-02T14:49:05.366+0000] {processor.py:157} INFO - Started process (PID=4515) to work on /opt/airflow/dags/loader_dag.py
[2024-11-02T14:49:05.367+0000] {processor.py:829} INFO - Processing file /opt/airflow/dags/loader_dag.py for tasks to queue
[2024-11-02T14:49:05.368+0000] {logging_mixin.py:151} INFO - [2024-11-02T14:49:05.368+0000] {dagbag.py:539} INFO - Filling up the DagBag from /opt/airflow/dags/loader_dag.py
[2024-11-02T14:49:05.383+0000] {logging_mixin.py:151} INFO - [2024-11-02T14:49:05.382+0000] {dagbag.py:347} ERROR - Failed to import: /opt/airflow/dags/loader_dag.py
Traceback (most recent call last):
  File "/home/airflow/.local/lib/python3.8/site-packages/airflow/models/dagbag.py", line 343, in parse
    loader.exec_module(new_module)
  File "<frozen importlib._bootstrap_external>", line 839, in exec_module
  File "<frozen importlib._bootstrap_external>", line 976, in get_code
  File "<frozen importlib._bootstrap_external>", line 906, in source_to_code
  File "<frozen importlib._bootstrap>", line 219, in _call_with_frames_removed
  File "/opt/airflow/dags/loader_dag.py", line 5
    start_date = datetime(2024, 11, 01)
                                     ^
SyntaxError: leading zeros in decimal integer literals are not permitted; use an 0o prefix for octal integers
[2024-11-02T14:49:05.383+0000] {processor.py:841} WARNING - No viable dags retrieved from /opt/airflow/dags/loader_dag.py
[2024-11-02T14:49:05.404+0000] {processor.py:179} INFO - Processing /opt/airflow/dags/loader_dag.py took 0.042 seconds
[2024-11-02T14:49:30.976+0000] {processor.py:157} INFO - Started process (PID=4556) to work on /opt/airflow/dags/loader_dag.py
[2024-11-02T14:49:30.977+0000] {processor.py:829} INFO - Processing file /opt/airflow/dags/loader_dag.py for tasks to queue
[2024-11-02T14:49:30.979+0000] {logging_mixin.py:151} INFO - [2024-11-02T14:49:30.978+0000] {dagbag.py:539} INFO - Filling up the DagBag from /opt/airflow/dags/loader_dag.py
[2024-11-02T14:49:30.997+0000] {logging_mixin.py:151} INFO - [2024-11-02T14:49:30.996+0000] {dagbag.py:347} ERROR - Failed to import: /opt/airflow/dags/loader_dag.py
Traceback (most recent call last):
  File "/home/airflow/.local/lib/python3.8/site-packages/airflow/models/dagbag.py", line 343, in parse
    loader.exec_module(new_module)
  File "<frozen importlib._bootstrap_external>", line 839, in exec_module
  File "<frozen importlib._bootstrap_external>", line 976, in get_code
  File "<frozen importlib._bootstrap_external>", line 906, in source_to_code
  File "<frozen importlib._bootstrap>", line 219, in _call_with_frames_removed
  File "/opt/airflow/dags/loader_dag.py", line 5
    start_date = datetime(2024, 11, 01)
                                     ^
SyntaxError: leading zeros in decimal integer literals are not permitted; use an 0o prefix for octal integers
[2024-11-02T14:49:30.998+0000] {processor.py:841} WARNING - No viable dags retrieved from /opt/airflow/dags/loader_dag.py
[2024-11-02T14:49:31.019+0000] {processor.py:179} INFO - Processing /opt/airflow/dags/loader_dag.py took 0.046 seconds
[2024-11-02T14:50:01.594+0000] {processor.py:157} INFO - Started process (PID=4604) to work on /opt/airflow/dags/loader_dag.py
[2024-11-02T14:50:01.595+0000] {processor.py:829} INFO - Processing file /opt/airflow/dags/loader_dag.py for tasks to queue
[2024-11-02T14:50:01.596+0000] {logging_mixin.py:151} INFO - [2024-11-02T14:50:01.596+0000] {dagbag.py:539} INFO - Filling up the DagBag from /opt/airflow/dags/loader_dag.py
[2024-11-02T14:50:01.611+0000] {logging_mixin.py:151} INFO - [2024-11-02T14:50:01.611+0000] {dagbag.py:347} ERROR - Failed to import: /opt/airflow/dags/loader_dag.py
Traceback (most recent call last):
  File "/home/airflow/.local/lib/python3.8/site-packages/airflow/models/dagbag.py", line 343, in parse
    loader.exec_module(new_module)
  File "<frozen importlib._bootstrap_external>", line 839, in exec_module
  File "<frozen importlib._bootstrap_external>", line 976, in get_code
  File "<frozen importlib._bootstrap_external>", line 906, in source_to_code
  File "<frozen importlib._bootstrap>", line 219, in _call_with_frames_removed
  File "/opt/airflow/dags/loader_dag.py", line 5
    start_date = datetime(2024, 11, 01)
                                     ^
SyntaxError: leading zeros in decimal integer literals are not permitted; use an 0o prefix for octal integers
[2024-11-02T14:50:01.612+0000] {processor.py:841} WARNING - No viable dags retrieved from /opt/airflow/dags/loader_dag.py
[2024-11-02T14:50:01.631+0000] {processor.py:179} INFO - Processing /opt/airflow/dags/loader_dag.py took 0.040 seconds
[2024-11-02T14:50:32.252+0000] {processor.py:157} INFO - Started process (PID=4651) to work on /opt/airflow/dags/loader_dag.py
[2024-11-02T14:50:32.253+0000] {processor.py:829} INFO - Processing file /opt/airflow/dags/loader_dag.py for tasks to queue
[2024-11-02T14:50:32.254+0000] {logging_mixin.py:151} INFO - [2024-11-02T14:50:32.253+0000] {dagbag.py:539} INFO - Filling up the DagBag from /opt/airflow/dags/loader_dag.py
[2024-11-02T14:50:32.269+0000] {logging_mixin.py:151} INFO - [2024-11-02T14:50:32.268+0000] {dagbag.py:347} ERROR - Failed to import: /opt/airflow/dags/loader_dag.py
Traceback (most recent call last):
  File "/home/airflow/.local/lib/python3.8/site-packages/airflow/models/dagbag.py", line 343, in parse
    loader.exec_module(new_module)
  File "<frozen importlib._bootstrap_external>", line 839, in exec_module
  File "<frozen importlib._bootstrap_external>", line 976, in get_code
  File "<frozen importlib._bootstrap_external>", line 906, in source_to_code
  File "<frozen importlib._bootstrap>", line 219, in _call_with_frames_removed
  File "/opt/airflow/dags/loader_dag.py", line 5
    start_date = datetime(2024, 11, 01)
                                     ^
SyntaxError: leading zeros in decimal integer literals are not permitted; use an 0o prefix for octal integers
[2024-11-02T14:50:32.270+0000] {processor.py:841} WARNING - No viable dags retrieved from /opt/airflow/dags/loader_dag.py
[2024-11-02T14:50:32.289+0000] {processor.py:179} INFO - Processing /opt/airflow/dags/loader_dag.py took 0.041 seconds
[2024-11-02T14:51:02.371+0000] {processor.py:157} INFO - Started process (PID=4698) to work on /opt/airflow/dags/loader_dag.py
[2024-11-02T14:51:02.372+0000] {processor.py:829} INFO - Processing file /opt/airflow/dags/loader_dag.py for tasks to queue
[2024-11-02T14:51:02.373+0000] {logging_mixin.py:151} INFO - [2024-11-02T14:51:02.373+0000] {dagbag.py:539} INFO - Filling up the DagBag from /opt/airflow/dags/loader_dag.py
[2024-11-02T14:51:02.390+0000] {logging_mixin.py:151} INFO - [2024-11-02T14:51:02.389+0000] {dagbag.py:347} ERROR - Failed to import: /opt/airflow/dags/loader_dag.py
Traceback (most recent call last):
  File "/home/airflow/.local/lib/python3.8/site-packages/airflow/models/dagbag.py", line 343, in parse
    loader.exec_module(new_module)
  File "<frozen importlib._bootstrap_external>", line 839, in exec_module
  File "<frozen importlib._bootstrap_external>", line 976, in get_code
  File "<frozen importlib._bootstrap_external>", line 906, in source_to_code
  File "<frozen importlib._bootstrap>", line 219, in _call_with_frames_removed
  File "/opt/airflow/dags/loader_dag.py", line 5
    start_date = datetime(2024, 11, 01)
                                     ^
SyntaxError: leading zeros in decimal integer literals are not permitted; use an 0o prefix for octal integers
[2024-11-02T14:51:02.391+0000] {processor.py:841} WARNING - No viable dags retrieved from /opt/airflow/dags/loader_dag.py
[2024-11-02T14:51:02.413+0000] {processor.py:179} INFO - Processing /opt/airflow/dags/loader_dag.py took 0.045 seconds
[2024-11-02T14:51:23.164+0000] {processor.py:157} INFO - Started process (PID=4738) to work on /opt/airflow/dags/loader_dag.py
[2024-11-02T14:51:23.165+0000] {processor.py:829} INFO - Processing file /opt/airflow/dags/loader_dag.py for tasks to queue
[2024-11-02T14:51:23.167+0000] {logging_mixin.py:151} INFO - [2024-11-02T14:51:23.166+0000] {dagbag.py:539} INFO - Filling up the DagBag from /opt/airflow/dags/loader_dag.py
[2024-11-02T14:51:23.184+0000] {logging_mixin.py:151} INFO - [2024-11-02T14:51:23.184+0000] {dagbag.py:347} ERROR - Failed to import: /opt/airflow/dags/loader_dag.py
Traceback (most recent call last):
  File "/home/airflow/.local/lib/python3.8/site-packages/airflow/models/dagbag.py", line 343, in parse
    loader.exec_module(new_module)
  File "<frozen importlib._bootstrap_external>", line 839, in exec_module
  File "<frozen importlib._bootstrap_external>", line 976, in get_code
  File "<frozen importlib._bootstrap_external>", line 906, in source_to_code
  File "<frozen importlib._bootstrap>", line 219, in _call_with_frames_removed
  File "/opt/airflow/dags/loader_dag.py", line 5
    start_date = datetime(2024, 11, 01)
                                     ^
SyntaxError: leading zeros in decimal integer literals are not permitted; use an 0o prefix for octal integers
[2024-11-02T14:51:23.185+0000] {processor.py:841} WARNING - No viable dags retrieved from /opt/airflow/dags/loader_dag.py
[2024-11-02T14:51:23.208+0000] {processor.py:179} INFO - Processing /opt/airflow/dags/loader_dag.py took 0.047 seconds
[2024-11-02T14:51:24.198+0000] {processor.py:157} INFO - Started process (PID=4743) to work on /opt/airflow/dags/loader_dag.py
[2024-11-02T14:51:24.199+0000] {processor.py:829} INFO - Processing file /opt/airflow/dags/loader_dag.py for tasks to queue
[2024-11-02T14:51:24.200+0000] {logging_mixin.py:151} INFO - [2024-11-02T14:51:24.200+0000] {dagbag.py:539} INFO - Filling up the DagBag from /opt/airflow/dags/loader_dag.py
[2024-11-02T14:51:24.219+0000] {logging_mixin.py:151} INFO - [2024-11-02T14:51:24.218+0000] {dagbag.py:347} ERROR - Failed to import: /opt/airflow/dags/loader_dag.py
Traceback (most recent call last):
  File "/home/airflow/.local/lib/python3.8/site-packages/airflow/models/dagbag.py", line 343, in parse
    loader.exec_module(new_module)
  File "<frozen importlib._bootstrap_external>", line 839, in exec_module
  File "<frozen importlib._bootstrap_external>", line 976, in get_code
  File "<frozen importlib._bootstrap_external>", line 906, in source_to_code
  File "<frozen importlib._bootstrap>", line 219, in _call_with_frames_removed
  File "/opt/airflow/dags/loader_dag.py", line 5
    start_date = datetime(2024, 11, 01)
                                     ^
SyntaxError: leading zeros in decimal integer literals are not permitted; use an 0o prefix for octal integers
[2024-11-02T14:51:24.220+0000] {processor.py:841} WARNING - No viable dags retrieved from /opt/airflow/dags/loader_dag.py
[2024-11-02T14:51:24.244+0000] {processor.py:179} INFO - Processing /opt/airflow/dags/loader_dag.py took 0.050 seconds
[2024-11-02T14:51:44.644+0000] {processor.py:157} INFO - Started process (PID=4779) to work on /opt/airflow/dags/loader_dag.py
[2024-11-02T14:51:44.645+0000] {processor.py:829} INFO - Processing file /opt/airflow/dags/loader_dag.py for tasks to queue
[2024-11-02T14:51:44.646+0000] {logging_mixin.py:151} INFO - [2024-11-02T14:51:44.646+0000] {dagbag.py:539} INFO - Filling up the DagBag from /opt/airflow/dags/loader_dag.py
[2024-11-02T14:51:44.680+0000] {processor.py:839} INFO - DAG(s) dict_keys(['dimension_batch_ingestion']) retrieved from /opt/airflow/dags/loader_dag.py
[2024-11-02T14:51:44.786+0000] {logging_mixin.py:151} INFO - [2024-11-02T14:51:44.786+0000] {manager.py:499} INFO - Created Permission View: %s
[2024-11-02T14:51:44.797+0000] {logging_mixin.py:151} INFO - [2024-11-02T14:51:44.797+0000] {manager.py:499} INFO - Created Permission View: %s
[2024-11-02T14:51:44.807+0000] {logging_mixin.py:151} INFO - [2024-11-02T14:51:44.807+0000] {manager.py:499} INFO - Created Permission View: %s
[2024-11-02T14:51:44.808+0000] {logging_mixin.py:151} INFO - [2024-11-02T14:51:44.808+0000] {security.py:708} INFO - Not syncing DAG-level permissions for DAG 'DAG:dimension_batch_ingestion' as access control is unset.
[2024-11-02T14:51:44.809+0000] {logging_mixin.py:151} INFO - [2024-11-02T14:51:44.809+0000] {dag.py:2915} INFO - Sync 1 DAGs
[2024-11-02T14:51:44.820+0000] {logging_mixin.py:151} INFO - [2024-11-02T14:51:44.819+0000] {dag.py:2937} INFO - Creating ORM DAG for dimension_batch_ingestion
[2024-11-02T14:51:44.830+0000] {logging_mixin.py:151} INFO - [2024-11-02T14:51:44.830+0000] {dag.py:3696} INFO - Setting next_dagrun for dimension_batch_ingestion to 2024-11-01T00:00:00+00:00, run_after=2024-11-02T00:00:00+00:00
[2024-11-02T14:51:44.852+0000] {processor.py:179} INFO - Processing /opt/airflow/dags/loader_dag.py took 0.211 seconds
[2024-11-02T14:52:15.148+0000] {processor.py:157} INFO - Started process (PID=4827) to work on /opt/airflow/dags/loader_dag.py
[2024-11-02T14:52:15.152+0000] {processor.py:829} INFO - Processing file /opt/airflow/dags/loader_dag.py for tasks to queue
[2024-11-02T14:52:15.154+0000] {logging_mixin.py:151} INFO - [2024-11-02T14:52:15.153+0000] {dagbag.py:539} INFO - Filling up the DagBag from /opt/airflow/dags/loader_dag.py
[2024-11-02T14:52:15.186+0000] {processor.py:839} INFO - DAG(s) dict_keys(['dimension_batch_ingestion']) retrieved from /opt/airflow/dags/loader_dag.py
[2024-11-02T14:52:15.214+0000] {logging_mixin.py:151} INFO - [2024-11-02T14:52:15.214+0000] {dag.py:2915} INFO - Sync 1 DAGs
[2024-11-02T14:52:15.240+0000] {logging_mixin.py:151} INFO - [2024-11-02T14:52:15.240+0000] {dag.py:3696} INFO - Setting next_dagrun for dimension_batch_ingestion to 2024-11-01T00:00:00+00:00, run_after=2024-11-02T00:00:00+00:00
[2024-11-02T14:52:15.263+0000] {processor.py:179} INFO - Processing /opt/airflow/dags/loader_dag.py took 0.119 seconds
[2024-11-02T14:52:31.634+0000] {processor.py:157} INFO - Started process (PID=4850) to work on /opt/airflow/dags/loader_dag.py
[2024-11-02T14:52:31.635+0000] {processor.py:829} INFO - Processing file /opt/airflow/dags/loader_dag.py for tasks to queue
[2024-11-02T14:52:31.637+0000] {logging_mixin.py:151} INFO - [2024-11-02T14:52:31.637+0000] {dagbag.py:539} INFO - Filling up the DagBag from /opt/airflow/dags/loader_dag.py
[2024-11-02T14:52:31.678+0000] {processor.py:839} INFO - DAG(s) dict_keys(['dimension_batch_ingestion']) retrieved from /opt/airflow/dags/loader_dag.py
[2024-11-02T14:52:31.854+0000] {logging_mixin.py:151} INFO - [2024-11-02T14:52:31.853+0000] {security.py:708} INFO - Not syncing DAG-level permissions for DAG 'DAG:dimension_batch_ingestion' as access control is unset.
[2024-11-02T14:52:31.854+0000] {logging_mixin.py:151} INFO - [2024-11-02T14:52:31.854+0000] {dag.py:2915} INFO - Sync 1 DAGs
[2024-11-02T14:52:31.888+0000] {logging_mixin.py:151} INFO - [2024-11-02T14:52:31.887+0000] {dag.py:3696} INFO - Setting next_dagrun for dimension_batch_ingestion to 2024-11-01T00:00:00+00:00, run_after=2024-11-02T00:00:00+00:00
[2024-11-02T14:52:31.923+0000] {processor.py:179} INFO - Processing /opt/airflow/dags/loader_dag.py took 0.295 seconds
[2024-11-02T14:53:02.030+0000] {processor.py:157} INFO - Started process (PID=4897) to work on /opt/airflow/dags/loader_dag.py
[2024-11-02T14:53:02.031+0000] {processor.py:829} INFO - Processing file /opt/airflow/dags/loader_dag.py for tasks to queue
[2024-11-02T14:53:02.032+0000] {logging_mixin.py:151} INFO - [2024-11-02T14:53:02.032+0000] {dagbag.py:539} INFO - Filling up the DagBag from /opt/airflow/dags/loader_dag.py
[2024-11-02T14:53:02.058+0000] {processor.py:839} INFO - DAG(s) dict_keys(['dimension_batch_ingestion']) retrieved from /opt/airflow/dags/loader_dag.py
[2024-11-02T14:53:02.085+0000] {logging_mixin.py:151} INFO - [2024-11-02T14:53:02.085+0000] {dag.py:2915} INFO - Sync 1 DAGs
[2024-11-02T14:53:02.109+0000] {logging_mixin.py:151} INFO - [2024-11-02T14:53:02.109+0000] {dag.py:3696} INFO - Setting next_dagrun for dimension_batch_ingestion to 2024-11-01T00:00:00+00:00, run_after=2024-11-02T00:00:00+00:00
[2024-11-02T14:53:02.129+0000] {processor.py:179} INFO - Processing /opt/airflow/dags/loader_dag.py took 0.103 seconds
[2024-11-02T14:53:32.194+0000] {processor.py:157} INFO - Started process (PID=4944) to work on /opt/airflow/dags/loader_dag.py
[2024-11-02T14:53:32.195+0000] {processor.py:829} INFO - Processing file /opt/airflow/dags/loader_dag.py for tasks to queue
[2024-11-02T14:53:32.196+0000] {logging_mixin.py:151} INFO - [2024-11-02T14:53:32.196+0000] {dagbag.py:539} INFO - Filling up the DagBag from /opt/airflow/dags/loader_dag.py
[2024-11-02T14:53:32.223+0000] {processor.py:839} INFO - DAG(s) dict_keys(['dimension_batch_ingestion']) retrieved from /opt/airflow/dags/loader_dag.py
[2024-11-02T14:53:32.248+0000] {logging_mixin.py:151} INFO - [2024-11-02T14:53:32.248+0000] {dag.py:2915} INFO - Sync 1 DAGs
[2024-11-02T14:53:32.270+0000] {logging_mixin.py:151} INFO - [2024-11-02T14:53:32.269+0000] {dag.py:3696} INFO - Setting next_dagrun for dimension_batch_ingestion to 2024-11-01T00:00:00+00:00, run_after=2024-11-02T00:00:00+00:00
[2024-11-02T14:53:32.289+0000] {processor.py:179} INFO - Processing /opt/airflow/dags/loader_dag.py took 0.099 seconds
[2024-11-02T14:54:02.452+0000] {processor.py:157} INFO - Started process (PID=5015) to work on /opt/airflow/dags/loader_dag.py
[2024-11-02T14:54:02.453+0000] {processor.py:829} INFO - Processing file /opt/airflow/dags/loader_dag.py for tasks to queue
[2024-11-02T14:54:02.454+0000] {logging_mixin.py:151} INFO - [2024-11-02T14:54:02.454+0000] {dagbag.py:539} INFO - Filling up the DagBag from /opt/airflow/dags/loader_dag.py
[2024-11-02T14:54:02.480+0000] {processor.py:839} INFO - DAG(s) dict_keys(['dimension_batch_ingestion']) retrieved from /opt/airflow/dags/loader_dag.py
[2024-11-02T14:54:02.506+0000] {logging_mixin.py:151} INFO - [2024-11-02T14:54:02.506+0000] {dag.py:2915} INFO - Sync 1 DAGs
[2024-11-02T14:54:02.530+0000] {logging_mixin.py:151} INFO - [2024-11-02T14:54:02.530+0000] {dag.py:3696} INFO - Setting next_dagrun for dimension_batch_ingestion to 2024-11-02T00:00:00+00:00, run_after=2024-11-03T00:00:00+00:00
[2024-11-02T14:54:02.550+0000] {processor.py:179} INFO - Processing /opt/airflow/dags/loader_dag.py took 0.101 seconds
[2024-11-02T14:54:33.000+0000] {processor.py:157} INFO - Started process (PID=5062) to work on /opt/airflow/dags/loader_dag.py
[2024-11-02T14:54:33.001+0000] {processor.py:829} INFO - Processing file /opt/airflow/dags/loader_dag.py for tasks to queue
[2024-11-02T14:54:33.002+0000] {logging_mixin.py:151} INFO - [2024-11-02T14:54:33.002+0000] {dagbag.py:539} INFO - Filling up the DagBag from /opt/airflow/dags/loader_dag.py
[2024-11-02T14:54:33.029+0000] {processor.py:839} INFO - DAG(s) dict_keys(['dimension_batch_ingestion']) retrieved from /opt/airflow/dags/loader_dag.py
[2024-11-02T14:54:33.055+0000] {logging_mixin.py:151} INFO - [2024-11-02T14:54:33.055+0000] {dag.py:2915} INFO - Sync 1 DAGs
[2024-11-02T14:54:33.079+0000] {logging_mixin.py:151} INFO - [2024-11-02T14:54:33.078+0000] {dag.py:3696} INFO - Setting next_dagrun for dimension_batch_ingestion to 2024-11-02T00:00:00+00:00, run_after=2024-11-03T00:00:00+00:00
[2024-11-02T14:54:33.099+0000] {processor.py:179} INFO - Processing /opt/airflow/dags/loader_dag.py took 0.102 seconds
[2024-11-02T14:54:47.390+0000] {processor.py:157} INFO - Started process (PID=5085) to work on /opt/airflow/dags/loader_dag.py
[2024-11-02T14:54:47.391+0000] {processor.py:829} INFO - Processing file /opt/airflow/dags/loader_dag.py for tasks to queue
[2024-11-02T14:54:47.392+0000] {logging_mixin.py:151} INFO - [2024-11-02T14:54:47.392+0000] {dagbag.py:539} INFO - Filling up the DagBag from /opt/airflow/dags/loader_dag.py
[2024-11-02T14:54:47.424+0000] {processor.py:839} INFO - DAG(s) dict_keys(['dimension_batch_ingestion']) retrieved from /opt/airflow/dags/loader_dag.py
[2024-11-02T14:54:47.544+0000] {logging_mixin.py:151} INFO - [2024-11-02T14:54:47.544+0000] {security.py:708} INFO - Not syncing DAG-level permissions for DAG 'DAG:dimension_batch_ingestion' as access control is unset.
[2024-11-02T14:54:47.545+0000] {logging_mixin.py:151} INFO - [2024-11-02T14:54:47.545+0000] {dag.py:2915} INFO - Sync 1 DAGs
[2024-11-02T14:54:47.573+0000] {logging_mixin.py:151} INFO - [2024-11-02T14:54:47.573+0000] {dag.py:3696} INFO - Setting next_dagrun for dimension_batch_ingestion to 2024-11-02T00:00:00+00:00, run_after=2024-11-03T00:00:00+00:00
[2024-11-02T14:54:47.606+0000] {processor.py:179} INFO - Processing /opt/airflow/dags/loader_dag.py took 0.219 seconds
[2024-11-02T14:55:17.782+0000] {processor.py:157} INFO - Started process (PID=5132) to work on /opt/airflow/dags/loader_dag.py
[2024-11-02T14:55:17.783+0000] {processor.py:829} INFO - Processing file /opt/airflow/dags/loader_dag.py for tasks to queue
[2024-11-02T14:55:17.784+0000] {logging_mixin.py:151} INFO - [2024-11-02T14:55:17.784+0000] {dagbag.py:539} INFO - Filling up the DagBag from /opt/airflow/dags/loader_dag.py
[2024-11-02T14:55:17.809+0000] {processor.py:839} INFO - DAG(s) dict_keys(['dimension_batch_ingestion']) retrieved from /opt/airflow/dags/loader_dag.py
[2024-11-02T14:55:17.838+0000] {logging_mixin.py:151} INFO - [2024-11-02T14:55:17.837+0000] {dag.py:2915} INFO - Sync 1 DAGs
[2024-11-02T14:55:17.862+0000] {logging_mixin.py:151} INFO - [2024-11-02T14:55:17.862+0000] {dag.py:3696} INFO - Setting next_dagrun for dimension_batch_ingestion to 2024-11-02T00:00:00+00:00, run_after=2024-11-03T00:00:00+00:00
[2024-11-02T14:55:17.884+0000] {processor.py:179} INFO - Processing /opt/airflow/dags/loader_dag.py took 0.106 seconds
[2024-11-02T14:55:38.638+0000] {processor.py:157} INFO - Started process (PID=5173) to work on /opt/airflow/dags/loader_dag.py
[2024-11-02T14:55:38.639+0000] {processor.py:829} INFO - Processing file /opt/airflow/dags/loader_dag.py for tasks to queue
[2024-11-02T14:55:38.640+0000] {logging_mixin.py:151} INFO - [2024-11-02T14:55:38.639+0000] {dagbag.py:539} INFO - Filling up the DagBag from /opt/airflow/dags/loader_dag.py
[2024-11-02T14:55:38.674+0000] {processor.py:839} INFO - DAG(s) dict_keys(['dimension_batch_ingestion']) retrieved from /opt/airflow/dags/loader_dag.py
[2024-11-02T14:55:38.772+0000] {logging_mixin.py:151} INFO - [2024-11-02T14:55:38.772+0000] {security.py:708} INFO - Not syncing DAG-level permissions for DAG 'DAG:dimension_batch_ingestion' as access control is unset.
[2024-11-02T14:55:38.773+0000] {logging_mixin.py:151} INFO - [2024-11-02T14:55:38.773+0000] {dag.py:2915} INFO - Sync 1 DAGs
[2024-11-02T14:55:38.794+0000] {logging_mixin.py:151} INFO - [2024-11-02T14:55:38.794+0000] {dag.py:3696} INFO - Setting next_dagrun for dimension_batch_ingestion to 2024-11-02T00:00:00+00:00, run_after=2024-11-03T00:00:00+00:00
[2024-11-02T14:55:38.819+0000] {processor.py:179} INFO - Processing /opt/airflow/dags/loader_dag.py took 0.184 seconds
[2024-11-02T14:56:08.884+0000] {processor.py:157} INFO - Started process (PID=5232) to work on /opt/airflow/dags/loader_dag.py
[2024-11-02T14:56:08.885+0000] {processor.py:829} INFO - Processing file /opt/airflow/dags/loader_dag.py for tasks to queue
[2024-11-02T14:56:08.886+0000] {logging_mixin.py:151} INFO - [2024-11-02T14:56:08.886+0000] {dagbag.py:539} INFO - Filling up the DagBag from /opt/airflow/dags/loader_dag.py
[2024-11-02T14:56:08.913+0000] {processor.py:839} INFO - DAG(s) dict_keys(['dimension_batch_ingestion']) retrieved from /opt/airflow/dags/loader_dag.py
[2024-11-02T14:56:08.940+0000] {logging_mixin.py:151} INFO - [2024-11-02T14:56:08.940+0000] {dag.py:2915} INFO - Sync 1 DAGs
[2024-11-02T14:56:08.964+0000] {logging_mixin.py:151} INFO - [2024-11-02T14:56:08.964+0000] {dag.py:3696} INFO - Setting next_dagrun for dimension_batch_ingestion to 2024-11-02T00:00:00+00:00, run_after=2024-11-03T00:00:00+00:00
[2024-11-02T14:56:08.986+0000] {processor.py:179} INFO - Processing /opt/airflow/dags/loader_dag.py took 0.105 seconds
[2024-11-02T14:56:39.269+0000] {processor.py:157} INFO - Started process (PID=5279) to work on /opt/airflow/dags/loader_dag.py
[2024-11-02T14:56:39.271+0000] {processor.py:829} INFO - Processing file /opt/airflow/dags/loader_dag.py for tasks to queue
[2024-11-02T14:56:39.273+0000] {logging_mixin.py:151} INFO - [2024-11-02T14:56:39.273+0000] {dagbag.py:539} INFO - Filling up the DagBag from /opt/airflow/dags/loader_dag.py
[2024-11-02T14:56:39.317+0000] {processor.py:839} INFO - DAG(s) dict_keys(['dimension_batch_ingestion']) retrieved from /opt/airflow/dags/loader_dag.py
[2024-11-02T14:56:39.362+0000] {logging_mixin.py:151} INFO - [2024-11-02T14:56:39.362+0000] {dag.py:2915} INFO - Sync 1 DAGs
[2024-11-02T14:56:39.397+0000] {logging_mixin.py:151} INFO - [2024-11-02T14:56:39.397+0000] {dag.py:3696} INFO - Setting next_dagrun for dimension_batch_ingestion to 2024-11-02T00:00:00+00:00, run_after=2024-11-03T00:00:00+00:00
[2024-11-02T14:56:39.423+0000] {processor.py:179} INFO - Processing /opt/airflow/dags/loader_dag.py took 0.165 seconds
[2024-11-02T14:57:09.635+0000] {processor.py:157} INFO - Started process (PID=5326) to work on /opt/airflow/dags/loader_dag.py
[2024-11-02T14:57:09.636+0000] {processor.py:829} INFO - Processing file /opt/airflow/dags/loader_dag.py for tasks to queue
[2024-11-02T14:57:09.638+0000] {logging_mixin.py:151} INFO - [2024-11-02T14:57:09.638+0000] {dagbag.py:539} INFO - Filling up the DagBag from /opt/airflow/dags/loader_dag.py
[2024-11-02T14:57:09.665+0000] {processor.py:839} INFO - DAG(s) dict_keys(['dimension_batch_ingestion']) retrieved from /opt/airflow/dags/loader_dag.py
[2024-11-02T14:57:09.692+0000] {logging_mixin.py:151} INFO - [2024-11-02T14:57:09.692+0000] {dag.py:2915} INFO - Sync 1 DAGs
[2024-11-02T14:57:09.714+0000] {logging_mixin.py:151} INFO - [2024-11-02T14:57:09.714+0000] {dag.py:3696} INFO - Setting next_dagrun for dimension_batch_ingestion to 2024-11-02T00:00:00+00:00, run_after=2024-11-03T00:00:00+00:00
[2024-11-02T14:57:09.735+0000] {processor.py:179} INFO - Processing /opt/airflow/dags/loader_dag.py took 0.104 seconds
[2024-11-02T14:57:40.010+0000] {processor.py:157} INFO - Started process (PID=5373) to work on /opt/airflow/dags/loader_dag.py
[2024-11-02T14:57:40.011+0000] {processor.py:829} INFO - Processing file /opt/airflow/dags/loader_dag.py for tasks to queue
[2024-11-02T14:57:40.012+0000] {logging_mixin.py:151} INFO - [2024-11-02T14:57:40.012+0000] {dagbag.py:539} INFO - Filling up the DagBag from /opt/airflow/dags/loader_dag.py
[2024-11-02T14:57:40.038+0000] {processor.py:839} INFO - DAG(s) dict_keys(['dimension_batch_ingestion']) retrieved from /opt/airflow/dags/loader_dag.py
[2024-11-02T14:57:40.062+0000] {logging_mixin.py:151} INFO - [2024-11-02T14:57:40.062+0000] {dag.py:2915} INFO - Sync 1 DAGs
[2024-11-02T14:57:40.085+0000] {logging_mixin.py:151} INFO - [2024-11-02T14:57:40.085+0000] {dag.py:3696} INFO - Setting next_dagrun for dimension_batch_ingestion to 2024-11-02T00:00:00+00:00, run_after=2024-11-03T00:00:00+00:00
[2024-11-02T14:57:40.105+0000] {processor.py:179} INFO - Processing /opt/airflow/dags/loader_dag.py took 0.099 seconds
[2024-11-02T14:58:10.452+0000] {processor.py:157} INFO - Started process (PID=5420) to work on /opt/airflow/dags/loader_dag.py
[2024-11-02T14:58:10.453+0000] {processor.py:829} INFO - Processing file /opt/airflow/dags/loader_dag.py for tasks to queue
[2024-11-02T14:58:10.455+0000] {logging_mixin.py:151} INFO - [2024-11-02T14:58:10.454+0000] {dagbag.py:539} INFO - Filling up the DagBag from /opt/airflow/dags/loader_dag.py
[2024-11-02T14:58:10.479+0000] {processor.py:839} INFO - DAG(s) dict_keys(['dimension_batch_ingestion']) retrieved from /opt/airflow/dags/loader_dag.py
[2024-11-02T14:58:10.505+0000] {logging_mixin.py:151} INFO - [2024-11-02T14:58:10.505+0000] {dag.py:2915} INFO - Sync 1 DAGs
[2024-11-02T14:58:10.527+0000] {logging_mixin.py:151} INFO - [2024-11-02T14:58:10.526+0000] {dag.py:3696} INFO - Setting next_dagrun for dimension_batch_ingestion to 2024-11-02T00:00:00+00:00, run_after=2024-11-03T00:00:00+00:00
[2024-11-02T14:58:10.546+0000] {processor.py:179} INFO - Processing /opt/airflow/dags/loader_dag.py took 0.097 seconds
[2024-11-02T14:58:40.702+0000] {processor.py:157} INFO - Started process (PID=5467) to work on /opt/airflow/dags/loader_dag.py
[2024-11-02T14:58:40.704+0000] {processor.py:829} INFO - Processing file /opt/airflow/dags/loader_dag.py for tasks to queue
[2024-11-02T14:58:40.705+0000] {logging_mixin.py:151} INFO - [2024-11-02T14:58:40.704+0000] {dagbag.py:539} INFO - Filling up the DagBag from /opt/airflow/dags/loader_dag.py
[2024-11-02T14:58:40.727+0000] {processor.py:839} INFO - DAG(s) dict_keys(['dimension_batch_ingestion']) retrieved from /opt/airflow/dags/loader_dag.py
[2024-11-02T14:58:40.753+0000] {logging_mixin.py:151} INFO - [2024-11-02T14:58:40.752+0000] {dag.py:2915} INFO - Sync 1 DAGs
[2024-11-02T14:58:40.775+0000] {logging_mixin.py:151} INFO - [2024-11-02T14:58:40.775+0000] {dag.py:3696} INFO - Setting next_dagrun for dimension_batch_ingestion to 2024-11-02T00:00:00+00:00, run_after=2024-11-03T00:00:00+00:00
[2024-11-02T14:58:40.795+0000] {processor.py:179} INFO - Processing /opt/airflow/dags/loader_dag.py took 0.095 seconds
[2024-11-02T14:59:11.111+0000] {processor.py:157} INFO - Started process (PID=5514) to work on /opt/airflow/dags/loader_dag.py
[2024-11-02T14:59:11.113+0000] {processor.py:829} INFO - Processing file /opt/airflow/dags/loader_dag.py for tasks to queue
[2024-11-02T14:59:11.114+0000] {logging_mixin.py:151} INFO - [2024-11-02T14:59:11.114+0000] {dagbag.py:539} INFO - Filling up the DagBag from /opt/airflow/dags/loader_dag.py
[2024-11-02T14:59:11.139+0000] {processor.py:839} INFO - DAG(s) dict_keys(['dimension_batch_ingestion']) retrieved from /opt/airflow/dags/loader_dag.py
[2024-11-02T14:59:11.164+0000] {logging_mixin.py:151} INFO - [2024-11-02T14:59:11.164+0000] {dag.py:2915} INFO - Sync 1 DAGs
[2024-11-02T14:59:11.188+0000] {logging_mixin.py:151} INFO - [2024-11-02T14:59:11.188+0000] {dag.py:3696} INFO - Setting next_dagrun for dimension_batch_ingestion to 2024-11-02T00:00:00+00:00, run_after=2024-11-03T00:00:00+00:00
[2024-11-02T14:59:11.208+0000] {processor.py:179} INFO - Processing /opt/airflow/dags/loader_dag.py took 0.100 seconds
[2024-11-02T14:59:41.252+0000] {processor.py:157} INFO - Started process (PID=5564) to work on /opt/airflow/dags/loader_dag.py
[2024-11-02T14:59:41.253+0000] {processor.py:829} INFO - Processing file /opt/airflow/dags/loader_dag.py for tasks to queue
[2024-11-02T14:59:41.254+0000] {logging_mixin.py:151} INFO - [2024-11-02T14:59:41.253+0000] {dagbag.py:539} INFO - Filling up the DagBag from /opt/airflow/dags/loader_dag.py
[2024-11-02T14:59:41.280+0000] {processor.py:839} INFO - DAG(s) dict_keys(['dimension_batch_ingestion']) retrieved from /opt/airflow/dags/loader_dag.py
[2024-11-02T14:59:41.306+0000] {logging_mixin.py:151} INFO - [2024-11-02T14:59:41.305+0000] {dag.py:2915} INFO - Sync 1 DAGs
[2024-11-02T14:59:41.330+0000] {logging_mixin.py:151} INFO - [2024-11-02T14:59:41.330+0000] {dag.py:3696} INFO - Setting next_dagrun for dimension_batch_ingestion to 2024-11-02T00:00:00+00:00, run_after=2024-11-03T00:00:00+00:00
[2024-11-02T14:59:41.352+0000] {processor.py:179} INFO - Processing /opt/airflow/dags/loader_dag.py took 0.104 seconds
[2024-11-02T15:00:11.547+0000] {processor.py:157} INFO - Started process (PID=5623) to work on /opt/airflow/dags/loader_dag.py
[2024-11-02T15:00:11.548+0000] {processor.py:829} INFO - Processing file /opt/airflow/dags/loader_dag.py for tasks to queue
[2024-11-02T15:00:11.550+0000] {logging_mixin.py:151} INFO - [2024-11-02T15:00:11.550+0000] {dagbag.py:539} INFO - Filling up the DagBag from /opt/airflow/dags/loader_dag.py
[2024-11-02T15:00:11.586+0000] {processor.py:839} INFO - DAG(s) dict_keys(['dimension_batch_ingestion']) retrieved from /opt/airflow/dags/loader_dag.py
[2024-11-02T15:00:11.618+0000] {logging_mixin.py:151} INFO - [2024-11-02T15:00:11.618+0000] {dag.py:2915} INFO - Sync 1 DAGs
[2024-11-02T15:00:11.653+0000] {logging_mixin.py:151} INFO - [2024-11-02T15:00:11.653+0000] {dag.py:3696} INFO - Setting next_dagrun for dimension_batch_ingestion to 2024-11-02T00:00:00+00:00, run_after=2024-11-03T00:00:00+00:00
[2024-11-02T15:00:11.675+0000] {processor.py:179} INFO - Processing /opt/airflow/dags/loader_dag.py took 0.132 seconds
[2024-11-02T15:00:42.049+0000] {processor.py:157} INFO - Started process (PID=5670) to work on /opt/airflow/dags/loader_dag.py
[2024-11-02T15:00:42.051+0000] {processor.py:829} INFO - Processing file /opt/airflow/dags/loader_dag.py for tasks to queue
[2024-11-02T15:00:42.052+0000] {logging_mixin.py:151} INFO - [2024-11-02T15:00:42.051+0000] {dagbag.py:539} INFO - Filling up the DagBag from /opt/airflow/dags/loader_dag.py
[2024-11-02T15:00:42.078+0000] {processor.py:839} INFO - DAG(s) dict_keys(['dimension_batch_ingestion']) retrieved from /opt/airflow/dags/loader_dag.py
[2024-11-02T15:00:42.104+0000] {logging_mixin.py:151} INFO - [2024-11-02T15:00:42.104+0000] {dag.py:2915} INFO - Sync 1 DAGs
[2024-11-02T15:00:42.129+0000] {logging_mixin.py:151} INFO - [2024-11-02T15:00:42.129+0000] {dag.py:3696} INFO - Setting next_dagrun for dimension_batch_ingestion to 2024-11-02T00:00:00+00:00, run_after=2024-11-03T00:00:00+00:00
[2024-11-02T15:00:42.151+0000] {processor.py:179} INFO - Processing /opt/airflow/dags/loader_dag.py took 0.104 seconds
[2024-11-02T15:01:12.414+0000] {processor.py:157} INFO - Started process (PID=5717) to work on /opt/airflow/dags/loader_dag.py
[2024-11-02T15:01:12.416+0000] {processor.py:829} INFO - Processing file /opt/airflow/dags/loader_dag.py for tasks to queue
[2024-11-02T15:01:12.418+0000] {logging_mixin.py:151} INFO - [2024-11-02T15:01:12.418+0000] {dagbag.py:539} INFO - Filling up the DagBag from /opt/airflow/dags/loader_dag.py
[2024-11-02T15:01:12.445+0000] {processor.py:839} INFO - DAG(s) dict_keys(['dimension_batch_ingestion']) retrieved from /opt/airflow/dags/loader_dag.py
[2024-11-02T15:01:12.474+0000] {logging_mixin.py:151} INFO - [2024-11-02T15:01:12.474+0000] {dag.py:2915} INFO - Sync 1 DAGs
[2024-11-02T15:01:12.501+0000] {logging_mixin.py:151} INFO - [2024-11-02T15:01:12.500+0000] {dag.py:3696} INFO - Setting next_dagrun for dimension_batch_ingestion to 2024-11-02T00:00:00+00:00, run_after=2024-11-03T00:00:00+00:00
[2024-11-02T15:01:12.523+0000] {processor.py:179} INFO - Processing /opt/airflow/dags/loader_dag.py took 0.111 seconds
[2024-11-02T15:01:42.871+0000] {processor.py:157} INFO - Started process (PID=5764) to work on /opt/airflow/dags/loader_dag.py
[2024-11-02T15:01:42.872+0000] {processor.py:829} INFO - Processing file /opt/airflow/dags/loader_dag.py for tasks to queue
[2024-11-02T15:01:42.873+0000] {logging_mixin.py:151} INFO - [2024-11-02T15:01:42.873+0000] {dagbag.py:539} INFO - Filling up the DagBag from /opt/airflow/dags/loader_dag.py
[2024-11-02T15:01:42.898+0000] {processor.py:839} INFO - DAG(s) dict_keys(['dimension_batch_ingestion']) retrieved from /opt/airflow/dags/loader_dag.py
[2024-11-02T15:01:42.924+0000] {logging_mixin.py:151} INFO - [2024-11-02T15:01:42.924+0000] {dag.py:2915} INFO - Sync 1 DAGs
[2024-11-02T15:01:42.948+0000] {logging_mixin.py:151} INFO - [2024-11-02T15:01:42.948+0000] {dag.py:3696} INFO - Setting next_dagrun for dimension_batch_ingestion to 2024-11-02T00:00:00+00:00, run_after=2024-11-03T00:00:00+00:00
[2024-11-02T15:01:42.968+0000] {processor.py:179} INFO - Processing /opt/airflow/dags/loader_dag.py took 0.101 seconds
[2024-11-02T15:02:13.489+0000] {processor.py:157} INFO - Started process (PID=5811) to work on /opt/airflow/dags/loader_dag.py
[2024-11-02T15:02:13.490+0000] {processor.py:829} INFO - Processing file /opt/airflow/dags/loader_dag.py for tasks to queue
[2024-11-02T15:02:13.491+0000] {logging_mixin.py:151} INFO - [2024-11-02T15:02:13.491+0000] {dagbag.py:539} INFO - Filling up the DagBag from /opt/airflow/dags/loader_dag.py
[2024-11-02T15:02:13.516+0000] {processor.py:839} INFO - DAG(s) dict_keys(['dimension_batch_ingestion']) retrieved from /opt/airflow/dags/loader_dag.py
[2024-11-02T15:02:13.542+0000] {logging_mixin.py:151} INFO - [2024-11-02T15:02:13.541+0000] {dag.py:2915} INFO - Sync 1 DAGs
[2024-11-02T15:02:13.565+0000] {logging_mixin.py:151} INFO - [2024-11-02T15:02:13.565+0000] {dag.py:3696} INFO - Setting next_dagrun for dimension_batch_ingestion to 2024-11-02T00:00:00+00:00, run_after=2024-11-03T00:00:00+00:00
[2024-11-02T15:02:13.585+0000] {processor.py:179} INFO - Processing /opt/airflow/dags/loader_dag.py took 0.099 seconds
[2024-11-02T15:02:44.151+0000] {processor.py:157} INFO - Started process (PID=5858) to work on /opt/airflow/dags/loader_dag.py
[2024-11-02T15:02:44.153+0000] {processor.py:829} INFO - Processing file /opt/airflow/dags/loader_dag.py for tasks to queue
[2024-11-02T15:02:44.154+0000] {logging_mixin.py:151} INFO - [2024-11-02T15:02:44.154+0000] {dagbag.py:539} INFO - Filling up the DagBag from /opt/airflow/dags/loader_dag.py
[2024-11-02T15:02:44.176+0000] {processor.py:839} INFO - DAG(s) dict_keys(['dimension_batch_ingestion']) retrieved from /opt/airflow/dags/loader_dag.py
[2024-11-02T15:02:44.203+0000] {logging_mixin.py:151} INFO - [2024-11-02T15:02:44.202+0000] {dag.py:2915} INFO - Sync 1 DAGs
[2024-11-02T15:02:44.225+0000] {logging_mixin.py:151} INFO - [2024-11-02T15:02:44.225+0000] {dag.py:3696} INFO - Setting next_dagrun for dimension_batch_ingestion to 2024-11-02T00:00:00+00:00, run_after=2024-11-03T00:00:00+00:00
[2024-11-02T15:02:44.245+0000] {processor.py:179} INFO - Processing /opt/airflow/dags/loader_dag.py took 0.097 seconds
[2024-11-02T15:03:14.821+0000] {processor.py:157} INFO - Started process (PID=5905) to work on /opt/airflow/dags/loader_dag.py
[2024-11-02T15:03:14.822+0000] {processor.py:829} INFO - Processing file /opt/airflow/dags/loader_dag.py for tasks to queue
[2024-11-02T15:03:14.823+0000] {logging_mixin.py:151} INFO - [2024-11-02T15:03:14.823+0000] {dagbag.py:539} INFO - Filling up the DagBag from /opt/airflow/dags/loader_dag.py
[2024-11-02T15:03:14.847+0000] {processor.py:839} INFO - DAG(s) dict_keys(['dimension_batch_ingestion']) retrieved from /opt/airflow/dags/loader_dag.py
[2024-11-02T15:03:14.873+0000] {logging_mixin.py:151} INFO - [2024-11-02T15:03:14.872+0000] {dag.py:2915} INFO - Sync 1 DAGs
[2024-11-02T15:03:14.896+0000] {logging_mixin.py:151} INFO - [2024-11-02T15:03:14.896+0000] {dag.py:3696} INFO - Setting next_dagrun for dimension_batch_ingestion to 2024-11-02T00:00:00+00:00, run_after=2024-11-03T00:00:00+00:00
[2024-11-02T15:03:14.916+0000] {processor.py:179} INFO - Processing /opt/airflow/dags/loader_dag.py took 0.098 seconds
[2024-11-02T15:03:45.375+0000] {processor.py:157} INFO - Started process (PID=5952) to work on /opt/airflow/dags/loader_dag.py
[2024-11-02T15:03:45.376+0000] {processor.py:829} INFO - Processing file /opt/airflow/dags/loader_dag.py for tasks to queue
[2024-11-02T15:03:45.377+0000] {logging_mixin.py:151} INFO - [2024-11-02T15:03:45.377+0000] {dagbag.py:539} INFO - Filling up the DagBag from /opt/airflow/dags/loader_dag.py
[2024-11-02T15:03:45.404+0000] {processor.py:839} INFO - DAG(s) dict_keys(['dimension_batch_ingestion']) retrieved from /opt/airflow/dags/loader_dag.py
[2024-11-02T15:03:45.429+0000] {logging_mixin.py:151} INFO - [2024-11-02T15:03:45.428+0000] {dag.py:2915} INFO - Sync 1 DAGs
[2024-11-02T15:03:45.451+0000] {logging_mixin.py:151} INFO - [2024-11-02T15:03:45.451+0000] {dag.py:3696} INFO - Setting next_dagrun for dimension_batch_ingestion to 2024-11-02T00:00:00+00:00, run_after=2024-11-03T00:00:00+00:00
[2024-11-02T15:03:45.471+0000] {processor.py:179} INFO - Processing /opt/airflow/dags/loader_dag.py took 0.099 seconds
[2024-11-02T15:04:00.688+0000] {processor.py:157} INFO - Started process (PID=5964) to work on /opt/airflow/dags/loader_dag.py
[2024-11-02T15:04:00.690+0000] {processor.py:829} INFO - Processing file /opt/airflow/dags/loader_dag.py for tasks to queue
[2024-11-02T15:04:00.691+0000] {logging_mixin.py:151} INFO - [2024-11-02T15:04:00.691+0000] {dagbag.py:539} INFO - Filling up the DagBag from /opt/airflow/dags/loader_dag.py
[2024-11-02T15:04:00.728+0000] {processor.py:839} INFO - DAG(s) dict_keys(['dimension_batch_ingestion']) retrieved from /opt/airflow/dags/loader_dag.py
[2024-11-02T15:04:00.830+0000] {logging_mixin.py:151} INFO - [2024-11-02T15:04:00.829+0000] {security.py:708} INFO - Not syncing DAG-level permissions for DAG 'DAG:dimension_batch_ingestion' as access control is unset.
[2024-11-02T15:04:00.830+0000] {logging_mixin.py:151} INFO - [2024-11-02T15:04:00.830+0000] {dag.py:2915} INFO - Sync 1 DAGs
[2024-11-02T15:04:00.851+0000] {logging_mixin.py:151} INFO - [2024-11-02T15:04:00.850+0000] {dag.py:3696} INFO - Setting next_dagrun for dimension_batch_ingestion to 2024-11-02T00:00:00+00:00, run_after=2024-11-03T00:00:00+00:00
[2024-11-02T15:04:00.875+0000] {processor.py:179} INFO - Processing /opt/airflow/dags/loader_dag.py took 0.190 seconds
[2024-11-02T15:04:31.048+0000] {processor.py:157} INFO - Started process (PID=6023) to work on /opt/airflow/dags/loader_dag.py
[2024-11-02T15:04:31.049+0000] {processor.py:829} INFO - Processing file /opt/airflow/dags/loader_dag.py for tasks to queue
[2024-11-02T15:04:31.050+0000] {logging_mixin.py:151} INFO - [2024-11-02T15:04:31.050+0000] {dagbag.py:539} INFO - Filling up the DagBag from /opt/airflow/dags/loader_dag.py
[2024-11-02T15:04:31.073+0000] {processor.py:839} INFO - DAG(s) dict_keys(['dimension_batch_ingestion']) retrieved from /opt/airflow/dags/loader_dag.py
[2024-11-02T15:04:31.098+0000] {logging_mixin.py:151} INFO - [2024-11-02T15:04:31.098+0000] {dag.py:2915} INFO - Sync 1 DAGs
[2024-11-02T15:04:31.123+0000] {logging_mixin.py:151} INFO - [2024-11-02T15:04:31.123+0000] {dag.py:3696} INFO - Setting next_dagrun for dimension_batch_ingestion to 2024-11-02T00:00:00+00:00, run_after=2024-11-03T00:00:00+00:00
[2024-11-02T15:04:31.144+0000] {processor.py:179} INFO - Processing /opt/airflow/dags/loader_dag.py took 0.099 seconds
[2024-11-02T15:04:32.093+0000] {processor.py:157} INFO - Started process (PID=6028) to work on /opt/airflow/dags/loader_dag.py
[2024-11-02T15:04:32.094+0000] {processor.py:829} INFO - Processing file /opt/airflow/dags/loader_dag.py for tasks to queue
[2024-11-02T15:04:32.095+0000] {logging_mixin.py:151} INFO - [2024-11-02T15:04:32.095+0000] {dagbag.py:539} INFO - Filling up the DagBag from /opt/airflow/dags/loader_dag.py
[2024-11-02T15:04:32.134+0000] {processor.py:839} INFO - DAG(s) dict_keys(['dimension_batch_ingestion']) retrieved from /opt/airflow/dags/loader_dag.py
[2024-11-02T15:04:32.247+0000] {logging_mixin.py:151} INFO - [2024-11-02T15:04:32.247+0000] {security.py:708} INFO - Not syncing DAG-level permissions for DAG 'DAG:dimension_batch_ingestion' as access control is unset.
[2024-11-02T15:04:32.248+0000] {logging_mixin.py:151} INFO - [2024-11-02T15:04:32.248+0000] {dag.py:2915} INFO - Sync 1 DAGs
[2024-11-02T15:04:32.269+0000] {logging_mixin.py:151} INFO - [2024-11-02T15:04:32.269+0000] {dag.py:3696} INFO - Setting next_dagrun for dimension_batch_ingestion to 2024-11-02T00:00:00+00:00, run_after=2024-11-03T00:00:00+00:00
[2024-11-02T15:04:32.297+0000] {processor.py:179} INFO - Processing /opt/airflow/dags/loader_dag.py took 0.207 seconds
[2024-11-02T15:05:02.415+0000] {processor.py:157} INFO - Started process (PID=6075) to work on /opt/airflow/dags/loader_dag.py
[2024-11-02T15:05:02.416+0000] {processor.py:829} INFO - Processing file /opt/airflow/dags/loader_dag.py for tasks to queue
[2024-11-02T15:05:02.417+0000] {logging_mixin.py:151} INFO - [2024-11-02T15:05:02.417+0000] {dagbag.py:539} INFO - Filling up the DagBag from /opt/airflow/dags/loader_dag.py
[2024-11-02T15:05:02.441+0000] {processor.py:839} INFO - DAG(s) dict_keys(['dimension_batch_ingestion']) retrieved from /opt/airflow/dags/loader_dag.py
[2024-11-02T15:05:02.468+0000] {logging_mixin.py:151} INFO - [2024-11-02T15:05:02.468+0000] {dag.py:2915} INFO - Sync 1 DAGs
[2024-11-02T15:05:02.492+0000] {logging_mixin.py:151} INFO - [2024-11-02T15:05:02.491+0000] {dag.py:3696} INFO - Setting next_dagrun for dimension_batch_ingestion to 2024-11-02T00:00:00+00:00, run_after=2024-11-03T00:00:00+00:00
[2024-11-02T15:05:02.514+0000] {processor.py:179} INFO - Processing /opt/airflow/dags/loader_dag.py took 0.102 seconds
[2024-11-02T15:05:32.721+0000] {processor.py:157} INFO - Started process (PID=6137) to work on /opt/airflow/dags/loader_dag.py
[2024-11-02T15:05:32.722+0000] {processor.py:829} INFO - Processing file /opt/airflow/dags/loader_dag.py for tasks to queue
[2024-11-02T15:05:32.723+0000] {logging_mixin.py:151} INFO - [2024-11-02T15:05:32.723+0000] {dagbag.py:539} INFO - Filling up the DagBag from /opt/airflow/dags/loader_dag.py
[2024-11-02T15:05:32.746+0000] {processor.py:839} INFO - DAG(s) dict_keys(['dimension_batch_ingestion']) retrieved from /opt/airflow/dags/loader_dag.py
[2024-11-02T15:05:32.771+0000] {logging_mixin.py:151} INFO - [2024-11-02T15:05:32.771+0000] {dag.py:2915} INFO - Sync 1 DAGs
[2024-11-02T15:05:32.794+0000] {logging_mixin.py:151} INFO - [2024-11-02T15:05:32.794+0000] {dag.py:3696} INFO - Setting next_dagrun for dimension_batch_ingestion to 2024-11-02T00:00:00+00:00, run_after=2024-11-03T00:00:00+00:00
[2024-11-02T15:05:32.815+0000] {processor.py:179} INFO - Processing /opt/airflow/dags/loader_dag.py took 0.097 seconds
[2024-11-02T15:06:02.897+0000] {processor.py:157} INFO - Started process (PID=6184) to work on /opt/airflow/dags/loader_dag.py
[2024-11-02T15:06:02.898+0000] {processor.py:829} INFO - Processing file /opt/airflow/dags/loader_dag.py for tasks to queue
[2024-11-02T15:06:02.899+0000] {logging_mixin.py:151} INFO - [2024-11-02T15:06:02.899+0000] {dagbag.py:539} INFO - Filling up the DagBag from /opt/airflow/dags/loader_dag.py
[2024-11-02T15:06:02.921+0000] {processor.py:839} INFO - DAG(s) dict_keys(['dimension_batch_ingestion']) retrieved from /opt/airflow/dags/loader_dag.py
[2024-11-02T15:06:02.946+0000] {logging_mixin.py:151} INFO - [2024-11-02T15:06:02.946+0000] {dag.py:2915} INFO - Sync 1 DAGs
[2024-11-02T15:06:02.968+0000] {logging_mixin.py:151} INFO - [2024-11-02T15:06:02.968+0000] {dag.py:3696} INFO - Setting next_dagrun for dimension_batch_ingestion to 2024-11-02T00:00:00+00:00, run_after=2024-11-03T00:00:00+00:00
[2024-11-02T15:06:02.989+0000] {processor.py:179} INFO - Processing /opt/airflow/dags/loader_dag.py took 0.094 seconds
[2024-11-02T15:06:33.078+0000] {processor.py:157} INFO - Started process (PID=6231) to work on /opt/airflow/dags/loader_dag.py
[2024-11-02T15:06:33.080+0000] {processor.py:829} INFO - Processing file /opt/airflow/dags/loader_dag.py for tasks to queue
[2024-11-02T15:06:33.081+0000] {logging_mixin.py:151} INFO - [2024-11-02T15:06:33.080+0000] {dagbag.py:539} INFO - Filling up the DagBag from /opt/airflow/dags/loader_dag.py
[2024-11-02T15:06:33.120+0000] {processor.py:839} INFO - DAG(s) dict_keys(['dimension_batch_ingestion']) retrieved from /opt/airflow/dags/loader_dag.py
[2024-11-02T15:06:33.175+0000] {logging_mixin.py:151} INFO - [2024-11-02T15:06:33.175+0000] {dag.py:2915} INFO - Sync 1 DAGs
[2024-11-02T15:06:33.218+0000] {logging_mixin.py:151} INFO - [2024-11-02T15:06:33.217+0000] {dag.py:3696} INFO - Setting next_dagrun for dimension_batch_ingestion to 2024-11-02T00:00:00+00:00, run_after=2024-11-03T00:00:00+00:00
[2024-11-02T15:06:33.241+0000] {processor.py:179} INFO - Processing /opt/airflow/dags/loader_dag.py took 0.166 seconds
[2024-11-02T15:07:03.556+0000] {processor.py:157} INFO - Started process (PID=6284) to work on /opt/airflow/dags/loader_dag.py
[2024-11-02T15:07:03.557+0000] {processor.py:829} INFO - Processing file /opt/airflow/dags/loader_dag.py for tasks to queue
[2024-11-02T15:07:03.558+0000] {logging_mixin.py:151} INFO - [2024-11-02T15:07:03.558+0000] {dagbag.py:539} INFO - Filling up the DagBag from /opt/airflow/dags/loader_dag.py
[2024-11-02T15:07:03.583+0000] {processor.py:839} INFO - DAG(s) dict_keys(['dimension_batch_ingestion']) retrieved from /opt/airflow/dags/loader_dag.py
[2024-11-02T15:07:03.613+0000] {logging_mixin.py:151} INFO - [2024-11-02T15:07:03.612+0000] {dag.py:2915} INFO - Sync 1 DAGs
[2024-11-02T15:07:03.635+0000] {logging_mixin.py:151} INFO - [2024-11-02T15:07:03.635+0000] {dag.py:3696} INFO - Setting next_dagrun for dimension_batch_ingestion to 2024-11-02T00:00:00+00:00, run_after=2024-11-03T00:00:00+00:00
[2024-11-02T15:07:03.656+0000] {processor.py:179} INFO - Processing /opt/airflow/dags/loader_dag.py took 0.103 seconds
[2024-11-02T15:07:33.756+0000] {processor.py:157} INFO - Started process (PID=6331) to work on /opt/airflow/dags/loader_dag.py
[2024-11-02T15:07:33.757+0000] {processor.py:829} INFO - Processing file /opt/airflow/dags/loader_dag.py for tasks to queue
[2024-11-02T15:07:33.758+0000] {logging_mixin.py:151} INFO - [2024-11-02T15:07:33.757+0000] {dagbag.py:539} INFO - Filling up the DagBag from /opt/airflow/dags/loader_dag.py
[2024-11-02T15:07:33.780+0000] {processor.py:839} INFO - DAG(s) dict_keys(['dimension_batch_ingestion']) retrieved from /opt/airflow/dags/loader_dag.py
[2024-11-02T15:07:33.809+0000] {logging_mixin.py:151} INFO - [2024-11-02T15:07:33.809+0000] {dag.py:2915} INFO - Sync 1 DAGs
[2024-11-02T15:07:33.835+0000] {logging_mixin.py:151} INFO - [2024-11-02T15:07:33.835+0000] {dag.py:3696} INFO - Setting next_dagrun for dimension_batch_ingestion to 2024-11-02T00:00:00+00:00, run_after=2024-11-03T00:00:00+00:00
[2024-11-02T15:07:33.856+0000] {processor.py:179} INFO - Processing /opt/airflow/dags/loader_dag.py took 0.103 seconds
[2024-11-02T15:08:04.274+0000] {processor.py:157} INFO - Started process (PID=6381) to work on /opt/airflow/dags/loader_dag.py
[2024-11-02T15:08:04.275+0000] {processor.py:829} INFO - Processing file /opt/airflow/dags/loader_dag.py for tasks to queue
[2024-11-02T15:08:04.276+0000] {logging_mixin.py:151} INFO - [2024-11-02T15:08:04.276+0000] {dagbag.py:539} INFO - Filling up the DagBag from /opt/airflow/dags/loader_dag.py
[2024-11-02T15:08:04.300+0000] {processor.py:839} INFO - DAG(s) dict_keys(['dimension_batch_ingestion']) retrieved from /opt/airflow/dags/loader_dag.py
[2024-11-02T15:08:04.326+0000] {logging_mixin.py:151} INFO - [2024-11-02T15:08:04.326+0000] {dag.py:2915} INFO - Sync 1 DAGs
[2024-11-02T15:08:04.350+0000] {logging_mixin.py:151} INFO - [2024-11-02T15:08:04.349+0000] {dag.py:3696} INFO - Setting next_dagrun for dimension_batch_ingestion to 2024-11-02T00:00:00+00:00, run_after=2024-11-03T00:00:00+00:00
[2024-11-02T15:08:04.372+0000] {processor.py:179} INFO - Processing /opt/airflow/dags/loader_dag.py took 0.102 seconds
[2024-11-02T15:08:34.622+0000] {processor.py:157} INFO - Started process (PID=6443) to work on /opt/airflow/dags/loader_dag.py
[2024-11-02T15:08:34.624+0000] {processor.py:829} INFO - Processing file /opt/airflow/dags/loader_dag.py for tasks to queue
[2024-11-02T15:08:34.625+0000] {logging_mixin.py:151} INFO - [2024-11-02T15:08:34.624+0000] {dagbag.py:539} INFO - Filling up the DagBag from /opt/airflow/dags/loader_dag.py
[2024-11-02T15:08:34.650+0000] {processor.py:839} INFO - DAG(s) dict_keys(['dimension_batch_ingestion']) retrieved from /opt/airflow/dags/loader_dag.py
[2024-11-02T15:08:34.675+0000] {logging_mixin.py:151} INFO - [2024-11-02T15:08:34.675+0000] {dag.py:2915} INFO - Sync 1 DAGs
[2024-11-02T15:08:34.698+0000] {logging_mixin.py:151} INFO - [2024-11-02T15:08:34.698+0000] {dag.py:3696} INFO - Setting next_dagrun for dimension_batch_ingestion to 2024-11-02T00:00:00+00:00, run_after=2024-11-03T00:00:00+00:00
[2024-11-02T15:08:34.718+0000] {processor.py:179} INFO - Processing /opt/airflow/dags/loader_dag.py took 0.100 seconds
[2024-11-02T15:09:04.804+0000] {processor.py:157} INFO - Started process (PID=6490) to work on /opt/airflow/dags/loader_dag.py
[2024-11-02T15:09:04.805+0000] {processor.py:829} INFO - Processing file /opt/airflow/dags/loader_dag.py for tasks to queue
[2024-11-02T15:09:04.806+0000] {logging_mixin.py:151} INFO - [2024-11-02T15:09:04.806+0000] {dagbag.py:539} INFO - Filling up the DagBag from /opt/airflow/dags/loader_dag.py
[2024-11-02T15:09:04.834+0000] {processor.py:839} INFO - DAG(s) dict_keys(['dimension_batch_ingestion']) retrieved from /opt/airflow/dags/loader_dag.py
[2024-11-02T15:09:04.860+0000] {logging_mixin.py:151} INFO - [2024-11-02T15:09:04.860+0000] {dag.py:2915} INFO - Sync 1 DAGs
[2024-11-02T15:09:04.884+0000] {logging_mixin.py:151} INFO - [2024-11-02T15:09:04.883+0000] {dag.py:3696} INFO - Setting next_dagrun for dimension_batch_ingestion to 2024-11-02T00:00:00+00:00, run_after=2024-11-03T00:00:00+00:00
[2024-11-02T15:09:04.907+0000] {processor.py:179} INFO - Processing /opt/airflow/dags/loader_dag.py took 0.106 seconds
[2024-11-02T15:09:35.028+0000] {processor.py:157} INFO - Started process (PID=6537) to work on /opt/airflow/dags/loader_dag.py
[2024-11-02T15:09:35.029+0000] {processor.py:829} INFO - Processing file /opt/airflow/dags/loader_dag.py for tasks to queue
[2024-11-02T15:09:35.030+0000] {logging_mixin.py:151} INFO - [2024-11-02T15:09:35.030+0000] {dagbag.py:539} INFO - Filling up the DagBag from /opt/airflow/dags/loader_dag.py
[2024-11-02T15:09:35.058+0000] {processor.py:839} INFO - DAG(s) dict_keys(['dimension_batch_ingestion']) retrieved from /opt/airflow/dags/loader_dag.py
[2024-11-02T15:09:35.085+0000] {logging_mixin.py:151} INFO - [2024-11-02T15:09:35.085+0000] {dag.py:2915} INFO - Sync 1 DAGs
[2024-11-02T15:09:35.110+0000] {logging_mixin.py:151} INFO - [2024-11-02T15:09:35.110+0000] {dag.py:3696} INFO - Setting next_dagrun for dimension_batch_ingestion to 2024-11-02T00:00:00+00:00, run_after=2024-11-03T00:00:00+00:00
[2024-11-02T15:09:35.130+0000] {processor.py:179} INFO - Processing /opt/airflow/dags/loader_dag.py took 0.105 seconds
[2024-11-02T15:10:05.344+0000] {processor.py:157} INFO - Started process (PID=6587) to work on /opt/airflow/dags/loader_dag.py
[2024-11-02T15:10:05.345+0000] {processor.py:829} INFO - Processing file /opt/airflow/dags/loader_dag.py for tasks to queue
[2024-11-02T15:10:05.346+0000] {logging_mixin.py:151} INFO - [2024-11-02T15:10:05.346+0000] {dagbag.py:539} INFO - Filling up the DagBag from /opt/airflow/dags/loader_dag.py
[2024-11-02T15:10:05.372+0000] {processor.py:839} INFO - DAG(s) dict_keys(['dimension_batch_ingestion']) retrieved from /opt/airflow/dags/loader_dag.py
[2024-11-02T15:10:05.402+0000] {logging_mixin.py:151} INFO - [2024-11-02T15:10:05.402+0000] {dag.py:2915} INFO - Sync 1 DAGs
[2024-11-02T15:10:05.426+0000] {logging_mixin.py:151} INFO - [2024-11-02T15:10:05.426+0000] {dag.py:3696} INFO - Setting next_dagrun for dimension_batch_ingestion to 2024-11-02T00:00:00+00:00, run_after=2024-11-03T00:00:00+00:00
[2024-11-02T15:10:05.449+0000] {processor.py:179} INFO - Processing /opt/airflow/dags/loader_dag.py took 0.107 seconds
[2024-11-02T15:10:35.669+0000] {processor.py:157} INFO - Started process (PID=6637) to work on /opt/airflow/dags/loader_dag.py
[2024-11-02T15:10:35.670+0000] {processor.py:829} INFO - Processing file /opt/airflow/dags/loader_dag.py for tasks to queue
[2024-11-02T15:10:35.671+0000] {logging_mixin.py:151} INFO - [2024-11-02T15:10:35.671+0000] {dagbag.py:539} INFO - Filling up the DagBag from /opt/airflow/dags/loader_dag.py
[2024-11-02T15:10:35.695+0000] {processor.py:839} INFO - DAG(s) dict_keys(['dimension_batch_ingestion']) retrieved from /opt/airflow/dags/loader_dag.py
[2024-11-02T15:10:35.721+0000] {logging_mixin.py:151} INFO - [2024-11-02T15:10:35.721+0000] {dag.py:2915} INFO - Sync 1 DAGs
[2024-11-02T15:10:35.744+0000] {logging_mixin.py:151} INFO - [2024-11-02T15:10:35.744+0000] {dag.py:3696} INFO - Setting next_dagrun for dimension_batch_ingestion to 2024-11-02T00:00:00+00:00, run_after=2024-11-03T00:00:00+00:00
[2024-11-02T15:10:35.772+0000] {processor.py:179} INFO - Processing /opt/airflow/dags/loader_dag.py took 0.105 seconds
[2024-11-02T15:11:05.946+0000] {processor.py:157} INFO - Started process (PID=6696) to work on /opt/airflow/dags/loader_dag.py
[2024-11-02T15:11:05.947+0000] {processor.py:829} INFO - Processing file /opt/airflow/dags/loader_dag.py for tasks to queue
[2024-11-02T15:11:05.948+0000] {logging_mixin.py:151} INFO - [2024-11-02T15:11:05.948+0000] {dagbag.py:539} INFO - Filling up the DagBag from /opt/airflow/dags/loader_dag.py
[2024-11-02T15:11:05.972+0000] {processor.py:839} INFO - DAG(s) dict_keys(['dimension_batch_ingestion']) retrieved from /opt/airflow/dags/loader_dag.py
[2024-11-02T15:11:05.998+0000] {logging_mixin.py:151} INFO - [2024-11-02T15:11:05.997+0000] {dag.py:2915} INFO - Sync 1 DAGs
[2024-11-02T15:11:06.022+0000] {logging_mixin.py:151} INFO - [2024-11-02T15:11:06.021+0000] {dag.py:3696} INFO - Setting next_dagrun for dimension_batch_ingestion to 2024-11-02T00:00:00+00:00, run_after=2024-11-03T00:00:00+00:00
[2024-11-02T15:11:06.043+0000] {processor.py:179} INFO - Processing /opt/airflow/dags/loader_dag.py took 0.100 seconds
[2024-11-02T15:11:36.231+0000] {processor.py:157} INFO - Started process (PID=6743) to work on /opt/airflow/dags/loader_dag.py
[2024-11-02T15:11:36.232+0000] {processor.py:829} INFO - Processing file /opt/airflow/dags/loader_dag.py for tasks to queue
[2024-11-02T15:11:36.234+0000] {logging_mixin.py:151} INFO - [2024-11-02T15:11:36.233+0000] {dagbag.py:539} INFO - Filling up the DagBag from /opt/airflow/dags/loader_dag.py
[2024-11-02T15:11:36.267+0000] {processor.py:839} INFO - DAG(s) dict_keys(['dimension_batch_ingestion']) retrieved from /opt/airflow/dags/loader_dag.py
[2024-11-02T15:11:36.304+0000] {logging_mixin.py:151} INFO - [2024-11-02T15:11:36.303+0000] {dag.py:2915} INFO - Sync 1 DAGs
[2024-11-02T15:11:36.340+0000] {logging_mixin.py:151} INFO - [2024-11-02T15:11:36.339+0000] {dag.py:3696} INFO - Setting next_dagrun for dimension_batch_ingestion to 2024-11-02T00:00:00+00:00, run_after=2024-11-03T00:00:00+00:00
[2024-11-02T15:11:36.367+0000] {processor.py:179} INFO - Processing /opt/airflow/dags/loader_dag.py took 0.144 seconds
[2024-11-02T15:12:06.802+0000] {processor.py:157} INFO - Started process (PID=6790) to work on /opt/airflow/dags/loader_dag.py
[2024-11-02T15:12:06.803+0000] {processor.py:829} INFO - Processing file /opt/airflow/dags/loader_dag.py for tasks to queue
[2024-11-02T15:12:06.804+0000] {logging_mixin.py:151} INFO - [2024-11-02T15:12:06.804+0000] {dagbag.py:539} INFO - Filling up the DagBag from /opt/airflow/dags/loader_dag.py
[2024-11-02T15:12:06.834+0000] {processor.py:839} INFO - DAG(s) dict_keys(['dimension_batch_ingestion']) retrieved from /opt/airflow/dags/loader_dag.py
[2024-11-02T15:12:06.868+0000] {logging_mixin.py:151} INFO - [2024-11-02T15:12:06.868+0000] {dag.py:2915} INFO - Sync 1 DAGs
[2024-11-02T15:12:06.903+0000] {logging_mixin.py:151} INFO - [2024-11-02T15:12:06.903+0000] {dag.py:3696} INFO - Setting next_dagrun for dimension_batch_ingestion to 2024-11-02T00:00:00+00:00, run_after=2024-11-03T00:00:00+00:00
[2024-11-02T15:12:06.929+0000] {processor.py:179} INFO - Processing /opt/airflow/dags/loader_dag.py took 0.131 seconds
[2024-11-02T15:12:37.059+0000] {processor.py:157} INFO - Started process (PID=6837) to work on /opt/airflow/dags/loader_dag.py
[2024-11-02T15:12:37.061+0000] {processor.py:829} INFO - Processing file /opt/airflow/dags/loader_dag.py for tasks to queue
[2024-11-02T15:12:37.064+0000] {logging_mixin.py:151} INFO - [2024-11-02T15:12:37.063+0000] {dagbag.py:539} INFO - Filling up the DagBag from /opt/airflow/dags/loader_dag.py
[2024-11-02T15:12:37.098+0000] {processor.py:839} INFO - DAG(s) dict_keys(['dimension_batch_ingestion']) retrieved from /opt/airflow/dags/loader_dag.py
[2024-11-02T15:12:37.125+0000] {logging_mixin.py:151} INFO - [2024-11-02T15:12:37.124+0000] {dag.py:2915} INFO - Sync 1 DAGs
[2024-11-02T15:12:37.152+0000] {logging_mixin.py:151} INFO - [2024-11-02T15:12:37.152+0000] {dag.py:3696} INFO - Setting next_dagrun for dimension_batch_ingestion to 2024-11-02T00:00:00+00:00, run_after=2024-11-03T00:00:00+00:00
[2024-11-02T15:12:37.178+0000] {processor.py:179} INFO - Processing /opt/airflow/dags/loader_dag.py took 0.121 seconds
[2024-11-02T15:13:07.730+0000] {processor.py:157} INFO - Started process (PID=6884) to work on /opt/airflow/dags/loader_dag.py
[2024-11-02T15:13:07.731+0000] {processor.py:829} INFO - Processing file /opt/airflow/dags/loader_dag.py for tasks to queue
[2024-11-02T15:13:07.732+0000] {logging_mixin.py:151} INFO - [2024-11-02T15:13:07.732+0000] {dagbag.py:539} INFO - Filling up the DagBag from /opt/airflow/dags/loader_dag.py
[2024-11-02T15:13:07.755+0000] {processor.py:839} INFO - DAG(s) dict_keys(['dimension_batch_ingestion']) retrieved from /opt/airflow/dags/loader_dag.py
[2024-11-02T15:13:07.780+0000] {logging_mixin.py:151} INFO - [2024-11-02T15:13:07.780+0000] {dag.py:2915} INFO - Sync 1 DAGs
[2024-11-02T15:13:07.805+0000] {logging_mixin.py:151} INFO - [2024-11-02T15:13:07.805+0000] {dag.py:3696} INFO - Setting next_dagrun for dimension_batch_ingestion to 2024-11-02T00:00:00+00:00, run_after=2024-11-03T00:00:00+00:00
[2024-11-02T15:13:07.827+0000] {processor.py:179} INFO - Processing /opt/airflow/dags/loader_dag.py took 0.100 seconds
[2024-11-02T15:13:37.925+0000] {processor.py:157} INFO - Started process (PID=6931) to work on /opt/airflow/dags/loader_dag.py
[2024-11-02T15:13:37.929+0000] {processor.py:829} INFO - Processing file /opt/airflow/dags/loader_dag.py for tasks to queue
[2024-11-02T15:13:37.930+0000] {logging_mixin.py:151} INFO - [2024-11-02T15:13:37.930+0000] {dagbag.py:539} INFO - Filling up the DagBag from /opt/airflow/dags/loader_dag.py
[2024-11-02T15:13:37.963+0000] {processor.py:839} INFO - DAG(s) dict_keys(['dimension_batch_ingestion']) retrieved from /opt/airflow/dags/loader_dag.py
[2024-11-02T15:13:37.995+0000] {logging_mixin.py:151} INFO - [2024-11-02T15:13:37.994+0000] {dag.py:2915} INFO - Sync 1 DAGs
[2024-11-02T15:13:38.024+0000] {logging_mixin.py:151} INFO - [2024-11-02T15:13:38.024+0000] {dag.py:3696} INFO - Setting next_dagrun for dimension_batch_ingestion to 2024-11-02T00:00:00+00:00, run_after=2024-11-03T00:00:00+00:00
[2024-11-02T15:13:38.050+0000] {processor.py:179} INFO - Processing /opt/airflow/dags/loader_dag.py took 0.130 seconds
[2024-11-02T15:14:08.347+0000] {processor.py:157} INFO - Started process (PID=6978) to work on /opt/airflow/dags/loader_dag.py
[2024-11-02T15:14:08.348+0000] {processor.py:829} INFO - Processing file /opt/airflow/dags/loader_dag.py for tasks to queue
[2024-11-02T15:14:08.349+0000] {logging_mixin.py:151} INFO - [2024-11-02T15:14:08.348+0000] {dagbag.py:539} INFO - Filling up the DagBag from /opt/airflow/dags/loader_dag.py
[2024-11-02T15:14:08.373+0000] {processor.py:839} INFO - DAG(s) dict_keys(['dimension_batch_ingestion']) retrieved from /opt/airflow/dags/loader_dag.py
[2024-11-02T15:14:08.402+0000] {logging_mixin.py:151} INFO - [2024-11-02T15:14:08.402+0000] {dag.py:2915} INFO - Sync 1 DAGs
[2024-11-02T15:14:08.429+0000] {logging_mixin.py:151} INFO - [2024-11-02T15:14:08.428+0000] {dag.py:3696} INFO - Setting next_dagrun for dimension_batch_ingestion to 2024-11-02T00:00:00+00:00, run_after=2024-11-03T00:00:00+00:00
[2024-11-02T15:14:08.452+0000] {processor.py:179} INFO - Processing /opt/airflow/dags/loader_dag.py took 0.108 seconds
