[2024-11-02T15:08:17.931+0000] {taskinstance.py:1157} INFO - Dependencies all met for dep_context=non-requeueable deps ti=<TaskInstance: dimension_batch_ingestion.ingest_customer_dim manual__2024-11-02T15:08:16.298357+00:00 [queued]>
[2024-11-02T15:08:17.941+0000] {taskinstance.py:1157} INFO - Dependencies all met for dep_context=requeueable deps ti=<TaskInstance: dimension_batch_ingestion.ingest_customer_dim manual__2024-11-02T15:08:16.298357+00:00 [queued]>
[2024-11-02T15:08:17.941+0000] {taskinstance.py:1359} INFO - Starting attempt 1 of 1
[2024-11-02T15:08:17.957+0000] {taskinstance.py:1380} INFO - Executing <Task(BashOperator): ingest_customer_dim> on 2024-11-02 15:08:16.298357+00:00
[2024-11-02T15:08:17.961+0000] {standard_task_runner.py:57} INFO - Started process 6423 to run task
[2024-11-02T15:08:17.964+0000] {standard_task_runner.py:84} INFO - Running: ['***', 'tasks', 'run', 'dimension_batch_ingestion', 'ingest_customer_dim', 'manual__2024-11-02T15:08:16.298357+00:00', '--job-id', '1829', '--raw', '--subdir', 'DAGS_FOLDER/loader_dag.py', '--cfg-path', '/tmp/tmpqy2qf826']
[2024-11-02T15:08:17.967+0000] {standard_task_runner.py:85} INFO - Job 1829: Subtask ingest_customer_dim
[2024-11-02T15:08:18.019+0000] {task_command.py:415} INFO - Running <TaskInstance: dimension_batch_ingestion.ingest_customer_dim manual__2024-11-02T15:08:16.298357+00:00 [running]> on host 5e812a6a7c02
[2024-11-02T15:08:18.112+0000] {taskinstance.py:1660} INFO - Exporting env vars: AIRFLOW_CTX_DAG_OWNER='minhtranquang' AIRFLOW_CTX_DAG_ID='dimension_batch_ingestion' AIRFLOW_CTX_TASK_ID='ingest_customer_dim' AIRFLOW_CTX_EXECUTION_DATE='2024-11-02T15:08:16.298357+00:00' AIRFLOW_CTX_TRY_NUMBER='1' AIRFLOW_CTX_DAG_RUN_ID='manual__2024-11-02T15:08:16.298357+00:00'
[2024-11-02T15:08:18.113+0000] {subprocess.py:63} INFO - Tmp dir root location: /tmp
[2024-11-02T15:08:18.114+0000] {subprocess.py:75} INFO - Running command: ['/bin/bash', '-c', 'curl -X POST -F file=@/opt/***/customer_dim_large_data.csv -H "Content-Type: multipart/form-data" "http://pinot-controller:9000/ingestFromFile?tableNameWithType=customer_dim_OFFLINE&batchConfigMapStr=%7B%22inputFormat%22%3A%22csv%22%2C%22recordReader.prop.delimiter%22%3A%22%2C%22%7D"']
[2024-11-02T15:08:18.125+0000] {subprocess.py:86} INFO - Output:
[2024-11-02T15:08:18.136+0000] {subprocess.py:93} INFO -   % Total    % Received % Xferd  Average Speed   Time    Time     Time  Current
[2024-11-02T15:08:18.138+0000] {subprocess.py:93} INFO -                                  Dload  Upload   Total   Spent    Left  Speed
[2024-11-02T15:08:18.144+0000] {subprocess.py:93} INFO -   0     0    0     0    0     0      0      0 --:--:-- --:--:-- --:--:--     0100  4202  100   131  100  4071  18714   567k --:--:-- --:--:-- --:--:--  586k
[2024-11-02T15:08:18.145+0000] {subprocess.py:93} INFO - {"code":500,"error":"Caught exception when ingesting file into table: customer_dim_OFFLINE. Table: customer_dim_OFFLINE not found"}
[2024-11-02T15:08:18.146+0000] {subprocess.py:97} INFO - Command exited with return code 0
[2024-11-02T15:08:18.179+0000] {taskinstance.py:1398} INFO - Marking task as SUCCESS. dag_id=dimension_batch_ingestion, task_id=ingest_customer_dim, execution_date=20241102T150816, start_date=20241102T150817, end_date=20241102T150818
[2024-11-02T15:08:18.218+0000] {local_task_job_runner.py:228} INFO - Task exited with return code 0
[2024-11-02T15:08:18.246+0000] {taskinstance.py:2776} INFO - 0 downstream tasks scheduled from follow-on schedule check
