[2024-10-29T15:31:38.419+0000] {manager.py:487} INFO - Processing files using up to 2 processes at a time 
[2024-10-29T15:31:38.420+0000] {manager.py:488} INFO - Process each file at most once every 30 seconds
[2024-10-29T15:31:38.420+0000] {manager.py:489} INFO - Checking for new files in /opt/airflow/dags every 300 seconds
[2024-10-29T15:31:38.420+0000] {manager.py:759} INFO - Searching for files in /opt/airflow/dags
[2024-10-29T15:31:38.423+0000] {manager.py:762} INFO - There are 0 files in /opt/airflow/dags
[2024-10-29T15:34:55.588+0000] {manager.py:469} INFO - Exiting gracefully upon receiving signal 15
[2024-10-29T15:37:43.077+0000] {manager.py:487} INFO - Processing files using up to 2 processes at a time 
[2024-10-29T15:37:43.078+0000] {manager.py:488} INFO - Process each file at most once every 30 seconds
[2024-10-29T15:37:43.078+0000] {manager.py:489} INFO - Checking for new files in /opt/airflow/dags every 300 seconds
[2024-10-29T15:37:43.079+0000] {manager.py:759} INFO - Searching for files in /opt/airflow/dags
[2024-10-29T15:37:43.084+0000] {manager.py:762} INFO - There are 0 files in /opt/airflow/dags
[2024-10-29T15:42:43.268+0000] {manager.py:759} INFO - Searching for files in /opt/airflow/dags
[2024-10-29T15:42:43.270+0000] {manager.py:762} INFO - There are 0 files in /opt/airflow/dags
[2024-10-29T15:47:43.398+0000] {manager.py:759} INFO - Searching for files in /opt/airflow/dags
[2024-10-29T15:47:43.401+0000] {manager.py:762} INFO - There are 0 files in /opt/airflow/dags
[2024-10-29T15:52:43.548+0000] {manager.py:759} INFO - Searching for files in /opt/airflow/dags
[2024-10-29T15:52:43.550+0000] {manager.py:762} INFO - There are 0 files in /opt/airflow/dags
[2024-10-29T15:57:43.703+0000] {manager.py:759} INFO - Searching for files in /opt/airflow/dags
[2024-10-29T15:57:43.706+0000] {manager.py:762} INFO - There are 0 files in /opt/airflow/dags
[2024-10-29T16:02:43.856+0000] {manager.py:759} INFO - Searching for files in /opt/airflow/dags
[2024-10-29T16:02:43.858+0000] {manager.py:762} INFO - There are 0 files in /opt/airflow/dags
[2024-10-29T16:04:22.997+0000] {manager.py:469} INFO - Exiting gracefully upon receiving signal 15
[2024-10-29T16:15:09.201+0000] {manager.py:487} INFO - Processing files using up to 2 processes at a time 
[2024-10-29T16:15:09.202+0000] {manager.py:488} INFO - Process each file at most once every 30 seconds
[2024-10-29T16:15:09.203+0000] {manager.py:489} INFO - Checking for new files in /opt/airflow/dags every 300 seconds
[2024-10-29T16:15:09.204+0000] {manager.py:759} INFO - Searching for files in /opt/airflow/dags
[2024-10-29T16:15:09.208+0000] {manager.py:762} INFO - There are 0 files in /opt/airflow/dags
[2024-10-29T16:20:09.352+0000] {manager.py:759} INFO - Searching for files in /opt/airflow/dags
[2024-10-29T16:20:09.355+0000] {manager.py:762} INFO - There are 0 files in /opt/airflow/dags
[2024-10-29T16:25:09.462+0000] {manager.py:759} INFO - Searching for files in /opt/airflow/dags
[2024-10-29T16:25:09.464+0000] {manager.py:762} INFO - There are 0 files in /opt/airflow/dags
[2024-10-29T16:30:09.602+0000] {manager.py:759} INFO - Searching for files in /opt/airflow/dags
[2024-10-29T16:30:09.605+0000] {manager.py:762} INFO - There are 0 files in /opt/airflow/dags
[2024-10-29T16:35:09.794+0000] {manager.py:759} INFO - Searching for files in /opt/airflow/dags
[2024-10-29T16:35:09.797+0000] {manager.py:762} INFO - There are 0 files in /opt/airflow/dags
[2024-10-29T16:40:10.119+0000] {manager.py:759} INFO - Searching for files in /opt/airflow/dags
[2024-10-29T16:40:10.122+0000] {manager.py:762} INFO - There are 0 files in /opt/airflow/dags
[2024-10-29T16:45:10.416+0000] {manager.py:759} INFO - Searching for files in /opt/airflow/dags
[2024-10-29T16:45:10.418+0000] {manager.py:762} INFO - There are 0 files in /opt/airflow/dags
[2024-10-29T16:50:10.654+0000] {manager.py:759} INFO - Searching for files in /opt/airflow/dags
[2024-10-29T16:50:10.657+0000] {manager.py:762} INFO - There are 0 files in /opt/airflow/dags
[2024-10-29T16:55:10.954+0000] {manager.py:759} INFO - Searching for files in /opt/airflow/dags
[2024-10-29T16:55:10.957+0000] {manager.py:762} INFO - There are 0 files in /opt/airflow/dags
[2024-10-29T16:59:46.395+0000] {manager.py:469} INFO - Exiting gracefully upon receiving signal 15
[2024-10-31T15:51:21.424+0000] {manager.py:487} INFO - Processing files using up to 2 processes at a time 
[2024-10-31T15:51:21.425+0000] {manager.py:488} INFO - Process each file at most once every 30 seconds
[2024-10-31T15:51:21.427+0000] {manager.py:489} INFO - Checking for new files in /opt/airflow/dags every 300 seconds
[2024-10-31T15:51:21.428+0000] {manager.py:759} INFO - Searching for files in /opt/airflow/dags
[2024-10-31T15:51:21.434+0000] {manager.py:762} INFO - There are 0 files in /opt/airflow/dags
[2024-10-31T15:56:22.004+0000] {manager.py:759} INFO - Searching for files in /opt/airflow/dags
[2024-10-31T15:56:22.007+0000] {manager.py:762} INFO - There are 0 files in /opt/airflow/dags
[2024-10-31T16:01:22.443+0000] {manager.py:759} INFO - Searching for files in /opt/airflow/dags
[2024-10-31T16:01:22.464+0000] {manager.py:762} INFO - There are 0 files in /opt/airflow/dags
[2024-10-31T16:06:22.749+0000] {manager.py:759} INFO - Searching for files in /opt/airflow/dags
[2024-10-31T16:06:22.776+0000] {manager.py:762} INFO - There are 0 files in /opt/airflow/dags
[2024-10-31T16:11:22.889+0000] {manager.py:759} INFO - Searching for files in /opt/airflow/dags
[2024-10-31T16:11:22.914+0000] {manager.py:762} INFO - There are 0 files in /opt/airflow/dags
[2024-10-31T16:16:34.934+0000] {manager.py:759} INFO - Searching for files in /opt/airflow/dags
[2024-10-31T16:16:35.088+0000] {manager.py:762} INFO - There are 0 files in /opt/airflow/dags
[2024-10-31T16:21:35.423+0000] {manager.py:759} INFO - Searching for files in /opt/airflow/dags
[2024-10-31T16:21:35.458+0000] {manager.py:762} INFO - There are 0 files in /opt/airflow/dags
[2024-10-31T16:26:35.752+0000] {manager.py:759} INFO - Searching for files in /opt/airflow/dags
[2024-10-31T16:26:35.794+0000] {manager.py:762} INFO - There are 0 files in /opt/airflow/dags
[2024-10-31T16:31:36.068+0000] {manager.py:759} INFO - Searching for files in /opt/airflow/dags
[2024-10-31T16:31:36.109+0000] {manager.py:762} INFO - There are 0 files in /opt/airflow/dags
[2024-10-31T16:36:36.311+0000] {manager.py:759} INFO - Searching for files in /opt/airflow/dags
[2024-10-31T16:36:36.348+0000] {manager.py:762} INFO - There are 0 files in /opt/airflow/dags
[2024-10-31T16:41:36.659+0000] {manager.py:759} INFO - Searching for files in /opt/airflow/dags
[2024-10-31T16:41:36.712+0000] {manager.py:762} INFO - There are 0 files in /opt/airflow/dags
[2024-10-31T16:46:37.085+0000] {manager.py:759} INFO - Searching for files in /opt/airflow/dags
[2024-10-31T16:46:37.136+0000] {manager.py:762} INFO - There are 0 files in /opt/airflow/dags
[2024-10-31T16:51:37.465+0000] {manager.py:759} INFO - Searching for files in /opt/airflow/dags
[2024-10-31T16:51:37.525+0000] {manager.py:762} INFO - There are 0 files in /opt/airflow/dags
[2024-10-31T16:56:37.976+0000] {manager.py:759} INFO - Searching for files in /opt/airflow/dags
[2024-10-31T16:56:38.098+0000] {manager.py:762} INFO - There are 0 files in /opt/airflow/dags
[2024-10-31T17:01:38.451+0000] {manager.py:759} INFO - Searching for files in /opt/airflow/dags
[2024-10-31T17:01:38.534+0000] {manager.py:762} INFO - There are 0 files in /opt/airflow/dags
[2024-10-31T17:06:38.987+0000] {manager.py:759} INFO - Searching for files in /opt/airflow/dags
[2024-10-31T17:06:39.052+0000] {manager.py:762} INFO - There are 0 files in /opt/airflow/dags
[2024-10-31T17:11:39.477+0000] {manager.py:759} INFO - Searching for files in /opt/airflow/dags
[2024-10-31T17:11:39.551+0000] {manager.py:762} INFO - There are 1 files in /opt/airflow/dags
[2024-10-31T17:11:50.691+0000] {manager.py:893} INFO - 
================================================================================
DAG File Processing Stats

File Path                                   PID    Runtime      # DAGs    # Errors  Last Runtime    Last Run
------------------------------------------  -----  ---------  --------  ----------  --------------  -------------------
/opt/airflow/dags/account_dim_generator.py                           0           1  1.66s           2024-10-31T17:11:41
================================================================================
[2024-10-31T17:12:20.754+0000] {manager.py:893} INFO - 
================================================================================
DAG File Processing Stats

File Path                                   PID    Runtime      # DAGs    # Errors  Last Runtime    Last Run
------------------------------------------  -----  ---------  --------  ----------  --------------  -------------------
/opt/airflow/dags/account_dim_generator.py                           1           0  1.28s           2024-10-31T17:11:53
================================================================================
[2024-10-31T17:12:50.942+0000] {manager.py:893} INFO - 
================================================================================
DAG File Processing Stats

File Path                                   PID    Runtime      # DAGs    # Errors  Last Runtime    Last Run
------------------------------------------  -----  ---------  --------  ----------  --------------  -------------------
/opt/airflow/dags/account_dim_generator.py                           1           0  0.68s           2024-10-31T17:12:49
================================================================================
[2024-10-31T17:13:21.376+0000] {manager.py:893} INFO - 
================================================================================
DAG File Processing Stats

File Path                                   PID    Runtime      # DAGs    # Errors  Last Runtime    Last Run
------------------------------------------  -----  ---------  --------  ----------  --------------  -------------------
/opt/airflow/dags/account_dim_generator.py                           1           0  0.48s           2024-10-31T17:13:19
================================================================================
[2024-10-31T17:13:51.520+0000] {manager.py:893} INFO - 
================================================================================
DAG File Processing Stats

File Path                                   PID    Runtime      # DAGs    # Errors  Last Runtime    Last Run
------------------------------------------  -----  ---------  --------  ----------  --------------  -------------------
/opt/airflow/dags/account_dim_generator.py                           1           0  0.55s           2024-10-31T17:13:50
================================================================================
[2024-10-31T17:14:21.684+0000] {manager.py:893} INFO - 
================================================================================
DAG File Processing Stats

File Path                                   PID    Runtime      # DAGs    # Errors  Last Runtime    Last Run
------------------------------------------  -----  ---------  --------  ----------  --------------  -------------------
/opt/airflow/dags/account_dim_generator.py                           1           0  0.53s           2024-10-31T17:14:21
================================================================================
[2024-10-31T17:14:51.825+0000] {manager.py:893} INFO - 
================================================================================
DAG File Processing Stats

File Path                                   PID    Runtime      # DAGs    # Errors  Last Runtime    Last Run
------------------------------------------  -----  ---------  --------  ----------  --------------  -------------------
/opt/airflow/dags/account_dim_generator.py                           1           0  0.47s           2024-10-31T17:14:51
================================================================================
[2024-10-31T17:15:22.013+0000] {manager.py:893} INFO - 
================================================================================
DAG File Processing Stats

File Path                                     PID  Runtime      # DAGs    # Errors  Last Runtime    Last Run
------------------------------------------  -----  ---------  --------  ----------  --------------  -------------------
/opt/airflow/dags/account_dim_generator.py   1462  0.00s             1           0  0.47s           2024-10-31T17:14:51
================================================================================
[2024-10-31T17:15:52.154+0000] {manager.py:893} INFO - 
================================================================================
DAG File Processing Stats

File Path                                   PID    Runtime      # DAGs    # Errors  Last Runtime    Last Run
------------------------------------------  -----  ---------  --------  ----------  --------------  -------------------
/opt/airflow/dags/account_dim_generator.py                           1           0  0.45s           2024-10-31T17:15:22
================================================================================
[2024-10-31T17:16:22.224+0000] {manager.py:893} INFO - 
================================================================================
DAG File Processing Stats

File Path                                   PID    Runtime      # DAGs    # Errors  Last Runtime    Last Run
------------------------------------------  -----  ---------  --------  ----------  --------------  -------------------
/opt/airflow/dags/account_dim_generator.py                           1           0  0.50s           2024-10-31T17:15:53
================================================================================
[2024-10-31T17:16:39.817+0000] {manager.py:759} INFO - Searching for files in /opt/airflow/dags
[2024-10-31T17:16:39.887+0000] {manager.py:762} INFO - There are 1 files in /opt/airflow/dags
[2024-10-31T17:16:52.973+0000] {manager.py:893} INFO - 
================================================================================
DAG File Processing Stats

File Path                                   PID    Runtime      # DAGs    # Errors  Last Runtime    Last Run
------------------------------------------  -----  ---------  --------  ----------  --------------  -------------------
/opt/airflow/dags/account_dim_generator.py                           1           0  0.57s           2024-10-31T17:16:23
================================================================================
[2024-10-31T17:17:23.137+0000] {manager.py:893} INFO - 
================================================================================
DAG File Processing Stats

File Path                                   PID    Runtime      # DAGs    # Errors  Last Runtime    Last Run
------------------------------------------  -----  ---------  --------  ----------  --------------  -------------------
/opt/airflow/dags/account_dim_generator.py                           1           0  0.54s           2024-10-31T17:16:54
================================================================================
[2024-10-31T17:17:53.316+0000] {manager.py:893} INFO - 
================================================================================
DAG File Processing Stats

File Path                                   PID    Runtime      # DAGs    # Errors  Last Runtime    Last Run
------------------------------------------  -----  ---------  --------  ----------  --------------  -------------------
/opt/airflow/dags/account_dim_generator.py                           1           0  0.48s           2024-10-31T17:17:25
================================================================================
[2024-10-31T17:18:23.509+0000] {manager.py:893} INFO - 
================================================================================
DAG File Processing Stats

File Path                                   PID    Runtime      # DAGs    # Errors  Last Runtime    Last Run
------------------------------------------  -----  ---------  --------  ----------  --------------  -------------------
/opt/airflow/dags/account_dim_generator.py                           1           0  0.55s           2024-10-31T17:17:55
================================================================================
[2024-10-31T17:18:53.680+0000] {manager.py:893} INFO - 
================================================================================
DAG File Processing Stats

File Path                                   PID    Runtime      # DAGs    # Errors  Last Runtime    Last Run
------------------------------------------  -----  ---------  --------  ----------  --------------  -------------------
/opt/airflow/dags/account_dim_generator.py                           1           0  0.58s           2024-10-31T17:18:26
================================================================================
[2024-10-31T17:19:23.905+0000] {manager.py:893} INFO - 
================================================================================
DAG File Processing Stats

File Path                                   PID    Runtime      # DAGs    # Errors  Last Runtime    Last Run
------------------------------------------  -----  ---------  --------  ----------  --------------  -------------------
/opt/airflow/dags/account_dim_generator.py                           1           0  0.49s           2024-10-31T17:18:57
================================================================================
[2024-10-31T17:19:54.059+0000] {manager.py:893} INFO - 
================================================================================
DAG File Processing Stats

File Path                                   PID    Runtime      # DAGs    # Errors  Last Runtime    Last Run
------------------------------------------  -----  ---------  --------  ----------  --------------  -------------------
/opt/airflow/dags/account_dim_generator.py                           1           0  0.58s           2024-10-31T17:19:27
================================================================================
[2024-10-31T17:20:24.601+0000] {manager.py:893} INFO - 
================================================================================
DAG File Processing Stats

File Path                                   PID    Runtime      # DAGs    # Errors  Last Runtime    Last Run
------------------------------------------  -----  ---------  --------  ----------  --------------  -------------------
/opt/airflow/dags/account_dim_generator.py                           1           0  0.58s           2024-10-31T17:19:58
================================================================================
[2024-10-31T17:20:54.904+0000] {manager.py:893} INFO - 
================================================================================
DAG File Processing Stats

File Path                                   PID    Runtime      # DAGs    # Errors  Last Runtime    Last Run
------------------------------------------  -----  ---------  --------  ----------  --------------  -------------------
/opt/airflow/dags/account_dim_generator.py                           1           0  0.51s           2024-10-31T17:20:29
================================================================================
[2024-10-31T17:21:25.045+0000] {manager.py:893} INFO - 
================================================================================
DAG File Processing Stats

File Path                                   PID    Runtime      # DAGs    # Errors  Last Runtime    Last Run
------------------------------------------  -----  ---------  --------  ----------  --------------  -------------------
/opt/airflow/dags/account_dim_generator.py                           1           0  0.51s           2024-10-31T17:20:59
================================================================================
[2024-10-31T17:21:40.125+0000] {manager.py:759} INFO - Searching for files in /opt/airflow/dags
[2024-10-31T17:21:40.182+0000] {manager.py:762} INFO - There are 1 files in /opt/airflow/dags
[2024-10-31T17:21:55.265+0000] {manager.py:893} INFO - 
================================================================================
DAG File Processing Stats

File Path                                   PID    Runtime      # DAGs    # Errors  Last Runtime    Last Run
------------------------------------------  -----  ---------  --------  ----------  --------------  -------------------
/opt/airflow/dags/account_dim_generator.py                           1           0  0.47s           2024-10-31T17:21:30
================================================================================
[2024-11-02T02:48:06.826+0000] {manager.py:487} INFO - Processing files using up to 2 processes at a time 
[2024-11-02T02:48:06.838+0000] {manager.py:488} INFO - Process each file at most once every 30 seconds
[2024-11-02T02:48:06.839+0000] {manager.py:489} INFO - Checking for new files in /opt/airflow/dags every 300 seconds
[2024-11-02T02:48:06.840+0000] {manager.py:759} INFO - Searching for files in /opt/airflow/dags
[2024-11-02T02:48:07.456+0000] {manager.py:762} INFO - There are 4 files in /opt/airflow/dags
[2024-11-02T02:48:07.771+0000] {manager.py:893} INFO - 
================================================================================
DAG File Processing Stats

File Path                                           PID  Runtime      # DAGs    # Errors  Last Runtime    Last Run
------------------------------------------------  -----  ---------  --------  ----------  --------------  ----------
/opt/airflow/dags/account_dim_generator.py                                 0           0
/opt/airflow/dags/branch_dim_generator.py                                  0           0
/opt/airflow/dags/customer_dim_generator.py         210  0.09s             0           0
/opt/airflow/dags/transaction_facts_generator.py    207  0.15s             0           0
================================================================================
[2024-11-02T02:48:37.812+0000] {manager.py:893} INFO - 
================================================================================
DAG File Processing Stats

File Path                                         PID    Runtime      # DAGs    # Errors  Last Runtime    Last Run
------------------------------------------------  -----  ---------  --------  ----------  --------------  -------------------
/opt/airflow/dags/branch_dim_generator.py                                  0           1  1.30s           2024-11-02T02:48:11
/opt/airflow/dags/customer_dim_generator.py                                0           1  2.54s           2024-11-02T02:48:10
/opt/airflow/dags/transaction_facts_generator.py                           0           0  0.34s           2024-11-02T02:48:07
/opt/airflow/dags/account_dim_generator.py                                 1           0  2.41s           2024-11-02T02:48:10
================================================================================
[2024-11-02T02:49:07.955+0000] {manager.py:893} INFO - 
================================================================================
DAG File Processing Stats

File Path                                         PID    Runtime      # DAGs    # Errors  Last Runtime    Last Run
------------------------------------------------  -----  ---------  --------  ----------  --------------  -------------------
/opt/airflow/dags/branch_dim_generator.py                                  0           1  0.62s           2024-11-02T02:48:42
/opt/airflow/dags/customer_dim_generator.py                                0           1  0.72s           2024-11-02T02:48:41
/opt/airflow/dags/transaction_facts_generator.py                           0           0  0.07s           2024-11-02T02:48:38
/opt/airflow/dags/account_dim_generator.py                                 1           0  0.82s           2024-11-02T02:48:41
================================================================================
[2024-11-02T02:49:38.045+0000] {manager.py:893} INFO - 
================================================================================
DAG File Processing Stats

File Path                                         PID    Runtime      # DAGs    # Errors  Last Runtime    Last Run
------------------------------------------------  -----  ---------  --------  ----------  --------------  -------------------
/opt/airflow/dags/branch_dim_generator.py                                  0           1  0.65s           2024-11-02T02:49:13
/opt/airflow/dags/customer_dim_generator.py                                0           1  0.74s           2024-11-02T02:49:12
/opt/airflow/dags/transaction_facts_generator.py                           0           0  0.07s           2024-11-02T02:49:09
/opt/airflow/dags/account_dim_generator.py                                 1           0  0.83s           2024-11-02T02:49:12
================================================================================
[2024-11-02T02:50:08.053+0000] {manager.py:893} INFO - 
================================================================================
DAG File Processing Stats

File Path                                         PID    Runtime      # DAGs    # Errors  Last Runtime    Last Run
------------------------------------------------  -----  ---------  --------  ----------  --------------  -------------------
/opt/airflow/dags/branch_dim_generator.py                                  0           1  0.57s           2024-11-02T02:49:44
/opt/airflow/dags/customer_dim_generator.py                                0           1  0.69s           2024-11-02T02:49:43
/opt/airflow/dags/transaction_facts_generator.py                           0           0  0.07s           2024-11-02T02:49:39
/opt/airflow/dags/account_dim_generator.py                                 1           0  0.74s           2024-11-02T02:49:43
================================================================================
[2024-11-02T02:50:38.308+0000] {manager.py:893} INFO - 
================================================================================
DAG File Processing Stats

File Path                                         PID    Runtime      # DAGs    # Errors  Last Runtime    Last Run
------------------------------------------------  -----  ---------  --------  ----------  --------------  -------------------
/opt/airflow/dags/branch_dim_generator.py                                  0           1  0.73s           2024-11-02T02:50:16
/opt/airflow/dags/customer_dim_generator.py                                0           1  0.77s           2024-11-02T02:50:15
/opt/airflow/dags/transaction_facts_generator.py                           0           0  0.06s           2024-11-02T02:50:09
/opt/airflow/dags/account_dim_generator.py                                 1           0  0.80s           2024-11-02T02:50:15
================================================================================
[2024-11-02T02:51:08.840+0000] {manager.py:893} INFO - 
================================================================================
DAG File Processing Stats

File Path                                         PID    Runtime      # DAGs    # Errors  Last Runtime    Last Run
------------------------------------------------  -----  ---------  --------  ----------  --------------  -------------------
/opt/airflow/dags/branch_dim_generator.py                                  0           1  0.59s           2024-11-02T02:50:47
/opt/airflow/dags/customer_dim_generator.py                                0           1  0.54s           2024-11-02T02:50:45
/opt/airflow/dags/transaction_facts_generator.py                           0           0  0.07s           2024-11-02T02:50:40
/opt/airflow/dags/account_dim_generator.py                                 1           0  0.65s           2024-11-02T02:50:46
================================================================================
[2024-11-02T02:51:39.210+0000] {manager.py:893} INFO - 
================================================================================
DAG File Processing Stats

File Path                                         PID    Runtime      # DAGs    # Errors  Last Runtime    Last Run
------------------------------------------------  -----  ---------  --------  ----------  --------------  -------------------
/opt/airflow/dags/branch_dim_generator.py                                  0           1  0.71s           2024-11-02T02:51:18
/opt/airflow/dags/customer_dim_generator.py                                0           1  0.63s           2024-11-02T02:51:16
/opt/airflow/dags/transaction_facts_generator.py                           0           0  0.10s           2024-11-02T02:51:10
/opt/airflow/dags/account_dim_generator.py                                 1           0  0.72s           2024-11-02T02:51:17
================================================================================
[2024-11-02T02:52:09.634+0000] {manager.py:893} INFO - 
================================================================================
DAG File Processing Stats

File Path                                         PID    Runtime      # DAGs    # Errors  Last Runtime    Last Run
------------------------------------------------  -----  ---------  --------  ----------  --------------  -------------------
/opt/airflow/dags/branch_dim_generator.py                                  0           1  0.49s           2024-11-02T02:51:48
/opt/airflow/dags/customer_dim_generator.py                                0           1  0.56s           2024-11-02T02:51:47
/opt/airflow/dags/transaction_facts_generator.py                           0           0  0.06s           2024-11-02T02:51:41
/opt/airflow/dags/account_dim_generator.py                                 1           0  0.58s           2024-11-02T02:51:48
================================================================================
[2024-11-02T02:52:40.057+0000] {manager.py:893} INFO - 
================================================================================
DAG File Processing Stats

File Path                                         PID    Runtime      # DAGs    # Errors  Last Runtime    Last Run
------------------------------------------------  -----  ---------  --------  ----------  --------------  -------------------
/opt/airflow/dags/branch_dim_generator.py                                  0           1  0.57s           2024-11-02T02:52:19
/opt/airflow/dags/customer_dim_generator.py                                0           1  0.62s           2024-11-02T02:52:19
/opt/airflow/dags/transaction_facts_generator.py                           0           0  0.07s           2024-11-02T02:52:11
/opt/airflow/dags/account_dim_generator.py                                 1           0  0.65s           2024-11-02T02:52:19
================================================================================
[2024-11-02T02:53:07.081+0000] {manager.py:759} INFO - Searching for files in /opt/airflow/dags
[2024-11-02T02:53:07.162+0000] {manager.py:762} INFO - There are 4 files in /opt/airflow/dags
[2024-11-02T02:53:10.187+0000] {manager.py:893} INFO - 
================================================================================
DAG File Processing Stats

File Path                                         PID    Runtime      # DAGs    # Errors  Last Runtime    Last Run
------------------------------------------------  -----  ---------  --------  ----------  --------------  -------------------
/opt/airflow/dags/branch_dim_generator.py                                  0           1  0.38s           2024-11-02T02:52:50
/opt/airflow/dags/customer_dim_generator.py                                0           1  0.45s           2024-11-02T02:52:50
/opt/airflow/dags/transaction_facts_generator.py                           0           0  0.06s           2024-11-02T02:52:42
/opt/airflow/dags/account_dim_generator.py                                 1           0  0.53s           2024-11-02T02:52:50
================================================================================
