[2024-11-02T16:15:39.353+0000] {taskinstance.py:1157} INFO - Dependencies all met for dep_context=non-requeueable deps ti=<TaskInstance: dimension_batch_ingestion.ingest_customer_dim manual__2024-11-02T16:15:38.220639+00:00 [queued]>
[2024-11-02T16:15:39.364+0000] {taskinstance.py:1157} INFO - Dependencies all met for dep_context=requeueable deps ti=<TaskInstance: dimension_batch_ingestion.ingest_customer_dim manual__2024-11-02T16:15:38.220639+00:00 [queued]>
[2024-11-02T16:15:39.365+0000] {taskinstance.py:1359} INFO - Starting attempt 1 of 1
[2024-11-02T16:15:39.385+0000] {taskinstance.py:1380} INFO - Executing <Task(BashOperator): ingest_customer_dim> on 2024-11-02 16:15:38.220639+00:00
[2024-11-02T16:15:39.405+0000] {standard_task_runner.py:57} INFO - Started process 1427 to run task
[2024-11-02T16:15:39.414+0000] {standard_task_runner.py:84} INFO - Running: ['***', 'tasks', 'run', 'dimension_batch_ingestion', 'ingest_customer_dim', 'manual__2024-11-02T16:15:38.220639+00:00', '--job-id', '1854', '--raw', '--subdir', 'DAGS_FOLDER/loader_dag.py', '--cfg-path', '/tmp/tmpu8b9waig']
[2024-11-02T16:15:39.419+0000] {standard_task_runner.py:85} INFO - Job 1854: Subtask ingest_customer_dim
[2024-11-02T16:15:39.509+0000] {task_command.py:415} INFO - Running <TaskInstance: dimension_batch_ingestion.ingest_customer_dim manual__2024-11-02T16:15:38.220639+00:00 [running]> on host d7ae6674561a
[2024-11-02T16:15:39.626+0000] {taskinstance.py:1660} INFO - Exporting env vars: AIRFLOW_CTX_DAG_OWNER='minhtranquang' AIRFLOW_CTX_DAG_ID='dimension_batch_ingestion' AIRFLOW_CTX_TASK_ID='ingest_customer_dim' AIRFLOW_CTX_EXECUTION_DATE='2024-11-02T16:15:38.220639+00:00' AIRFLOW_CTX_TRY_NUMBER='1' AIRFLOW_CTX_DAG_RUN_ID='manual__2024-11-02T16:15:38.220639+00:00'
[2024-11-02T16:15:39.628+0000] {subprocess.py:63} INFO - Tmp dir root location: /tmp
[2024-11-02T16:15:39.629+0000] {subprocess.py:75} INFO - Running command: ['/bin/bash', '-c', 'curl -X POST -F file=@/opt/***/customer_dim_large_data.csv -H "Content-Type: multipart/form-data" "http://pinot-controller:9000/ingestFromFile?tableNameWithType=customer_dim_OFFLINE&batchConfigMapStr=%7B%22inputFormat%22%3A%22csv%22%2C%22recordReader.prop.delimiter%22%3A%22%2C%22%7D"']
[2024-11-02T16:15:39.643+0000] {subprocess.py:86} INFO - Output:
[2024-11-02T16:15:39.652+0000] {subprocess.py:93} INFO -   % Total    % Received % Xferd  Average Speed   Time    Time     Time  Current
[2024-11-02T16:15:39.652+0000] {subprocess.py:93} INFO -                                  Dload  Upload   Total   Spent    Left  Speed
[2024-11-02T16:15:39.811+0000] {subprocess.py:93} INFO -   0     0    0     0    0     0      0      0 --:--:-- --:--:-- --:--:--     0100  4214  100   111  100  4103    702  25968 --:--:-- --:--:-- --:--:-- 26670
[2024-11-02T16:15:39.812+0000] {subprocess.py:93} INFO - {"status":"Successfully ingested file into table: customer_dim_OFFLINE as segment: customer_dim_1730564139663"}
[2024-11-02T16:15:39.813+0000] {subprocess.py:97} INFO - Command exited with return code 0
[2024-11-02T16:15:39.865+0000] {taskinstance.py:1398} INFO - Marking task as SUCCESS. dag_id=dimension_batch_ingestion, task_id=ingest_customer_dim, execution_date=20241102T161538, start_date=20241102T161539, end_date=20241102T161539
[2024-11-02T16:15:39.909+0000] {local_task_job_runner.py:228} INFO - Task exited with return code 0
[2024-11-02T16:15:39.954+0000] {taskinstance.py:2776} INFO - 0 downstream tasks scheduled from follow-on schedule check
