[2024-11-02T16:04:25.324+0000] {taskinstance.py:1157} INFO - Dependencies all met for dep_context=non-requeueable deps ti=<TaskInstance: dimension_batch_ingestion.ingest_branch_dim manual__2024-11-02T16:04:24.080999+00:00 [queued]>
[2024-11-02T16:04:25.336+0000] {taskinstance.py:1157} INFO - Dependencies all met for dep_context=requeueable deps ti=<TaskInstance: dimension_batch_ingestion.ingest_branch_dim manual__2024-11-02T16:04:24.080999+00:00 [queued]>
[2024-11-02T16:04:25.336+0000] {taskinstance.py:1359} INFO - Starting attempt 1 of 1
[2024-11-02T16:04:25.355+0000] {taskinstance.py:1380} INFO - Executing <Task(BashOperator): ingest_branch_dim> on 2024-11-02 16:04:24.080999+00:00
[2024-11-02T16:04:25.360+0000] {standard_task_runner.py:57} INFO - Started process 388 to run task
[2024-11-02T16:04:25.364+0000] {standard_task_runner.py:84} INFO - Running: ['***', 'tasks', 'run', 'dimension_batch_ingestion', 'ingest_branch_dim', 'manual__2024-11-02T16:04:24.080999+00:00', '--job-id', '1844', '--raw', '--subdir', 'DAGS_FOLDER/loader_dag.py', '--cfg-path', '/tmp/tmpts8vgyfp']
[2024-11-02T16:04:25.368+0000] {standard_task_runner.py:85} INFO - Job 1844: Subtask ingest_branch_dim
[2024-11-02T16:04:25.422+0000] {task_command.py:415} INFO - Running <TaskInstance: dimension_batch_ingestion.ingest_branch_dim manual__2024-11-02T16:04:24.080999+00:00 [running]> on host d7ae6674561a
[2024-11-02T16:04:25.543+0000] {taskinstance.py:1660} INFO - Exporting env vars: AIRFLOW_CTX_DAG_OWNER='minhtranquang' AIRFLOW_CTX_DAG_ID='dimension_batch_ingestion' AIRFLOW_CTX_TASK_ID='ingest_branch_dim' AIRFLOW_CTX_EXECUTION_DATE='2024-11-02T16:04:24.080999+00:00' AIRFLOW_CTX_TRY_NUMBER='1' AIRFLOW_CTX_DAG_RUN_ID='manual__2024-11-02T16:04:24.080999+00:00'
[2024-11-02T16:04:25.546+0000] {subprocess.py:63} INFO - Tmp dir root location: /tmp
[2024-11-02T16:04:25.549+0000] {subprocess.py:75} INFO - Running command: ['/bin/bash', '-c', 'curl -X POST -F file=@/opt/***/branch_dim_large_data.csv -H "Content-Type: multipart/form-data" "http://pinot-controller:9000/ingestFromFile?tableNameWithType=branch_dim_OFFLINE&batchConfigMapStr=%7B%22inputFormat%22%3A%22csv%22%2C%22recordReader.prop.delimiter%22%3A%22%2C%22%7D"']
[2024-11-02T16:04:25.562+0000] {subprocess.py:86} INFO - Output:
[2024-11-02T16:04:25.571+0000] {subprocess.py:93} INFO -   % Total    % Received % Xferd  Average Speed   Time    Time     Time  Current
[2024-11-02T16:04:25.572+0000] {subprocess.py:93} INFO -                                  Dload  Upload   Total   Spent    Left  Speed
[2024-11-02T16:04:26.423+0000] {subprocess.py:93} INFO -   0     0    0     0    0     0      0      0 --:--:-- --:--:-- --:--:--     0100  4254  100   107  100  4147    125   4873 --:--:-- --:--:-- --:--:--  5004
[2024-11-02T16:04:26.425+0000] {subprocess.py:93} INFO - {"status":"Successfully ingested file into table: branch_dim_OFFLINE as segment: branch_dim_1730563465600"}
[2024-11-02T16:04:26.426+0000] {subprocess.py:97} INFO - Command exited with return code 0
[2024-11-02T16:04:26.492+0000] {taskinstance.py:1398} INFO - Marking task as SUCCESS. dag_id=dimension_batch_ingestion, task_id=ingest_branch_dim, execution_date=20241102T160424, start_date=20241102T160425, end_date=20241102T160426
[2024-11-02T16:04:26.542+0000] {local_task_job_runner.py:228} INFO - Task exited with return code 0
[2024-11-02T16:04:26.597+0000] {taskinstance.py:2776} INFO - 0 downstream tasks scheduled from follow-on schedule check
