[2024-11-02T16:15:39.353+0000] {taskinstance.py:1157} INFO - Dependencies all met for dep_context=non-requeueable deps ti=<TaskInstance: dimension_batch_ingestion.ingest_account_dim manual__2024-11-02T16:15:38.220639+00:00 [queued]>
[2024-11-02T16:15:39.364+0000] {taskinstance.py:1157} INFO - Dependencies all met for dep_context=requeueable deps ti=<TaskInstance: dimension_batch_ingestion.ingest_account_dim manual__2024-11-02T16:15:38.220639+00:00 [queued]>
[2024-11-02T16:15:39.365+0000] {taskinstance.py:1359} INFO - Starting attempt 1 of 1
[2024-11-02T16:15:39.383+0000] {taskinstance.py:1380} INFO - Executing <Task(BashOperator): ingest_account_dim> on 2024-11-02 16:15:38.220639+00:00
[2024-11-02T16:15:39.392+0000] {standard_task_runner.py:57} INFO - Started process 1426 to run task
[2024-11-02T16:15:39.402+0000] {standard_task_runner.py:84} INFO - Running: ['***', 'tasks', 'run', 'dimension_batch_ingestion', 'ingest_account_dim', 'manual__2024-11-02T16:15:38.220639+00:00', '--job-id', '1855', '--raw', '--subdir', 'DAGS_FOLDER/loader_dag.py', '--cfg-path', '/tmp/tmph81a40pr']
[2024-11-02T16:15:39.406+0000] {standard_task_runner.py:85} INFO - Job 1855: Subtask ingest_account_dim
[2024-11-02T16:15:39.503+0000] {task_command.py:415} INFO - Running <TaskInstance: dimension_batch_ingestion.ingest_account_dim manual__2024-11-02T16:15:38.220639+00:00 [running]> on host d7ae6674561a
[2024-11-02T16:15:39.622+0000] {taskinstance.py:1660} INFO - Exporting env vars: AIRFLOW_CTX_DAG_OWNER='minhtranquang' AIRFLOW_CTX_DAG_ID='dimension_batch_ingestion' AIRFLOW_CTX_TASK_ID='ingest_account_dim' AIRFLOW_CTX_EXECUTION_DATE='2024-11-02T16:15:38.220639+00:00' AIRFLOW_CTX_TRY_NUMBER='1' AIRFLOW_CTX_DAG_RUN_ID='manual__2024-11-02T16:15:38.220639+00:00'
[2024-11-02T16:15:39.626+0000] {subprocess.py:63} INFO - Tmp dir root location: /tmp
[2024-11-02T16:15:39.627+0000] {subprocess.py:75} INFO - Running command: ['/bin/bash', '-c', 'curl -X POST -F file=@/opt/***/account_dim_large_data.csv -H "Content-Type: multipart/form-data" "http://pinot-controller:9000/ingestFromFile?tableNameWithType=account_dim_OFFLINE&batchConfigMapStr=%7B%22inputFormat%22%3A%22csv%22%2C%22recordReader.prop.delimiter%22%3A%22%2C%22%7D"']
[2024-11-02T16:15:39.641+0000] {subprocess.py:86} INFO - Output:
[2024-11-02T16:15:39.650+0000] {subprocess.py:93} INFO -   % Total    % Received % Xferd  Average Speed   Time    Time     Time  Current
[2024-11-02T16:15:39.651+0000] {subprocess.py:93} INFO -                                  Dload  Upload   Total   Spent    Left  Speed
[2024-11-02T16:15:39.814+0000] {subprocess.py:93} INFO -   0     0    0     0    0     0      0      0 --:--:-- --:--:-- --:--:--     0100  2990  100   109  100  2881    668  17674 --:--:-- --:--:-- --:--:-- 18343
[2024-11-02T16:15:39.816+0000] {subprocess.py:93} INFO - {"status":"Successfully ingested file into table: account_dim_OFFLINE as segment: account_dim_1730564139663"}
[2024-11-02T16:15:39.818+0000] {subprocess.py:97} INFO - Command exited with return code 0
[2024-11-02T16:15:39.870+0000] {taskinstance.py:1398} INFO - Marking task as SUCCESS. dag_id=dimension_batch_ingestion, task_id=ingest_account_dim, execution_date=20241102T161538, start_date=20241102T161539, end_date=20241102T161539
[2024-11-02T16:15:39.937+0000] {local_task_job_runner.py:228} INFO - Task exited with return code 0
[2024-11-02T16:15:39.998+0000] {taskinstance.py:2776} INFO - 0 downstream tasks scheduled from follow-on schedule check
