[2024-11-02T15:10:43.603+0000] {taskinstance.py:1157} INFO - Dependencies all met for dep_context=non-requeueable deps ti=<TaskInstance: dimension_batch_ingestion.ingest_customer_dim manual__2024-11-02T15:10:42.311661+00:00 [queued]>
[2024-11-02T15:10:43.616+0000] {taskinstance.py:1157} INFO - Dependencies all met for dep_context=requeueable deps ti=<TaskInstance: dimension_batch_ingestion.ingest_customer_dim manual__2024-11-02T15:10:42.311661+00:00 [queued]>
[2024-11-02T15:10:43.617+0000] {taskinstance.py:1359} INFO - Starting attempt 1 of 1
[2024-11-02T15:10:43.657+0000] {taskinstance.py:1380} INFO - Executing <Task(BashOperator): ingest_customer_dim> on 2024-11-02 15:10:42.311661+00:00
[2024-11-02T15:10:43.665+0000] {standard_task_runner.py:57} INFO - Started process 6652 to run task
[2024-11-02T15:10:43.669+0000] {standard_task_runner.py:84} INFO - Running: ['***', 'tasks', 'run', 'dimension_batch_ingestion', 'ingest_customer_dim', 'manual__2024-11-02T15:10:42.311661+00:00', '--job-id', '1833', '--raw', '--subdir', 'DAGS_FOLDER/loader_dag.py', '--cfg-path', '/tmp/tmp3qpchgkw']
[2024-11-02T15:10:43.676+0000] {standard_task_runner.py:85} INFO - Job 1833: Subtask ingest_customer_dim
[2024-11-02T15:10:43.747+0000] {task_command.py:415} INFO - Running <TaskInstance: dimension_batch_ingestion.ingest_customer_dim manual__2024-11-02T15:10:42.311661+00:00 [running]> on host 5e812a6a7c02
[2024-11-02T15:10:43.868+0000] {taskinstance.py:1660} INFO - Exporting env vars: AIRFLOW_CTX_DAG_OWNER='minhtranquang' AIRFLOW_CTX_DAG_ID='dimension_batch_ingestion' AIRFLOW_CTX_TASK_ID='ingest_customer_dim' AIRFLOW_CTX_EXECUTION_DATE='2024-11-02T15:10:42.311661+00:00' AIRFLOW_CTX_TRY_NUMBER='1' AIRFLOW_CTX_DAG_RUN_ID='manual__2024-11-02T15:10:42.311661+00:00'
[2024-11-02T15:10:43.869+0000] {subprocess.py:63} INFO - Tmp dir root location: /tmp
[2024-11-02T15:10:43.871+0000] {subprocess.py:75} INFO - Running command: ['/bin/bash', '-c', 'curl -X POST -F file=@/opt/***/customer_dim_large_data.csv -H "Content-Type: multipart/form-data" "http://pinot-controller:9000/ingestFromFile?tableNameWithType=customer_dim_OFFLINE&batchConfigMapStr=%7B%22inputFormat%22%3A%22csv%22%2C%22recordReader.prop.delimiter%22%3A%22%2C%22%7D"']
[2024-11-02T15:10:43.884+0000] {subprocess.py:86} INFO - Output:
[2024-11-02T15:10:43.901+0000] {subprocess.py:93} INFO -   % Total    % Received % Xferd  Average Speed   Time    Time     Time  Current
[2024-11-02T15:10:43.902+0000] {subprocess.py:93} INFO -                                  Dload  Upload   Total   Spent    Left  Speed
[2024-11-02T15:10:44.091+0000] {subprocess.py:93} INFO -   0     0    0     0    0     0      0      0 --:--:-- --:--:-- --:--:--     0100  4182  100   111  100  4071    584  21426 --:--:-- --:--:-- --:--:-- 22010
[2024-11-02T15:10:44.092+0000] {subprocess.py:93} INFO - {"status":"Successfully ingested file into table: customer_dim_OFFLINE as segment: customer_dim_1730560243914"}
[2024-11-02T15:10:44.093+0000] {subprocess.py:97} INFO - Command exited with return code 0
[2024-11-02T15:10:44.146+0000] {taskinstance.py:1398} INFO - Marking task as SUCCESS. dag_id=dimension_batch_ingestion, task_id=ingest_customer_dim, execution_date=20241102T151042, start_date=20241102T151043, end_date=20241102T151044
[2024-11-02T15:10:44.204+0000] {local_task_job_runner.py:228} INFO - Task exited with return code 0
[2024-11-02T15:10:44.239+0000] {taskinstance.py:2776} INFO - 0 downstream tasks scheduled from follow-on schedule check
