[2024-11-02T14:53:37.794+0000] {taskinstance.py:1157} INFO - Dependencies all met for dep_context=non-requeueable deps ti=<TaskInstance: dimension_batch_ingestion.ingest_customer_dim manual__2024-11-02T14:53:36.223079+00:00 [queued]>
[2024-11-02T14:53:37.806+0000] {taskinstance.py:1157} INFO - Dependencies all met for dep_context=requeueable deps ti=<TaskInstance: dimension_batch_ingestion.ingest_customer_dim manual__2024-11-02T14:53:36.223079+00:00 [queued]>
[2024-11-02T14:53:37.806+0000] {taskinstance.py:1359} INFO - Starting attempt 1 of 1
[2024-11-02T14:53:37.828+0000] {taskinstance.py:1380} INFO - Executing <Task(BashOperator): ingest_customer_dim> on 2024-11-02 14:53:36.223079+00:00
[2024-11-02T14:53:37.835+0000] {standard_task_runner.py:57} INFO - Started process 4957 to run task
[2024-11-02T14:53:37.843+0000] {standard_task_runner.py:84} INFO - Running: ['***', 'tasks', 'run', 'dimension_batch_ingestion', 'ingest_customer_dim', 'manual__2024-11-02T14:53:36.223079+00:00', '--job-id', '1806', '--raw', '--subdir', 'DAGS_FOLDER/loader_dag.py', '--cfg-path', '/tmp/tmpw8w5r_ad']
[2024-11-02T14:53:37.851+0000] {standard_task_runner.py:85} INFO - Job 1806: Subtask ingest_customer_dim
[2024-11-02T14:53:37.938+0000] {task_command.py:415} INFO - Running <TaskInstance: dimension_batch_ingestion.ingest_customer_dim manual__2024-11-02T14:53:36.223079+00:00 [running]> on host 5e812a6a7c02
[2024-11-02T14:53:38.053+0000] {taskinstance.py:1660} INFO - Exporting env vars: AIRFLOW_CTX_DAG_OWNER='minhtranquang' AIRFLOW_CTX_DAG_ID='dimension_batch_ingestion' AIRFLOW_CTX_TASK_ID='ingest_customer_dim' AIRFLOW_CTX_EXECUTION_DATE='2024-11-02T14:53:36.223079+00:00' AIRFLOW_CTX_TRY_NUMBER='1' AIRFLOW_CTX_DAG_RUN_ID='manual__2024-11-02T14:53:36.223079+00:00'
[2024-11-02T14:53:38.056+0000] {subprocess.py:63} INFO - Tmp dir root location: /tmp
[2024-11-02T14:53:38.057+0000] {subprocess.py:75} INFO - Running command: ['/bin/bash', '-c', 'curl -X POST -F file=@/opt/***/customer_dim_large_data.csv -H "Content-Type: multipart/form-data" "http://pinot-controller:9000/ingestFromFile?tableNameWithType=customer_dim_OFFLINE&batchConfigMapStr=%7B%22inputFormat%22%3A%22csv%22%2C%22recordReader.prop.delimiter%22%3A%22%7C%22%7D"']
[2024-11-02T14:53:38.074+0000] {subprocess.py:86} INFO - Output:
[2024-11-02T14:53:38.094+0000] {subprocess.py:93} INFO -   % Total    % Received % Xferd  Average Speed   Time    Time     Time  Current
[2024-11-02T14:53:38.095+0000] {subprocess.py:93} INFO -                                  Dload  Upload   Total   Spent    Left  Speed
[2024-11-02T14:53:39.067+0000] {subprocess.py:93} INFO -   0     0    0     0    0     0      0      0 --:--:-- --:--:-- --:--:--     0100  4182  100   111  100  4071    114   4192 --:--:-- --:--:-- --:--:--  4302100  4182  100   111  100  4071    114   4192 --:--:-- --:--:-- --:--:--  4302
[2024-11-02T14:53:39.069+0000] {subprocess.py:93} INFO - {"status":"Successfully ingested file into table: customer_dim_OFFLINE as segment: customer_dim_1730559218130"}
[2024-11-02T14:53:39.070+0000] {subprocess.py:97} INFO - Command exited with return code 0
[2024-11-02T14:53:39.127+0000] {taskinstance.py:1398} INFO - Marking task as SUCCESS. dag_id=dimension_batch_ingestion, task_id=ingest_customer_dim, execution_date=20241102T145336, start_date=20241102T145337, end_date=20241102T145339
[2024-11-02T14:53:39.183+0000] {local_task_job_runner.py:228} INFO - Task exited with return code 0
[2024-11-02T14:53:39.223+0000] {taskinstance.py:2776} INFO - 0 downstream tasks scheduled from follow-on schedule check
